Log file open, 11/21/19 20:40:56
LogWindows: Failed to load 'aqProf.dll' (GetLastError=126)
LogWindows: File 'aqProf.dll' does not exist
LogWindows: Failed to load 'VtuneApi.dll' (GetLastError=126)
LogWindows: File 'VtuneApi.dll' does not exist
LogWindows: Failed to load 'VtuneApi32e.dll' (GetLastError=126)
LogWindows: File 'VtuneApi32e.dll' does not exist
LogConsoleResponse: Display: Failed to find resolution value strings in scalability ini. Falling back to default.
LogInit: Display: Running engine for game: LostInSpace
LogPlatformFile: Not using cached read wrapper
LogTaskGraph: Started task graph with 5 named threads and 23 total threads with 3 sets of task threads.
LogStats: Stats thread started at 0.057917
LogD3D11RHI: Loaded GFSDK_Aftermath_Lib.x64.dll
LogICUInternationalization: ICU TimeZone Detection - Raw Offset: -8:00, Platform Override: ''
LogPluginManager: Mounting plugin Paper2D
LogPluginManager: Mounting plugin AISupport
LogPluginManager: Mounting plugin LightPropagationVolume
LogPluginManager: Mounting plugin ActorLayerUtilities
LogPluginManager: Mounting plugin AnimationSharing
LogPluginManager: Mounting plugin CLionSourceCodeAccess
LogPluginManager: Mounting plugin CodeLiteSourceCodeAccess
LogPluginManager: Mounting plugin GitSourceControl
LogPluginManager: Mounting plugin KDevelopSourceCodeAccess
LogPluginManager: Mounting plugin NullSourceCodeAccess
LogPluginManager: Mounting plugin PerforceSourceControl
LogPluginManager: Mounting plugin PlasticSourceControl
LogPluginManager: Mounting plugin SubversionSourceControl
LogPluginManager: Mounting plugin UObjectPlugin
LogPluginManager: Mounting plugin VisualStudioCodeSourceCodeAccess
LogPluginManager: Mounting plugin VisualStudioSourceCodeAccess
LogPluginManager: Mounting plugin XCodeSourceCodeAccess
LogPluginManager: Mounting plugin AssetManagerEditor
LogPluginManager: Mounting plugin CryptoKeys
LogPluginManager: Mounting plugin CurveEditorTools
LogPluginManager: Mounting plugin DataValidation
LogPluginManager: Mounting plugin FacialAnimation
LogPluginManager: Mounting plugin GameplayTagsEditor
LogPluginManager: Mounting plugin MacGraphicsSwitching
LogPluginManager: Mounting plugin MaterialAnalyzer
LogPluginManager: Mounting plugin MobileLauncherProfileWizard
LogPluginManager: Mounting plugin PluginBrowser
LogPluginManager: Mounting plugin SpeedTreeImporter
LogPluginManager: Mounting plugin DatasmithContent
LogPluginManager: Mounting plugin VariantManagerContent
LogPluginManager: Mounting plugin AlembicImporter
LogPluginManager: Mounting plugin AutomationUtils
LogPluginManager: Mounting plugin BackChannel
LogPluginManager: Mounting plugin CharacterAI
LogPluginManager: Mounting plugin GeometryCache
LogPluginManager: Mounting plugin PlatformCrypto
LogPluginManager: Mounting plugin ProxyLODPlugin
LogPluginManager: Mounting plugin SkeletalReduction
LogPluginManager: Mounting plugin MagicLeap
LogPluginManager: Mounting plugin MagicLeapMedia
LogPluginManager: Mounting plugin MLSDK
LogPluginManager: Mounting plugin AndroidMedia
LogPluginManager: Mounting plugin AvfMedia
LogPluginManager: Mounting plugin ImgMedia
LogPluginManager: Mounting plugin MediaCompositing
LogPluginManager: Mounting plugin MediaPlayerEditor
LogPluginManager: Mounting plugin WebMMedia
LogPluginManager: Mounting plugin WmfMedia
LogPluginManager: Mounting plugin TcpMessaging
LogPluginManager: Mounting plugin UdpMessaging
LogPluginManager: Mounting plugin ActorSequence
LogPluginManager: Mounting plugin LevelSequenceEditor
LogPluginManager: Mounting plugin MatineeToLevelSequence
LogPluginManager: Mounting plugin NetcodeUnitTest
LogPluginManager: Mounting plugin NUTUnrealEngine4
LogPluginManager: Mounting plugin OnlineSubsystemGooglePlay
LogPluginManager: Mounting plugin OnlineSubsystemIOS
LogPluginManager: Mounting plugin OnlineSubsystem
LogPluginManager: Mounting plugin OnlineSubsystemNull
LogPluginManager: Mounting plugin OnlineSubsystemUtils
LogPluginManager: Mounting plugin LauncherChunkInstaller
LogPluginManager: Mounting plugin AndroidDeviceProfileSelector
LogPluginManager: Mounting plugin AndroidMoviePlayer
LogPluginManager: Mounting plugin AndroidPermission
LogPluginManager: Mounting plugin AppleImageUtils
LogPluginManager: Mounting plugin AppleMoviePlayer
LogPluginManager: Mounting plugin ArchVisCharacter
LogPluginManager: Mounting plugin AssetTags
LogPluginManager: Mounting plugin AudioCapture
LogPluginManager: Mounting plugin CableComponent
LogPluginManager: Mounting plugin CustomMeshComponent
LogPluginManager: Mounting plugin EditableMesh
LogPluginManager: Mounting plugin ExampleDeviceProfileSelector
LogPluginManager: Mounting plugin GoogleCloudMessaging
LogPluginManager: Mounting plugin IOSDeviceProfileSelector
LogPluginManager: Mounting plugin LinuxDeviceProfileSelector
LogPluginManager: Mounting plugin LocationServicesBPLibrary
LogPluginManager: Mounting plugin MobilePatchingUtils
LogPluginManager: Mounting plugin OculusVR
LogPluginManager: Mounting plugin PhysXVehicles
LogPluginManager: Mounting plugin PostSplashScreen
LogPluginManager: Mounting plugin ProceduralMeshComponent
LogPluginManager: Mounting plugin RuntimePhysXCooking
LogPluginManager: Mounting plugin SignificanceManager
LogPluginManager: Mounting plugin SteamVR
LogPluginManager: Mounting plugin WebMMoviePlayer
LogPluginManager: Mounting plugin WindowsMoviePlayer
LogPluginManager: Mounting plugin ScreenshotTools
LogInit: Using libcurl 7.55.1-DEV
LogInit:  - built for x86_64-pc-win32
LogInit:  - supports SSL with OpenSSL/1.1.1
LogInit:  - supports HTTP deflate (compression) using libz 1.2.8
LogInit:  - other features:
LogInit:      CURL_VERSION_SSL
LogInit:      CURL_VERSION_LIBZ
LogInit:      CURL_VERSION_IPV6
LogInit:      CURL_VERSION_ASYNCHDNS
LogInit:      CURL_VERSION_LARGEFILE
LogInit:      CURL_VERSION_IDN
LogInit:  CurlRequestOptions (configurable via config and command line):
LogInit:  - bVerifyPeer = true  - Libcurl will verify peer certificate
LogInit:  - bUseHttpProxy = false  - Libcurl will NOT use HTTP proxy
LogInit:  - bDontReuseConnections = false  - Libcurl will reuse connections
LogInit:  - MaxHostConnections = 16  - Libcurl will limit the number of connections to a host
LogInit:  - LocalHostAddr = Default
LogInit:  - BufferSize = 65536
LogOnline: OSS: Creating online subsystem instance for: NULL
LogInit: WinSock: version 1.1 (2.2), MaxSocks=32767, MaxUdp=65467
LogOnline: OSS: TryLoadSubsystemAndSetDefault: Loaded subsystem for module [NULL]
LogInit: Build: ++UE4+Release-4.24-CL-10283392
LogInit: Engine Version: 4.24.0-10283392+++UE4+Release-4.24
LogInit: Compatible Engine Version: 4.24.0-10283392+++UE4+Release-4.24
LogInit: Net CL: 10283392
LogInit: OS: Windows 10 (Release 1903) (), CPU: Intel(R) Core(TM) i7-7700K CPU @ 4.20GHz, GPU: NVIDIA GeForce GTX 1070
LogInit: Compiled (64-bit): Nov 18 2019 02:04:25
LogInit: Compiled with Visual C++: 19.16.27032.01
LogInit: Build Configuration: Development
LogInit: Branch Name: ++UE4+Release-4.24
LogInit: Command Line: 
LogInit: Base Directory: E:/Unreal Engine/UE_4.24/Engine/Binaries/Win64/
LogInit: Installed Engine Build: 1
LogDevObjectVersion: Number of dev versions registered: 25
LogDevObjectVersion:   Dev-Blueprints (B0D832E4-1F89-4F0D-ACCF-7EB736FD4AA2): 10
LogDevObjectVersion:   Dev-Build (E1C64328-A22C-4D53-A36C-8E866417BD8C): 0
LogDevObjectVersion:   Dev-Core (375EC13C-06E4-48FB-B500-84F0262A717E): 3
LogDevObjectVersion:   Dev-Editor (E4B068ED-F494-42E9-A231-DA0B2E46BB41): 37
LogDevObjectVersion:   Dev-Framework (CFFC743F-43B0-4480-9391-14DF171D2073): 36
LogDevObjectVersion:   Dev-Mobile (B02B49B5-BB20-44E9-A304-32B752E40360): 2
LogDevObjectVersion:   Dev-Networking (A4E4105C-59A1-49B5-A7C5-40C4547EDFEE): 0
LogDevObjectVersion:   Dev-Online (39C831C9-5AE6-47DC-9A44-9C173E1C8E7C): 0
LogDevObjectVersion:   Dev-Physics (78F01B33-EBEA-4F98-B9B4-84EACCB95AA2): 2
LogDevObjectVersion:   Dev-Platform (6631380F-2D4D-43E0-8009-CF276956A95A): 0
LogDevObjectVersion:   Dev-Rendering (12F88B9F-8875-4AFC-A67C-D90C383ABD29): 36
LogDevObjectVersion:   Dev-Sequencer (7B5AE74C-D270-4C10-A958-57980B212A5A): 11
LogDevObjectVersion:   Dev-VR (D7296918-1DD6-4BDD-9DE2-64A83CC13884): 2
LogDevObjectVersion:   Dev-LoadTimes (C2A15278-BFE7-4AFE-6C17-90FF531DF755): 1
LogDevObjectVersion:   Private-Geometry (6EACA3D4-40EC-4CC1-B786-8BED09428FC5): 3
LogDevObjectVersion:   Dev-AnimPhys (29E575DD-E0A3-4627-9D10-D276232CDCEA): 17
LogDevObjectVersion:   Dev-Anim (AF43A65D-7FD3-4947-9873-3E8ED9C1BB05): 2
LogDevObjectVersion:   Dev-ReflectionCapture (6B266CEC-1EC7-4B8F-A30B-E4D90942FC07): 1
LogDevObjectVersion:   Dev-Automation (0DF73D61-A23F-47EA-B727-89E90C41499A): 1
LogDevObjectVersion:   FortniteMain (601D1886-AC64-4F84-AA16-D3DE0DEAC7D6): 31
LogDevObjectVersion:   Dev-Enterprise (9DFFBCD6-494F-0158-E221-12823C92A888): 8
LogDevObjectVersion:   Dev-Niagara (F2AED0AC-9AFE-416F-8664-AA7FFA26D6FC): 1
LogDevObjectVersion:   Dev-Destruction (174F1F0B-B4C6-45A5-B13F-2EE8D0FB917D): 9
LogDevObjectVersion:   Dev-Physics-Ext (35F94A83-E258-406C-A318-09F59610247C): 8
LogDevObjectVersion:   Dev-CineCamera (B2E18506-4273-CFC2-A54E-F4BB758BBA07): 1
LogInit: Presizing for max 25165824 objects, including 0 objects not considered by GC, pre-allocating 0 bytes for permanent pool.
LogInit: Object subsystem initialized
LogConfig: Setting CVar [[con.DebugEarlyDefault:1]]
LogConfig: Setting CVar [[r.setres:1280x720]]
[2019.11.22-04.40.56:437][  0]LogConfig: Setting CVar [[r.VSync:0]]
[2019.11.22-04.40.56:437][  0]LogConfig: Setting CVar [[r.RHICmdBypass:0]]
[2019.11.22-04.40.56:437][  0]LogConfig: Applying CVar settings from Section [/Script/Engine.RendererSettings] File [E:/Unreal Engine/Projects/LostInSpace/LostInSpace/Saved/Config/Windows/Engine.ini]
[2019.11.22-04.40.56:437][  0]LogConfig: Setting CVar [[r.GPUCrashDebugging:0]]
[2019.11.22-04.40.56:437][  0]LogConfig: Applying CVar settings from Section [/Script/Engine.RendererOverrideSettings] File [E:/Unreal Engine/Projects/LostInSpace/LostInSpace/Saved/Config/Windows/Engine.ini]
[2019.11.22-04.40.56:437][  0]LogConfig: Applying CVar settings from Section [/Script/Engine.StreamingSettings] File [E:/Unreal Engine/Projects/LostInSpace/LostInSpace/Saved/Config/Windows/Engine.ini]
[2019.11.22-04.40.56:437][  0]LogConfig: Setting CVar [[s.MinBulkDataSizeForAsyncLoading:131072]]
[2019.11.22-04.40.56:437][  0]LogConfig: Setting CVar [[s.AsyncLoadingThreadEnabled:0]]
[2019.11.22-04.40.56:437][  0]LogConfig: Setting CVar [[s.EventDrivenLoaderEnabled:1]]
[2019.11.22-04.40.56:437][  0]LogConfig: Setting CVar [[s.WarnIfTimeLimitExceeded:0]]
[2019.11.22-04.40.56:437][  0]LogConfig: Setting CVar [[s.TimeLimitExceededMultiplier:1.5]]
[2019.11.22-04.40.56:437][  0]LogConfig: Setting CVar [[s.TimeLimitExceededMinTime:0.005]]
[2019.11.22-04.40.56:437][  0]LogConfig: Setting CVar [[s.UseBackgroundLevelStreaming:1]]
[2019.11.22-04.40.56:437][  0]LogConfig: Setting CVar [[s.PriorityAsyncLoadingExtraTime:15.0]]
[2019.11.22-04.40.56:437][  0]LogConfig: Setting CVar [[s.LevelStreamingActorsUpdateTimeLimit:5.0]]
[2019.11.22-04.40.56:437][  0]LogConfig: Setting CVar [[s.PriorityLevelStreamingActorsUpdateExtraTime:5.0]]
[2019.11.22-04.40.56:437][  0]LogConfig: Setting CVar [[s.LevelStreamingComponentsRegistrationGranularity:10]]
[2019.11.22-04.40.56:437][  0]LogConfig: Setting CVar [[s.UnregisterComponentsTimeLimit:1.0]]
[2019.11.22-04.40.56:437][  0]LogConfig: Setting CVar [[s.LevelStreamingComponentsUnregistrationGranularity:5]]
[2019.11.22-04.40.56:437][  0]LogConfig: Setting CVar [[s.FlushStreamingOnExit:1]]
[2019.11.22-04.40.56:437][  0]LogConfig: Applying CVar settings from Section [/Script/Engine.GarbageCollectionSettings] File [E:/Unreal Engine/Projects/LostInSpace/LostInSpace/Saved/Config/Windows/Engine.ini]
[2019.11.22-04.40.56:437][  0]LogConfig: Setting CVar [[gc.MaxObjectsNotConsideredByGC:1]]
[2019.11.22-04.40.56:437][  0]LogConfig: Setting CVar [[gc.SizeOfPermanentObjectPool:0]]
[2019.11.22-04.40.56:437][  0]LogConfig: Setting CVar [[gc.FlushStreamingOnGC:0]]
[2019.11.22-04.40.56:437][  0]LogConfig: Setting CVar [[gc.NumRetriesBeforeForcingGC:10]]
[2019.11.22-04.40.56:437][  0]LogConfig: Setting CVar [[gc.AllowParallelGC:1]]
[2019.11.22-04.40.56:437][  0]LogConfig: Setting CVar [[gc.TimeBetweenPurgingPendingKillObjects:61.1]]
[2019.11.22-04.40.56:437][  0]LogConfig: Setting CVar [[gc.MaxObjectsInEditor:25165824]]
[2019.11.22-04.40.56:437][  0]LogConfig: Setting CVar [[gc.IncrementalBeginDestroyEnabled:1]]
[2019.11.22-04.40.56:437][  0]LogConfig: Setting CVar [[gc.CreateGCClusters:1]]
[2019.11.22-04.40.56:437][  0]LogConfig: Setting CVar [[gc.MinGCClusterSize:5]]
[2019.11.22-04.40.56:437][  0]LogConfig: Setting CVar [[gc.ActorClusteringEnabled:0]]
[2019.11.22-04.40.56:437][  0]LogConfig: Setting CVar [[gc.BlueprintClusteringEnabled:0]]
[2019.11.22-04.40.56:437][  0]LogConfig: Setting CVar [[gc.UseDisregardForGCOnDedicatedServers:0]]
[2019.11.22-04.40.56:437][  0]LogConfig: Applying CVar settings from Section [/Script/Engine.NetworkSettings] File [E:/Unreal Engine/Projects/LostInSpace/LostInSpace/Saved/Config/Windows/Engine.ini]
[2019.11.22-04.40.56:438][  0]LogConfig: Applying CVar settings from Section [/Script/UnrealEd.CookerSettings] File [E:/Unreal Engine/Projects/LostInSpace/LostInSpace/Saved/Config/Windows/Engine.ini]
[2019.11.22-04.40.56:442][  0]LogConfig: Applying CVar settings from Section [ViewDistanceQuality@3] File [E:/Unreal Engine/Projects/LostInSpace/LostInSpace/Saved/Config/Windows/Scalability.ini]
[2019.11.22-04.40.56:442][  0]LogConfig: Setting CVar [[r.SkeletalMeshLODBias:0]]
[2019.11.22-04.40.56:442][  0]LogConfig: Setting CVar [[r.ViewDistanceScale:1.0]]
[2019.11.22-04.40.56:442][  0]LogConfig: Applying CVar settings from Section [AntiAliasingQuality@3] File [E:/Unreal Engine/Projects/LostInSpace/LostInSpace/Saved/Config/Windows/Scalability.ini]
[2019.11.22-04.40.56:442][  0]LogConfig: Setting CVar [[r.PostProcessAAQuality:4]]
[2019.11.22-04.40.56:442][  0]LogConfig: Applying CVar settings from Section [ShadowQuality@3] File [E:/Unreal Engine/Projects/LostInSpace/LostInSpace/Saved/Config/Windows/Scalability.ini]
[2019.11.22-04.40.56:442][  0]LogConfig: Setting CVar [[r.LightFunctionQuality:1]]
[2019.11.22-04.40.56:442][  0]LogConfig: Setting CVar [[r.ShadowQuality:5]]
[2019.11.22-04.40.56:442][  0]LogConfig: Setting CVar [[r.Shadow.CSM.MaxCascades:10]]
[2019.11.22-04.40.56:442][  0]LogConfig: Setting CVar [[r.Shadow.MaxResolution:2048]]
[2019.11.22-04.40.56:442][  0]LogConfig: Setting CVar [[r.Shadow.MaxCSMResolution:2048]]
[2019.11.22-04.40.56:442][  0]LogConfig: Setting CVar [[r.Shadow.RadiusThreshold:0.01]]
[2019.11.22-04.40.56:442][  0]LogConfig: Setting CVar [[r.Shadow.DistanceScale:1.0]]
[2019.11.22-04.40.56:442][  0]LogConfig: Setting CVar [[r.Shadow.CSM.TransitionScale:1.0]]
[2019.11.22-04.40.56:442][  0]LogConfig: Setting CVar [[r.Shadow.PreShadowResolutionFactor:1.0]]
[2019.11.22-04.40.56:442][  0]LogConfig: Setting CVar [[r.DistanceFieldShadowing:1]]
[2019.11.22-04.40.56:442][  0]LogConfig: Setting CVar [[r.DistanceFieldAO:1]]
[2019.11.22-04.40.56:442][  0]LogConfig: Setting CVar [[r.AOQuality:2]]
[2019.11.22-04.40.56:442][  0]LogConfig: Setting CVar [[r.VolumetricFog:1]]
[2019.11.22-04.40.56:442][  0]LogConfig: Setting CVar [[r.VolumetricFog.GridPixelSize:8]]
[2019.11.22-04.40.56:442][  0]LogConfig: Setting CVar [[r.VolumetricFog.GridSizeZ:128]]
[2019.11.22-04.40.56:442][  0]LogConfig: Setting CVar [[r.VolumetricFog.HistoryMissSupersampleCount:4]]
[2019.11.22-04.40.56:442][  0]LogConfig: Setting CVar [[r.LightMaxDrawDistanceScale:1]]
[2019.11.22-04.40.56:442][  0]LogConfig: Setting CVar [[r.CapsuleShadows:1]]
[2019.11.22-04.40.56:442][  0]LogConfig: Applying CVar settings from Section [PostProcessQuality@3] File [E:/Unreal Engine/Projects/LostInSpace/LostInSpace/Saved/Config/Windows/Scalability.ini]
[2019.11.22-04.40.56:442][  0]LogConfig: Setting CVar [[r.MotionBlurQuality:4]]
[2019.11.22-04.40.56:442][  0]LogConfig: Setting CVar [[r.AmbientOcclusionMipLevelFactor:0.4]]
[2019.11.22-04.40.56:442][  0]LogConfig: Setting CVar [[r.AmbientOcclusionMaxQuality:100]]
[2019.11.22-04.40.56:442][  0]LogConfig: Setting CVar [[r.AmbientOcclusionLevels:-1]]
[2019.11.22-04.40.56:442][  0]LogConfig: Setting CVar [[r.AmbientOcclusionRadiusScale:1.0]]
[2019.11.22-04.40.56:442][  0]LogConfig: Setting CVar [[r.DepthOfFieldQuality:2]]
[2019.11.22-04.40.56:442][  0]LogConfig: Setting CVar [[r.RenderTargetPoolMin:400]]
[2019.11.22-04.40.56:442][  0]LogConfig: Setting CVar [[r.LensFlareQuality:2]]
[2019.11.22-04.40.56:442][  0]LogConfig: Setting CVar [[r.SceneColorFringeQuality:1]]
[2019.11.22-04.40.56:442][  0]LogConfig: Setting CVar [[r.EyeAdaptationQuality:2]]
[2019.11.22-04.40.56:442][  0]LogConfig: Setting CVar [[r.BloomQuality:5]]
[2019.11.22-04.40.56:442][  0]LogConfig: Setting CVar [[r.FastBlurThreshold:100]]
[2019.11.22-04.40.56:442][  0]LogConfig: Setting CVar [[r.Upscale.Quality:3]]
[2019.11.22-04.40.56:442][  0]LogConfig: Setting CVar [[r.Tonemapper.GrainQuantization:1]]
[2019.11.22-04.40.56:442][  0]LogConfig: Setting CVar [[r.LightShaftQuality:1]]
[2019.11.22-04.40.56:442][  0]LogConfig: Setting CVar [[r.Filter.SizeScale:1]]
[2019.11.22-04.40.56:442][  0]LogConfig: Setting CVar [[r.Tonemapper.Quality:5]]
[2019.11.22-04.40.56:442][  0]LogConfig: Setting CVar [[r.DOF.Gather.AccumulatorQuality:1        ; higher gathering accumulator quality]]
[2019.11.22-04.40.56:442][  0]LogConfig: Setting CVar [[r.DOF.Gather.PostfilterMethod:1          ; Median3x3 postfilering method]]
[2019.11.22-04.40.56:442][  0]LogConfig: Setting CVar [[r.DOF.Gather.EnableBokehSettings:0       ; no bokeh simulation when gathering]]
[2019.11.22-04.40.56:442][  0]LogConfig: Setting CVar [[r.DOF.Gather.RingCount:4                 ; medium number of samples when gathering]]
[2019.11.22-04.40.56:442][  0]LogConfig: Setting CVar [[r.DOF.Scatter.ForegroundCompositing:1    ; additive foreground scattering]]
[2019.11.22-04.40.56:442][  0]LogConfig: Setting CVar [[r.DOF.Scatter.BackgroundCompositing:2    ; additive background scattering]]
[2019.11.22-04.40.56:442][  0]LogConfig: Setting CVar [[r.DOF.Scatter.EnableBokehSettings:1      ; bokeh simulation when scattering]]
[2019.11.22-04.40.56:442][  0]LogConfig: Setting CVar [[r.DOF.Scatter.MaxSpriteRatio:0.1         ; only a maximum of 10% of scattered bokeh]]
[2019.11.22-04.40.56:442][  0]LogConfig: Setting CVar [[r.DOF.Recombine.Quality:1                ; cheap slight out of focus]]
[2019.11.22-04.40.56:442][  0]LogConfig: Setting CVar [[r.DOF.Recombine.EnableBokehSettings:0    ; no bokeh simulation on slight out of focus]]
[2019.11.22-04.40.56:442][  0]LogConfig: Setting CVar [[r.DOF.TemporalAAQuality:1                ; more stable temporal accumulation]]
[2019.11.22-04.40.56:442][  0]LogConfig: Setting CVar [[r.DOF.Kernel.MaxForegroundRadius:0.025]]
[2019.11.22-04.40.56:442][  0]LogConfig: Setting CVar [[r.DOF.Kernel.MaxBackgroundRadius:0.025]]
[2019.11.22-04.40.56:442][  0]LogConfig: Applying CVar settings from Section [TextureQuality@3] File [E:/Unreal Engine/Projects/LostInSpace/LostInSpace/Saved/Config/Windows/Scalability.ini]
[2019.11.22-04.40.56:442][  0]LogConfig: Setting CVar [[r.Streaming.MipBias:0]]
[2019.11.22-04.40.56:442][  0]LogConfig: Setting CVar [[r.Streaming.AmortizeCPUToGPUCopy:0]]
[2019.11.22-04.40.56:442][  0]LogConfig: Setting CVar [[r.Streaming.MaxNumTexturesToStreamPerFrame:0]]
[2019.11.22-04.40.56:442][  0]LogConfig: Setting CVar [[r.Streaming.Boost:1]]
[2019.11.22-04.40.56:442][  0]LogConfig: Setting CVar [[r.MaxAnisotropy:8]]
[2019.11.22-04.40.56:442][  0]LogConfig: Setting CVar [[r.VT.MaxAnisotropy:8]]
[2019.11.22-04.40.56:442][  0]LogConfig: Setting CVar [[r.Streaming.LimitPoolSizeToVRAM:0]]
[2019.11.22-04.40.56:442][  0]LogConfig: Setting CVar [[r.Streaming.PoolSize:1000]]
[2019.11.22-04.40.56:442][  0]LogConfig: Setting CVar [[r.Streaming.MaxEffectiveScreenSize:0]]
[2019.11.22-04.40.56:442][  0]LogConfig: Applying CVar settings from Section [EffectsQuality@3] File [E:/Unreal Engine/Projects/LostInSpace/LostInSpace/Saved/Config/Windows/Scalability.ini]
[2019.11.22-04.40.56:442][  0]LogConfig: Setting CVar [[r.TranslucencyLightingVolumeDim:64]]
[2019.11.22-04.40.56:442][  0]LogConfig: Setting CVar [[r.RefractionQuality:2]]
[2019.11.22-04.40.56:442][  0]LogConfig: Setting CVar [[r.SSR.Quality:3]]
[2019.11.22-04.40.56:442][  0]LogConfig: Setting CVar [[r.SSR.HalfResSceneColor:0]]
[2019.11.22-04.40.56:442][  0]LogConfig: Setting CVar [[r.SceneColorFormat:4]]
[2019.11.22-04.40.56:443][  0]LogConfig: Setting CVar [[r.DetailMode:2]]
[2019.11.22-04.40.56:443][  0]LogConfig: Setting CVar [[r.TranslucencyVolumeBlur:1]]
[2019.11.22-04.40.56:443][  0]LogConfig: Setting CVar [[r.MaterialQualityLevel:1 ; High quality]]
[2019.11.22-04.40.56:443][  0]LogConfig: Setting CVar [[r.SSS.Scale:1]]
[2019.11.22-04.40.56:443][  0]LogConfig: Setting CVar [[r.SSS.SampleSet:2]]
[2019.11.22-04.40.56:443][  0]LogConfig: Setting CVar [[r.SSS.Quality:1]]
[2019.11.22-04.40.56:443][  0]LogConfig: Setting CVar [[r.SSS.HalfRes:1]]
[2019.11.22-04.40.56:443][  0]LogConfig: Setting CVar [[r.SSGI.Quality:3]]
[2019.11.22-04.40.56:443][  0]LogConfig: Setting CVar [[r.EmitterSpawnRateScale:1.0]]
[2019.11.22-04.40.56:443][  0]LogConfig: Setting CVar [[r.ParticleLightQuality:2]]
[2019.11.22-04.40.56:443][  0]LogConfig: Setting CVar [[r.SkyAtmosphere.AerialPerspectiveLUT.FastApplyOnOpaque:1 ; Always have FastSkyLUT 1 in this case to avoid wrong sky]]
[2019.11.22-04.40.56:443][  0]LogConfig: Setting CVar [[r.SkyAtmosphere.AerialPerspectiveLUT.SampleCountPerSlice:1]]
[2019.11.22-04.40.56:443][  0]LogConfig: Setting CVar [[r.SkyAtmosphere.AerialPerspectiveLUT.DepthResolution:16.0]]
[2019.11.22-04.40.56:443][  0]LogConfig: Setting CVar [[r.SkyAtmosphere.FastSkyLUT:1]]
[2019.11.22-04.40.56:443][  0]LogConfig: Setting CVar [[r.SkyAtmosphere.FastSkyLUT.SampleCountMin:4.0]]
[2019.11.22-04.40.56:443][  0]LogConfig: Setting CVar [[r.SkyAtmosphere.FastSkyLUT.SampleCountMax:32.0]]
[2019.11.22-04.40.56:443][  0]LogConfig: Setting CVar [[r.SkyAtmosphere.SampleCountMin:4.0]]
[2019.11.22-04.40.56:443][  0]LogConfig: Setting CVar [[r.SkyAtmosphere.SampleCountMax:32.0]]
[2019.11.22-04.40.56:443][  0]LogConfig: Setting CVar [[r.SkyAtmosphere.TransmittanceLUT.UseSmallFormat:0]]
[2019.11.22-04.40.56:443][  0]LogConfig: Setting CVar [[r.SkyAtmosphere.TransmittanceLUT.SampleCount:10.0]]
[2019.11.22-04.40.56:443][  0]LogConfig: Setting CVar [[r.SkyAtmosphere.MultiScatteringLUT.SampleCount:15.0]]
[2019.11.22-04.40.56:443][  0]LogConfig: Applying CVar settings from Section [FoliageQuality@3] File [E:/Unreal Engine/Projects/LostInSpace/LostInSpace/Saved/Config/Windows/Scalability.ini]
[2019.11.22-04.40.56:443][  0]LogConfig: Setting CVar [[foliage.DensityScale:1.0]]
[2019.11.22-04.40.56:443][  0]LogConfig: Setting CVar [[grass.DensityScale:1.0]]
[2019.11.22-04.40.56:443][  0]LogConfig: Applying CVar settings from Section [ShadingQuality@3] File [E:/Unreal Engine/Projects/LostInSpace/LostInSpace/Saved/Config/Windows/Scalability.ini]
[2019.11.22-04.40.56:443][  0]LogConfig: Setting CVar [[r.HairStrands.SkyLighting.SampleCount:16]]
[2019.11.22-04.40.56:443][  0]LogConfig: Setting CVar [[r.HairStrands.SkyLighting.JitterIntegration:0]]
[2019.11.22-04.40.56:443][  0]LogConfig: Setting CVar [[r.HairStrands.SkyAO.SampleCount:16]]
[2019.11.22-04.40.56:443][  0]LogInit: Selected Device Profile: [Windows]
[2019.11.22-04.40.56:443][  0]LogInit: Applying CVar settings loaded from the selected device profile: [Windows]
[2019.11.22-04.40.56:445][  0]LogHAL: Display: Platform has ~ 32 GB [34315681792 / 34359738368 / 32], which maps to Largest [LargestMinGB=32, LargerMinGB=12, DefaultMinGB=8, SmallerMinGB=6, SmallestMinGB=0)
[2019.11.22-04.40.56:445][  0]LogInit: Going up to parent DeviceProfile []
[2019.11.22-04.40.56:445][  0]LogConfig: Applying CVar settings from Section [ViewDistanceQuality@3] File [E:/Unreal Engine/Projects/LostInSpace/LostInSpace/Saved/Config/Windows/Scalability.ini]
[2019.11.22-04.40.56:445][  0]LogConfig: Setting CVar [[r.SkeletalMeshLODBias:0]]
[2019.11.22-04.40.56:445][  0]LogConfig: Setting CVar [[r.ViewDistanceScale:1.0]]
[2019.11.22-04.40.56:445][  0]LogConfig: Applying CVar settings from Section [AntiAliasingQuality@3] File [E:/Unreal Engine/Projects/LostInSpace/LostInSpace/Saved/Config/Windows/Scalability.ini]
[2019.11.22-04.40.56:445][  0]LogConfig: Setting CVar [[r.PostProcessAAQuality:4]]
[2019.11.22-04.40.56:445][  0]LogConfig: Applying CVar settings from Section [ShadowQuality@3] File [E:/Unreal Engine/Projects/LostInSpace/LostInSpace/Saved/Config/Windows/Scalability.ini]
[2019.11.22-04.40.56:445][  0]LogConfig: Setting CVar [[r.LightFunctionQuality:1]]
[2019.11.22-04.40.56:445][  0]LogConfig: Setting CVar [[r.ShadowQuality:5]]
[2019.11.22-04.40.56:445][  0]LogConfig: Setting CVar [[r.Shadow.CSM.MaxCascades:10]]
[2019.11.22-04.40.56:445][  0]LogConfig: Setting CVar [[r.Shadow.MaxResolution:2048]]
[2019.11.22-04.40.56:445][  0]LogConfig: Setting CVar [[r.Shadow.MaxCSMResolution:2048]]
[2019.11.22-04.40.56:445][  0]LogConfig: Setting CVar [[r.Shadow.RadiusThreshold:0.01]]
[2019.11.22-04.40.56:445][  0]LogConfig: Setting CVar [[r.Shadow.DistanceScale:1.0]]
[2019.11.22-04.40.56:445][  0]LogConfig: Setting CVar [[r.Shadow.CSM.TransitionScale:1.0]]
[2019.11.22-04.40.56:445][  0]LogConfig: Setting CVar [[r.Shadow.PreShadowResolutionFactor:1.0]]
[2019.11.22-04.40.56:445][  0]LogConfig: Setting CVar [[r.DistanceFieldShadowing:1]]
[2019.11.22-04.40.56:445][  0]LogConfig: Setting CVar [[r.DistanceFieldAO:1]]
[2019.11.22-04.40.56:445][  0]LogConfig: Setting CVar [[r.AOQuality:2]]
[2019.11.22-04.40.56:445][  0]LogConfig: Setting CVar [[r.VolumetricFog:1]]
[2019.11.22-04.40.56:445][  0]LogConfig: Setting CVar [[r.VolumetricFog.GridPixelSize:8]]
[2019.11.22-04.40.56:445][  0]LogConfig: Setting CVar [[r.VolumetricFog.GridSizeZ:128]]
[2019.11.22-04.40.56:445][  0]LogConfig: Setting CVar [[r.VolumetricFog.HistoryMissSupersampleCount:4]]
[2019.11.22-04.40.56:445][  0]LogConfig: Setting CVar [[r.LightMaxDrawDistanceScale:1]]
[2019.11.22-04.40.56:445][  0]LogConfig: Setting CVar [[r.CapsuleShadows:1]]
[2019.11.22-04.40.56:445][  0]LogConfig: Applying CVar settings from Section [PostProcessQuality@3] File [E:/Unreal Engine/Projects/LostInSpace/LostInSpace/Saved/Config/Windows/Scalability.ini]
[2019.11.22-04.40.56:445][  0]LogConfig: Setting CVar [[r.MotionBlurQuality:4]]
[2019.11.22-04.40.56:445][  0]LogConfig: Setting CVar [[r.AmbientOcclusionMipLevelFactor:0.4]]
[2019.11.22-04.40.56:445][  0]LogConfig: Setting CVar [[r.AmbientOcclusionMaxQuality:100]]
[2019.11.22-04.40.56:445][  0]LogConfig: Setting CVar [[r.AmbientOcclusionLevels:-1]]
[2019.11.22-04.40.56:445][  0]LogConfig: Setting CVar [[r.AmbientOcclusionRadiusScale:1.0]]
[2019.11.22-04.40.56:445][  0]LogConfig: Setting CVar [[r.DepthOfFieldQuality:2]]
[2019.11.22-04.40.56:445][  0]LogConfig: Setting CVar [[r.RenderTargetPoolMin:400]]
[2019.11.22-04.40.56:445][  0]LogConfig: Setting CVar [[r.LensFlareQuality:2]]
[2019.11.22-04.40.56:445][  0]LogConfig: Setting CVar [[r.SceneColorFringeQuality:1]]
[2019.11.22-04.40.56:445][  0]LogConfig: Setting CVar [[r.EyeAdaptationQuality:2]]
[2019.11.22-04.40.56:445][  0]LogConfig: Setting CVar [[r.BloomQuality:5]]
[2019.11.22-04.40.56:445][  0]LogConfig: Setting CVar [[r.FastBlurThreshold:100]]
[2019.11.22-04.40.56:445][  0]LogConfig: Setting CVar [[r.Upscale.Quality:3]]
[2019.11.22-04.40.56:445][  0]LogConfig: Setting CVar [[r.Tonemapper.GrainQuantization:1]]
[2019.11.22-04.40.56:445][  0]LogConfig: Setting CVar [[r.LightShaftQuality:1]]
[2019.11.22-04.40.56:445][  0]LogConfig: Setting CVar [[r.Filter.SizeScale:1]]
[2019.11.22-04.40.56:445][  0]LogConfig: Setting CVar [[r.Tonemapper.Quality:5]]
[2019.11.22-04.40.56:445][  0]LogConfig: Setting CVar [[r.DOF.Gather.AccumulatorQuality:1        ; higher gathering accumulator quality]]
[2019.11.22-04.40.56:445][  0]LogConfig: Setting CVar [[r.DOF.Gather.PostfilterMethod:1          ; Median3x3 postfilering method]]
[2019.11.22-04.40.56:445][  0]LogConfig: Setting CVar [[r.DOF.Gather.EnableBokehSettings:0       ; no bokeh simulation when gathering]]
[2019.11.22-04.40.56:445][  0]LogConfig: Setting CVar [[r.DOF.Gather.RingCount:4                 ; medium number of samples when gathering]]
[2019.11.22-04.40.56:445][  0]LogConfig: Setting CVar [[r.DOF.Scatter.ForegroundCompositing:1    ; additive foreground scattering]]
[2019.11.22-04.40.56:445][  0]LogConfig: Setting CVar [[r.DOF.Scatter.BackgroundCompositing:2    ; additive background scattering]]
[2019.11.22-04.40.56:445][  0]LogConfig: Setting CVar [[r.DOF.Scatter.EnableBokehSettings:1      ; bokeh simulation when scattering]]
[2019.11.22-04.40.56:445][  0]LogConfig: Setting CVar [[r.DOF.Scatter.MaxSpriteRatio:0.1         ; only a maximum of 10% of scattered bokeh]]
[2019.11.22-04.40.56:445][  0]LogConfig: Setting CVar [[r.DOF.Recombine.Quality:1                ; cheap slight out of focus]]
[2019.11.22-04.40.56:445][  0]LogConfig: Setting CVar [[r.DOF.Recombine.EnableBokehSettings:0    ; no bokeh simulation on slight out of focus]]
[2019.11.22-04.40.56:445][  0]LogConfig: Setting CVar [[r.DOF.TemporalAAQuality:1                ; more stable temporal accumulation]]
[2019.11.22-04.40.56:445][  0]LogConfig: Setting CVar [[r.DOF.Kernel.MaxForegroundRadius:0.025]]
[2019.11.22-04.40.56:445][  0]LogConfig: Setting CVar [[r.DOF.Kernel.MaxBackgroundRadius:0.025]]
[2019.11.22-04.40.56:445][  0]LogConfig: Applying CVar settings from Section [TextureQuality@3] File [E:/Unreal Engine/Projects/LostInSpace/LostInSpace/Saved/Config/Windows/Scalability.ini]
[2019.11.22-04.40.56:445][  0]LogConfig: Setting CVar [[r.Streaming.MipBias:0]]
[2019.11.22-04.40.56:445][  0]LogConfig: Setting CVar [[r.Streaming.AmortizeCPUToGPUCopy:0]]
[2019.11.22-04.40.56:445][  0]LogConfig: Setting CVar [[r.Streaming.MaxNumTexturesToStreamPerFrame:0]]
[2019.11.22-04.40.56:445][  0]LogConfig: Setting CVar [[r.Streaming.Boost:1]]
[2019.11.22-04.40.56:445][  0]LogConfig: Setting CVar [[r.MaxAnisotropy:8]]
[2019.11.22-04.40.56:445][  0]LogConfig: Setting CVar [[r.VT.MaxAnisotropy:8]]
[2019.11.22-04.40.56:445][  0]LogConfig: Setting CVar [[r.Streaming.LimitPoolSizeToVRAM:0]]
[2019.11.22-04.40.56:445][  0]LogConfig: Setting CVar [[r.Streaming.PoolSize:1000]]
[2019.11.22-04.40.56:446][  0]LogConfig: Setting CVar [[r.Streaming.MaxEffectiveScreenSize:0]]
[2019.11.22-04.40.56:446][  0]LogConfig: Applying CVar settings from Section [EffectsQuality@3] File [E:/Unreal Engine/Projects/LostInSpace/LostInSpace/Saved/Config/Windows/Scalability.ini]
[2019.11.22-04.40.56:446][  0]LogConfig: Setting CVar [[r.TranslucencyLightingVolumeDim:64]]
[2019.11.22-04.40.56:446][  0]LogConfig: Setting CVar [[r.RefractionQuality:2]]
[2019.11.22-04.40.56:446][  0]LogConfig: Setting CVar [[r.SSR.Quality:3]]
[2019.11.22-04.40.56:446][  0]LogConfig: Setting CVar [[r.SSR.HalfResSceneColor:0]]
[2019.11.22-04.40.56:446][  0]LogConfig: Setting CVar [[r.SceneColorFormat:4]]
[2019.11.22-04.40.56:446][  0]LogConfig: Setting CVar [[r.DetailMode:2]]
[2019.11.22-04.40.56:446][  0]LogConfig: Setting CVar [[r.TranslucencyVolumeBlur:1]]
[2019.11.22-04.40.56:446][  0]LogConfig: Setting CVar [[r.MaterialQualityLevel:1 ; High quality]]
[2019.11.22-04.40.56:446][  0]LogConfig: Setting CVar [[r.SSS.Scale:1]]
[2019.11.22-04.40.56:446][  0]LogConfig: Setting CVar [[r.SSS.SampleSet:2]]
[2019.11.22-04.40.56:446][  0]LogConfig: Setting CVar [[r.SSS.Quality:1]]
[2019.11.22-04.40.56:446][  0]LogConfig: Setting CVar [[r.SSS.HalfRes:1]]
[2019.11.22-04.40.56:446][  0]LogConfig: Setting CVar [[r.SSGI.Quality:3]]
[2019.11.22-04.40.56:446][  0]LogConfig: Setting CVar [[r.EmitterSpawnRateScale:1.0]]
[2019.11.22-04.40.56:446][  0]LogConfig: Setting CVar [[r.ParticleLightQuality:2]]
[2019.11.22-04.40.56:446][  0]LogConfig: Setting CVar [[r.SkyAtmosphere.AerialPerspectiveLUT.FastApplyOnOpaque:1 ; Always have FastSkyLUT 1 in this case to avoid wrong sky]]
[2019.11.22-04.40.56:446][  0]LogConfig: Setting CVar [[r.SkyAtmosphere.AerialPerspectiveLUT.SampleCountPerSlice:1]]
[2019.11.22-04.40.56:446][  0]LogConfig: Setting CVar [[r.SkyAtmosphere.AerialPerspectiveLUT.DepthResolution:16.0]]
[2019.11.22-04.40.56:446][  0]LogConfig: Setting CVar [[r.SkyAtmosphere.FastSkyLUT:1]]
[2019.11.22-04.40.56:446][  0]LogConfig: Setting CVar [[r.SkyAtmosphere.FastSkyLUT.SampleCountMin:4.0]]
[2019.11.22-04.40.56:446][  0]LogConfig: Setting CVar [[r.SkyAtmosphere.FastSkyLUT.SampleCountMax:32.0]]
[2019.11.22-04.40.56:446][  0]LogConfig: Setting CVar [[r.SkyAtmosphere.SampleCountMin:4.0]]
[2019.11.22-04.40.56:446][  0]LogConfig: Setting CVar [[r.SkyAtmosphere.SampleCountMax:32.0]]
[2019.11.22-04.40.56:446][  0]LogConfig: Setting CVar [[r.SkyAtmosphere.TransmittanceLUT.UseSmallFormat:0]]
[2019.11.22-04.40.56:446][  0]LogConfig: Setting CVar [[r.SkyAtmosphere.TransmittanceLUT.SampleCount:10.0]]
[2019.11.22-04.40.56:446][  0]LogConfig: Setting CVar [[r.SkyAtmosphere.MultiScatteringLUT.SampleCount:15.0]]
[2019.11.22-04.40.56:446][  0]LogConfig: Applying CVar settings from Section [FoliageQuality@3] File [E:/Unreal Engine/Projects/LostInSpace/LostInSpace/Saved/Config/Windows/Scalability.ini]
[2019.11.22-04.40.56:446][  0]LogConfig: Setting CVar [[foliage.DensityScale:1.0]]
[2019.11.22-04.40.56:446][  0]LogConfig: Setting CVar [[grass.DensityScale:1.0]]
[2019.11.22-04.40.56:446][  0]LogConfig: Applying CVar settings from Section [ShadingQuality@3] File [E:/Unreal Engine/Projects/LostInSpace/LostInSpace/Saved/Config/Windows/Scalability.ini]
[2019.11.22-04.40.56:446][  0]LogConfig: Setting CVar [[r.HairStrands.SkyLighting.SampleCount:16]]
[2019.11.22-04.40.56:446][  0]LogConfig: Setting CVar [[r.HairStrands.SkyLighting.JitterIntegration:0]]
[2019.11.22-04.40.56:446][  0]LogConfig: Setting CVar [[r.HairStrands.SkyAO.SampleCount:16]]
[2019.11.22-04.40.56:446][  0]LogConfig: Applying CVar settings from Section [Startup] File [../../../Engine/Config/ConsoleVariables.ini]
[2019.11.22-04.40.56:446][  0]LogConfig: Setting CVar [[net.UseAdaptiveNetUpdateFrequency:0]]
[2019.11.22-04.40.56:446][  0]LogConfig: Setting CVar [[p.chaos.AllowCreatePhysxBodies:1]]
[2019.11.22-04.40.56:446][  0]LogConfig: Applying CVar settings from Section [ConsoleVariables] File [E:/Unreal Engine/Projects/LostInSpace/LostInSpace/Saved/Config/Windows/Engine.ini]
[2019.11.22-04.40.56:446][  0]LogInit: Computer: MICHAN-DESKTOP
[2019.11.22-04.40.56:446][  0]LogInit: User: Michan
[2019.11.22-04.40.56:446][  0]LogInit: CPU Page size=4096, Cores=4
[2019.11.22-04.40.56:446][  0]LogInit: High frequency timer resolution =10.000000 MHz
[2019.11.22-04.40.56:446][  0]LogMemory: Memory total: Physical=32.0GB (32GB approx)
[2019.11.22-04.40.56:446][  0]LogMemory: Platform Memory Stats for Windows
[2019.11.22-04.40.56:446][  0]LogMemory: Process Physical Memory: 105.29 MB used, 105.29 MB peak
[2019.11.22-04.40.56:446][  0]LogMemory: Process Virtual Memory: 100.63 MB used, 100.63 MB peak
[2019.11.22-04.40.56:446][  0]LogMemory: Physical Memory: 7004.06 MB used,  25721.92 MB free, 32725.98 MB total
[2019.11.22-04.40.56:446][  0]LogMemory: Virtual Memory: 5137.37 MB used,  134212592.00 MB free, 134217728.00 MB total
[2019.11.22-04.40.56:449][  0]LogWindows: WindowsPlatformFeatures enabled
[2019.11.22-04.40.56:466][  0]LogInit: Using OS detected language (en-US).
[2019.11.22-04.40.56:466][  0]LogInit: Using OS detected locale (en-US).
[2019.11.22-04.40.56:467][  0]LogTextLocalizationManager: No specific localization for 'en-US' exists, so the 'en' localization will be used.
[2019.11.22-04.40.56:595][  0]LogInit: Setting process to per monitor DPI aware
[2019.11.22-04.40.56:623][  0]LogSlate: New Slate User Created.  User Index 0, Is Virtual User: 0
[2019.11.22-04.40.56:623][  0]LogSlate: Slate User Registered.  User Index 0, Is Virtual User: 0
[2019.11.22-04.40.56:788][  0]LogHMD: Failed to initialize OpenVR with code 110
[2019.11.22-04.40.56:788][  0]LogD3D11RHI: D3D11 min allowed feature level: 11_0
[2019.11.22-04.40.56:788][  0]LogD3D11RHI: D3D11 max allowed feature level: 11_0
[2019.11.22-04.40.56:788][  0]LogD3D11RHI: D3D11 adapters:
[2019.11.22-04.40.56:842][  0]LogD3D11RHI:    0. 'NVIDIA GeForce GTX 1070' (Feature Level 11_0)
[2019.11.22-04.40.56:842][  0]LogD3D11RHI:       8088/0/16362 MB DedicatedVideo/DedicatedSystem/SharedSystem, Outputs:2, VendorId:0x10de
[2019.11.22-04.40.56:844][  0]LogD3D11RHI:    1. 'Microsoft Basic Render Driver' (Feature Level 11_0)
[2019.11.22-04.40.56:844][  0]LogD3D11RHI:       0/0/16362 MB DedicatedVideo/DedicatedSystem/SharedSystem, Outputs:0, VendorId:0x1414
[2019.11.22-04.40.56:844][  0]LogD3D11RHI: Chosen D3D11 Adapter: 0
[2019.11.22-04.40.56:857][  0]LogD3D11RHI: Creating new Direct3DDevice
[2019.11.22-04.40.56:857][  0]LogD3D11RHI:     GPU DeviceId: 0x1b81 (for the marketing name, search the web for "GPU Device Id")
[2019.11.22-04.40.56:857][  0]LogWindows: EnumDisplayDevices:
[2019.11.22-04.40.56:857][  0]LogWindows:    0. 'NVIDIA GeForce GTX 1070' (P:1 D:1)
[2019.11.22-04.40.56:857][  0]LogWindows:    1. 'NVIDIA GeForce GTX 1070' (P:0 D:1)
[2019.11.22-04.40.56:858][  0]LogWindows:    2. 'NVIDIA GeForce GTX 1070' (P:0 D:0)
[2019.11.22-04.40.56:858][  0]LogWindows:    3. 'NVIDIA GeForce GTX 1070' (P:0 D:0)
[2019.11.22-04.40.56:858][  0]LogWindows: DebugString: FoundDriverCount:4 
[2019.11.22-04.40.56:858][  0]LogD3D11RHI:     Adapter Name: NVIDIA GeForce GTX 1070
[2019.11.22-04.40.56:858][  0]LogD3D11RHI:   Driver Version: 441.08 (internal:26.21.14.4108, unified:441.08)
[2019.11.22-04.40.56:858][  0]LogD3D11RHI:      Driver Date: 10-22-2019
[2019.11.22-04.40.56:858][  0]LogRHI: Texture pool is 5661 MB (70% of 8088 MB)
[2019.11.22-04.40.56:891][  0]LogD3D11RHI: RHI has support for 64 bit atomics
[2019.11.22-04.40.56:891][  0]LogD3D11RHI: Async texture creation enabled
[2019.11.22-04.40.56:902][  0]LogD3D11RHI: GPU Timing Frequency: 1000.000000 (Debug: 2 1)
[2019.11.22-04.40.57:154][  0]LogTargetPlatformManager: Display: Loaded TargetPlatform 'AllDesktop'
[2019.11.22-04.40.57:179][  0]LogTargetPlatformManager: Display: Loaded TargetPlatform 'Android'
[2019.11.22-04.40.57:179][  0]LogTargetPlatformManager: Display: Loaded TargetPlatform 'Android_ASTC'
[2019.11.22-04.40.57:179][  0]LogTargetPlatformManager: Display: Loaded TargetPlatform 'Android_ATC'
[2019.11.22-04.40.57:179][  0]LogTargetPlatformManager: Display: Loaded TargetPlatform 'Android_DXT'
[2019.11.22-04.40.57:179][  0]LogTargetPlatformManager: Display: Loaded TargetPlatform 'Android_ETC1'
[2019.11.22-04.40.57:179][  0]LogTargetPlatformManager: Display: Loaded TargetPlatform 'Android_ETC1a'
[2019.11.22-04.40.57:179][  0]LogTargetPlatformManager: Display: Loaded TargetPlatform 'Android_ETC2'
[2019.11.22-04.40.57:179][  0]LogTargetPlatformManager: Display: Loaded TargetPlatform 'Android_PVRTC'
[2019.11.22-04.40.57:179][  0]LogTargetPlatformManager: Display: Loaded TargetPlatform 'AndroidClient'
[2019.11.22-04.40.57:179][  0]LogTargetPlatformManager: Display: Loaded TargetPlatform 'Android_ASTCClient'
[2019.11.22-04.40.57:179][  0]LogTargetPlatformManager: Display: Loaded TargetPlatform 'Android_ATCClient'
[2019.11.22-04.40.57:179][  0]LogTargetPlatformManager: Display: Loaded TargetPlatform 'Android_DXTClient'
[2019.11.22-04.40.57:179][  0]LogTargetPlatformManager: Display: Loaded TargetPlatform 'Android_ETC1Client'
[2019.11.22-04.40.57:179][  0]LogTargetPlatformManager: Display: Loaded TargetPlatform 'Android_ETC1aClient'
[2019.11.22-04.40.57:179][  0]LogTargetPlatformManager: Display: Loaded TargetPlatform 'Android_ETC2Client'
[2019.11.22-04.40.57:179][  0]LogTargetPlatformManager: Display: Loaded TargetPlatform 'Android_PVRTCClient'
[2019.11.22-04.40.57:179][  0]LogTargetPlatformManager: Display: Loaded TargetPlatform 'Android_Multi'
[2019.11.22-04.40.57:179][  0]LogTargetPlatformManager: Display: Loaded TargetPlatform 'Android_MultiClient'
[2019.11.22-04.40.57:193][  0]LogTargetPlatformManager: Display: Loaded TargetPlatform 'IOSClient'
[2019.11.22-04.40.57:193][  0]LogTargetPlatformManager: Display: Loaded TargetPlatform 'IOS'
[2019.11.22-04.40.57:198][  0]LogTargetPlatformManager: Display: Loaded TargetPlatform 'LinuxNoEditor'
[2019.11.22-04.40.57:204][  0]LogTargetPlatformManager: Display: Loaded TargetPlatform 'LinuxClient'
[2019.11.22-04.40.57:209][  0]LogTargetPlatformManager: Display: Loaded TargetPlatform 'LinuxServer'
[2019.11.22-04.40.57:215][  0]LogTargetPlatformManager: Display: Loaded TargetPlatform 'LinuxAArch64NoEditor'
[2019.11.22-04.40.57:220][  0]LogTargetPlatformManager: Display: Loaded TargetPlatform 'LinuxAArch64Client'
[2019.11.22-04.40.57:225][  0]LogTargetPlatformManager: Display: Loaded TargetPlatform 'LinuxAArch64Server'
[2019.11.22-04.40.57:243][  0]LogTargetPlatformManager: Display: Loaded TargetPlatform 'Lumin'
[2019.11.22-04.40.57:243][  0]LogTargetPlatformManager: Display: Loaded TargetPlatform 'LuminClient'
[2019.11.22-04.40.57:253][  0]LogTargetPlatformManager: Display: Loaded TargetPlatform 'TVOSClient'
[2019.11.22-04.40.57:253][  0]LogTargetPlatformManager: Display: Loaded TargetPlatform 'TVOS'
[2019.11.22-04.40.57:259][  0]LogTargetPlatformManager: Display: Loaded TargetPlatform 'WindowsNoEditor'
[2019.11.22-04.40.57:265][  0]LogTargetPlatformManager: Display: Loaded TargetPlatform 'Windows'
[2019.11.22-04.40.57:270][  0]LogTargetPlatformManager: Display: Loaded TargetPlatform 'WindowsClient'
[2019.11.22-04.40.57:276][  0]LogTargetPlatformManager: Display: Loaded TargetPlatform 'WindowsServer'
[2019.11.22-04.40.57:276][  0]LogTargetPlatformManager: Display: Building Assets For Windows
[2019.11.22-04.40.57:278][  0]LogAudioDebug: Display: Lib vorbis DLL was dynamically loaded.
[2019.11.22-04.40.57:294][  0]LogShaderCompilers: Guid format shader working directory is 2 characters bigger than the processId version (../../../../Projects/LostInSpace/LostInSpace/Intermediate/Shaders/WorkingDirectory/50848/).
[2019.11.22-04.40.57:294][  0]LogShaderCompilers: Cleaned the shader compiler working directory 'C:/Users/Michan/AppData/Local/Temp/UnrealShaderWorkingDir/D14E59074EA166ACB54A7ABA8B712FC2/'.
[2019.11.22-04.40.57:295][  0]LogXGEController: Cleaning working directory: C:/Users/Michan/AppData/Local/Temp/UnrealXGEWorkingDir/
[2019.11.22-04.40.57:295][  0]LogXGEController: Cannot use XGE Controller as Incredibuild is not installed on this machine.
[2019.11.22-04.40.57:295][  0]LogShaderCompilers: Cannot use XGE Shader Compiler as Incredibuild is not installed on this machine.
[2019.11.22-04.40.57:295][  0]LogShaderCompilers: Display: Using Local Shader Compiler.
[2019.11.22-04.40.57:862][  0]LogDerivedDataCache: Display: Max Cache Size: 512 MB
[2019.11.22-04.40.57:907][  0]LogDerivedDataCache: Loaded boot cache 0.04s 78MB C:/Users/Michan/AppData/Local/UnrealEngine/4.24/DerivedDataCache/Boot.ddc.
[2019.11.22-04.40.57:907][  0]LogDerivedDataCache: Display: Loaded Boot cache: C:/Users/Michan/AppData/Local/UnrealEngine/4.24/DerivedDataCache/Boot.ddc
[2019.11.22-04.40.57:907][  0]LogDerivedDataCache: FDerivedDataBackendGraph:  Pak pak cache file ../../../../Projects/LostInSpace/LostInSpace/DerivedDataCache/DDC.ddp not found, will not use a pak cache.
[2019.11.22-04.40.57:907][  0]LogDerivedDataCache: Unable to find inner node Pak for hierarchical cache Hierarchy.
[2019.11.22-04.40.57:907][  0]LogDerivedDataCache: FDerivedDataBackendGraph:  CompressedPak pak cache file ../../../../Projects/LostInSpace/LostInSpace/DerivedDataCache/Compressed.ddp not found, will not use a pak cache.
[2019.11.22-04.40.57:907][  0]LogDerivedDataCache: Unable to find inner node CompressedPak for hierarchical cache Hierarchy.
[2019.11.22-04.40.57:914][  0]LogDerivedDataCache: Display: Pak cache opened for reading ../../../Engine/DerivedDataCache/Compressed.ddp.
[2019.11.22-04.40.57:914][  0]LogDerivedDataCache: FDerivedDataBackendGraph:  EnterprisePak pak cache file ../../../Enterprise/DerivedDataCache/Compressed.ddp not found, will not use a pak cache.
[2019.11.22-04.40.57:914][  0]LogDerivedDataCache: Unable to find inner node EnterprisePak for hierarchical cache Hierarchy.
[2019.11.22-04.40.57:915][  0]LogDerivedDataCache: Using Local data cache path C:/Users/Michan/AppData/Local/UnrealEngine/Common/DerivedDataCache: Writable
[2019.11.22-04.40.57:915][  0]LogDerivedDataCache: Shared data cache path not found in *engine.ini, will not use an Shared cache.
[2019.11.22-04.40.57:916][  0]LogDerivedDataCache: Unable to find inner node Shared for hierarchical cache Hierarchy.
[2019.11.22-04.40.57:936][  0]LogMaterial: Verifying Global Shaders for PCD3D_SM5
[2019.11.22-04.40.57:938][  0]LogSlate: Using FreeType 2.10.0
[2019.11.22-04.40.57:939][  0]LogSlate: SlateFontServices - WITH_FREETYPE: 1, WITH_HARFBUZZ: 1
[2019.11.22-04.40.57:987][  0]LogAssetRegistry: FAssetRegistry took 0.0022 seconds to start up
[2019.11.22-04.40.58:248][  0]LogInit: Selected Device Profile: [Windows]
[2019.11.22-04.40.58:363][  0]LogMeshReduction: Using QuadricMeshReduction for automatic static mesh reduction
[2019.11.22-04.40.58:363][  0]LogMeshReduction: Using SimplygonMeshReduction for automatic skeletal mesh reduction
[2019.11.22-04.40.58:363][  0]LogMeshReduction: Using ProxyLODMeshReduction for automatic mesh merging
[2019.11.22-04.40.58:363][  0]LogMeshReduction: No distributed automatic mesh merging module available
[2019.11.22-04.40.58:363][  0]LogMeshMerging: No distributed automatic mesh merging module available
[2019.11.22-04.40.58:375][  0]LogNetVersion: LostInSpace 1.0.0, NetCL: 10283392, EngineNetVer: 13, GameNetVer: 0 (Checksum: 360612242)
[2019.11.22-04.40.59:261][  0]LogPackageLocalizationCache: Processed 10 localized package path(s) for 1 prioritized culture(s) in 0.033556 seconds
[2019.11.22-04.40.59:265][  0]LogUObjectArray: 46745 objects as part of root set at end of initial load.
[2019.11.22-04.40.59:265][  0]LogUObjectAllocator: 8136264 out of 0 bytes used by permanent object pool.
[2019.11.22-04.40.59:265][  0]LogUObjectArray: CloseDisregardForGC: 0/0 objects in disregard for GC pool
[2019.11.22-04.40.59:611][  0]LogTcpMessaging: Initializing TcpMessaging bridge
[2019.11.22-04.40.59:613][  0]LogUdpMessaging: Initializing bridge on interface 0.0.0.0:0 to multicast group 230.0.0.1:6666.
[2019.11.22-04.40.59:655][  0]SourceControl: Source control is disabled
[2019.11.22-04.40.59:655][  0]SourceControl: Source control is disabled
[2019.11.22-04.40.59:657][  0]SourceControl: Source control is disabled
[2019.11.22-04.40.59:657][  0]SourceControl: Source control is disabled
[2019.11.22-04.40.59:659][  0]SourceControl: Source control is disabled
[2019.11.22-04.40.59:733][  0]LogAndroidPermission: UAndroidPermissionCallbackProxy::GetInstance
[2019.11.22-04.40.59:744][  0]LogAudioCaptureCore: Display: No Audio Capture implementations found. Audio input will be silent.
[2019.11.22-04.40.59:744][  0]LogAudioCaptureCore: Display: No Audio Capture implementations found. Audio input will be silent.
[2019.11.22-04.40.59:823][  0]LogOcInput: OculusInput pre-init called
[2019.11.22-04.40.59:828][  0]LogWindows: Failed to load 'OVRPlugin.dll' (GetLastError=126)
[2019.11.22-04.40.59:828][  0]LogWindows: File 'OVRPlugin.dll' does not exist
[2019.11.22-04.40.59:882][  0]LogEngine: Initializing Engine...
[2019.11.22-04.40.59:883][  0]LogHMD: Failed to initialize OpenVR with code 110
[2019.11.22-04.40.59:884][  0]LogStats: UGameplayTagsManager::InitializeManager -  0.000 s
[2019.11.22-04.41.00:160][  0]LogInit: Initializing FReadOnlyCVARCache
[2019.11.22-04.41.00:165][  0]LogAIModule: Creating AISystem for world Untitled
[2019.11.22-04.41.00:180][  0]LogAudioMixer: Display: Audio Mixer Platform Settings:
[2019.11.22-04.41.00:180][  0]LogAudioMixer: Display: 	Sample Rate:						  48000
[2019.11.22-04.41.00:180][  0]LogAudioMixer: Display: 	Callback Buffer Frame Size Requested: 1024
[2019.11.22-04.41.00:180][  0]LogAudioMixer: Display: 	Callback Buffer Frame Size To Use:	  1024
[2019.11.22-04.41.00:180][  0]LogAudioMixer: Display: 	Number of buffers to queue:			  2
[2019.11.22-04.41.00:180][  0]LogAudioMixer: Display: 	Max Channels (voices):				  32
[2019.11.22-04.41.00:180][  0]LogAudioMixer: Display: 	Number of Async Source Workers:		  0
[2019.11.22-04.41.00:180][  0]LogAudio: Display: AudioDevice MaxSources: 32
[2019.11.22-04.41.00:180][  0]LogAudio: Display: Using built-in audio occlusion.
[2019.11.22-04.41.00:180][  0]LogAudioMixer: Display: Initializing audio mixer.
[2019.11.22-04.41.00:237][  0]LogAudioMixer: Display: Audio Device Output Speaker Info:
[2019.11.22-04.41.00:237][  0]LogAudioMixer: Display: Name: Desktop Output (VB-Audio VoiceMeeter VAIO)
[2019.11.22-04.41.00:237][  0]LogAudioMixer: Display: Is Default: Yes
[2019.11.22-04.41.00:237][  0]LogAudioMixer: Display: Sample Rate: 48000
[2019.11.22-04.41.00:237][  0]LogAudioMixer: Display: Channel Count Used: 2
[2019.11.22-04.41.00:237][  0]LogAudioMixer: Display: Device Channel Count: 2
[2019.11.22-04.41.00:237][  0]LogAudioMixer: Display: Channel Order:
[2019.11.22-04.41.00:237][  0]LogAudioMixer: Display: 0: FrontLeft
[2019.11.22-04.41.00:237][  0]LogAudioMixer: Display: 1: FrontRight
[2019.11.22-04.41.00:249][  0]LogAudioMixer: Display: Using Audio Device Desktop Output (VB-Audio VoiceMeeter VAIO)
[2019.11.22-04.41.00:251][  0]LogInit: FAudioDevice initialized.
[2019.11.22-04.41.00:251][  0]LogNetVersion: Set ProjectVersion to 1.0.0.0. Version Checksum will be recalculated on next use.
[2019.11.22-04.41.00:319][  0]LogDerivedDataCache: Saved boot cache 0.07s 78MB C:/Users/Michan/AppData/Local/UnrealEngine/4.24/DerivedDataCache/Boot.ddc.
[2019.11.22-04.41.00:324][  0]LogInit: Texture streaming: Enabled
[2019.11.22-04.41.00:331][  0]LogEngineSessionManager: EngineSessionManager initialized
[2019.11.22-04.41.00:331][  0]LogEditorSessionSummary: Verbose: Initializing EditorSessionSummaryWriter for editor session tracking
[2019.11.22-04.41.00:332][  0]LogEditorSessionSummary: EditorSessionSummaryWriter initialized
[2019.11.22-04.41.00:378][  0]LogInit: Transaction tracking system initialized
[2019.11.22-04.41.00:385][  0]BlueprintLog: New page: Editor Load
[2019.11.22-04.41.00:406][  0]LocalizationService: Localization service is disabled
[2019.11.22-04.41.00:630][  0]LogFileCache: Scanning file cache for directory 'E:/Unreal Engine/Projects/LostInSpace/LostInSpace/Content/' took 0.00s
[2019.11.22-04.41.00:630][  0]LogCook: Display: Max memory allowance for cook 16384mb min free memory 0mb
[2019.11.22-04.41.00:631][  0]LogCook: Display: Mobile HDR setting 1
[2019.11.22-04.41.01:246][  0]SourceControl: Source control is disabled
[2019.11.22-04.41.01:246][  0]Cmd: MAP LOAD FILE="../../../Engine/Content/Maps/Templates/Template_Default.umap" TEMPLATE=1 SHOWPROGRESS=1 FEATURELEVEL=3
[2019.11.22-04.41.01:246][  0]LightingResults: New page: Lighting Build
[2019.11.22-04.41.01:247][  0]LogWorld: UWorld::CleanupWorld for Untitled, bSessionEnded=true, bCleanupResources=true
[2019.11.22-04.41.01:247][  0]LogSlate: InvalidateAllWidgets triggered.  All widgets were invalidated
[2019.11.22-04.41.01:247][  0]MapCheck: New page: Map Check
[2019.11.22-04.41.01:247][  0]LightingResults: New page: Lighting Build
[2019.11.22-04.41.01:268][  0]LogUObjectHash: Compacting FUObjectHashTables data took   1.37ms
[2019.11.22-04.41.01:328][  0]LogAIModule: Creating AISystem for world Untitled_1
[2019.11.22-04.41.01:332][  0]LogEditorServer: Finished looking for orphan Actors (0.000 secs)
[2019.11.22-04.41.01:353][  0]LogUObjectHash: Compacting FUObjectHashTables data took   1.65ms
[2019.11.22-04.41.01:353][  0]Cmd: MAP CHECKDEP NOCLEARLOG
[2019.11.22-04.41.01:353][  0]MapCheck: Map check complete: 0 Error(s), 0 Warning(s), took 0.085ms to complete.
[2019.11.22-04.41.01:353][  0]LogFileHelpers: Loading map 'Template_Default' took 0.107
[2019.11.22-04.41.01:462][  0]LogSlate: Updating window title bar state: overlay mode, drag disabled, window buttons hidden, title bar hidden
[2019.11.22-04.41.01:468][  0]LogSlate: Updating window title bar state: overlay mode, drag disabled, window buttons hidden, title bar hidden
[2019.11.22-04.41.01:473][  0]LogSlate: Updating window title bar state: overlay mode, drag disabled, window buttons hidden, title bar hidden
[2019.11.22-04.41.01:479][  0]LogSlate: Updating window title bar state: overlay mode, drag disabled, window buttons hidden, title bar hidden
[2019.11.22-04.41.01:482][  0]LogCollectionManager: Loaded 0 collections in 0.000747 seconds
[2019.11.22-04.41.01:492][  0]LogFileCache: Scanning file cache for directory 'E:/Unreal Engine/Projects/LostInSpace/LostInSpace/Saved/Collections/' took 0.00s
[2019.11.22-04.41.01:492][  0]LogFileCache: Scanning file cache for directory 'E:/Unreal Engine/Projects/LostInSpace/LostInSpace/Content/Developers/Michan/Collections/' took 0.00s
[2019.11.22-04.41.01:492][  0]LogFileCache: Scanning file cache for directory 'E:/Unreal Engine/Projects/LostInSpace/LostInSpace/Content/Collections/' took 0.00s
[2019.11.22-04.41.01:492][  0]LogContentBrowser: Native class hierarchy populated in 0.0063 seconds. Added 3017 classes and 720 folders.
[2019.11.22-04.41.01:494][  0]LogContentBrowser: Native class hierarchy updated for 'WidgetCarousel' in 0.0002 seconds. Added 0 classes and 0 folders.
[2019.11.22-04.41.01:550][  0]LogContentBrowser: Native class hierarchy updated for 'AddContentDialog' in 0.0002 seconds. Added 0 classes and 0 folders.
[2019.11.22-04.41.01:552][  0]LogContentBrowser: Native class hierarchy updated for 'SceneOutliner' in 0.0002 seconds. Added 2 classes and 3 folders.
[2019.11.22-04.41.01:576][  0]LogSlate: Took 0.000186 seconds to synchronously load lazily loaded font '../../../Engine/Content/Slate/Fonts/Roboto-Regular.ttf' (155K)
[2019.11.22-04.41.01:577][  0]LogSlate: Took 0.000156 seconds to synchronously load lazily loaded font '../../../Engine/Content/Slate/Fonts/Roboto-Bold.ttf' (160K)
[2019.11.22-04.41.01:581][  0]LogSlate: Took 0.000177 seconds to synchronously load lazily loaded font '../../../Engine/Content/Editor/Slate/Fonts/FontAwesome.ttf' (139K)
[2019.11.22-04.41.01:639][  0]LogRenderer: Reallocating scene render targets to support 1616x816 Format 10 NumSamples 1 (Frame:1).
[2019.11.22-04.41.01:706][  0]LogContentBrowser: Native class hierarchy updated for 'HierarchicalLODOutliner' in 0.0002 seconds. Added 0 classes and 0 folders.
[2019.11.22-04.41.01:706][  0]LogLoad: (Engine Initialization) Total time: 6.53 seconds
[2019.11.22-04.41.01:706][  0]LogLoad: (Engine Initialization) Total Blueprint compile time: 0.00 seconds
[2019.11.22-04.41.01:752][  0]LogAssetRegistry: Asset discovery search completed in 3.7649 seconds
[2019.11.22-04.41.01:755][  0]LogCollectionManager: Fixed up redirectors for 0 collections in 0.000007 seconds (updated 0 objects)
[2019.11.22-04.41.01:756][  0]LogContentStreaming: Texture pool size now 1000 MB
[2019.11.22-04.41.02:054][  1]LogFileCache: Retrieving MD5 hashes for directory 'E:/Unreal Engine/Projects/LostInSpace/LostInSpace/Content/' took 0.33s
[2019.11.22-04.41.16:148][ 99]LogSlate: Took 0.000177 seconds to synchronously load lazily loaded font '../../../Engine/Content/Slate/Fonts/Roboto-Light.ttf' (167K)
[2019.11.22-04.41.16:177][ 99]LogLinker: Warning: While loading '../../../../Projects/LostInSpace/LostInSpace/Content/Scenes/Space.umap' failed to load '/Game/Scenes/Space_BuiltData': Can't find file.
[2019.11.22-04.41.16:177][ 99]LogLinker: Warning: While loading '../../../../Projects/LostInSpace/LostInSpace/Content/Scenes/Space.umap' failed to load '/Game/Scenes/Space_BuiltData': Can't find file.
[2019.11.22-04.41.16:192][ 99]LogLinker: Warning: While loading '../../../../Projects/LostInSpace/LostInSpace/Content/Scenes/Space.umap' failed to load '/Game/Scenes/Space_BuiltData': Can't find file.
[2019.11.22-04.41.16:192][ 99]LogLinker: Warning: While loading '../../../../Projects/LostInSpace/LostInSpace/Content/Scenes/Space.umap' failed to load '/Game/Scenes/Space_BuiltData': Can't find file.
[2019.11.22-04.41.16:197][ 99]LogLinker: Warning: While loading '../../../../Projects/LostInSpace/LostInSpace/Content/Scenes/Space.umap' failed to load '/Game/Scenes/Space_BuiltData': Can't find file.
[2019.11.22-04.41.16:197][ 99]LoadErrors: Failed to load /Game/Scenes/Space_BuiltData.Space_BuiltData Referenced by PersistentLevel
[2019.11.22-04.41.16:197][ 99]LogLinker: Warning: While loading '../../../../Projects/LostInSpace/LostInSpace/Content/Scenes/Space.umap' failed to load '/Game/Scenes/Space_BuiltData': Can't find file.
[2019.11.22-04.41.16:778][ 99]LogAIModule: Creating AISystem for world Space
[2019.11.22-04.41.17:093][ 99]LogAssetEditorSubsystem: Opening Asset editor for World /Game/Scenes/Space.Space
[2019.11.22-04.41.17:128][ 99]LogUObjectHash: Compacting FUObjectHashTables data took   1.48ms
[2019.11.22-04.41.17:131][ 99]Cmd: MAP LOAD FILE="../../../../Projects/LostInSpace/LostInSpace/Content/Scenes/Space.umap" TEMPLATE=0 SHOWPROGRESS=1 FEATURELEVEL=3
[2019.11.22-04.41.17:131][ 99]LightingResults: New page: Lighting Build
[2019.11.22-04.41.17:132][ 99]LoadErrors: New page: Loading map: Space.umap
[2019.11.22-04.41.17:132][ 99]LogWorld: UWorld::CleanupWorld for Untitled_1, bSessionEnded=true, bCleanupResources=true
[2019.11.22-04.41.17:132][ 99]LogSlate: InvalidateAllWidgets triggered.  All widgets were invalidated
[2019.11.22-04.41.17:132][ 99]MapCheck: New page: Map Check
[2019.11.22-04.41.17:132][ 99]LightingResults: New page: Lighting Build
[2019.11.22-04.41.17:151][ 99]LogUObjectHash: Compacting FUObjectHashTables data took   1.24ms
[2019.11.22-04.41.17:153][ 99]LogEditorServer: Finished looking for orphan Actors (0.000 secs)
[2019.11.22-04.41.17:171][ 99]LogUObjectHash: Compacting FUObjectHashTables data took   1.07ms
[2019.11.22-04.41.17:193][ 99]Cmd: MAP CHECKDEP NOCLEARLOG
[2019.11.22-04.41.17:193][ 99]MapCheck: Map check complete: 0 Error(s), 0 Warning(s), took 0.066ms to complete.
[2019.11.22-04.41.17:193][ 99]LogFileHelpers: Loading map 'Space' took 0.063
[2019.11.22-04.41.19:941][422]Cmd: OBJ SAVEPACKAGE PACKAGE="/Game/Scenes/Space" FILE="../../../../Projects/LostInSpace/LostInSpace/Content/Scenes/Space.umap" SILENT=true AUTOSAVING=false KEEPDIRTY=false
[2019.11.22-04.41.19:962][422]LogUObjectHash: Compacting FUObjectHashTables data took   0.53ms
[2019.11.22-04.41.19:975][422]LogSavePackage: Moving '../../../../Projects/LostInSpace/LostInSpace/Saved/SpaceD6CCC448445E722DC47BF8AECD72C662.tmp' to '../../../../Projects/LostInSpace/LostInSpace/Content/Scenes/Space.umap'
[2019.11.22-04.41.20:012][422]AssetCheck: New page: Asset Save: Space
[2019.11.22-04.41.20:012][422]LogContentValidation: Display: Validating World /Game/Scenes/Space.Space
[2019.11.22-04.41.54:244][ 91]LogEditorViewport: Clicking on Actor (LMB): StaticMeshActor (Planet 2)
[2019.11.22-04.41.56:556][280]LogAssetEditorSubsystem: Opening Asset editor for MaterialInstanceConstant /Game/planet_content/Materials/mars_mat_Inst.mars_mat_Inst
[2019.11.22-04.41.58:280][447]LogEditorViewport: Clicking on Actor (LMB): StaticMeshActor (Planet 3)
[2019.11.22-04.41.59:528][524]LogAssetEditorSubsystem: Opening Asset editor for MaterialInstanceConstant /Game/planet_content/Materials/jupiter_inst.jupiter_inst
[2019.11.22-04.42.00:170][585]LogEditorViewport: Clicking on Actor (LMB): StaticMeshActor (Planet 4)
[2019.11.22-04.42.01:291][652]LogAssetEditorSubsystem: Opening Asset editor for MaterialInstanceConstant /Game/planet_content/Materials/venus_mat_Inst.venus_mat_Inst
[2019.11.22-04.42.02:180][745]LogEditorViewport: Clicking on Actor (LMB): StaticMeshActor (Planet 1)
[2019.11.22-04.42.03:363][817]LogAssetEditorSubsystem: Opening Asset editor for MaterialInstanceConstant /Game/planet_content/Materials/planet_grout_mat_Inst.planet_grout_mat_Inst
[2019.11.22-04.42.22:080][  0]LogUObjectHash: Compacting FUObjectHashTables data took   1.12ms
[2019.11.22-04.42.22:092][  0]LogMaterial: Display: Missing cached shader map for material DebugViewMode MaterialTexCoordScale, compiling. 
[2019.11.22-04.42.22:435][  0]LogShaderCompilers: Display: Worker (1/5): shaders left to compile 4
[2019.11.22-04.42.22:435][  0]LogShaderCompilers: Display: Worker (2/5): shaders left to compile 3
[2019.11.22-04.42.22:435][  0]LogShaderCompilers: Display: Worker (3/5): shaders left to compile 2
[2019.11.22-04.42.22:435][  0]LogShaderCompilers: Display: Worker (4/5): shaders left to compile 1
[2019.11.22-04.42.22:438][  0]TextureStreamingBuild: Display: Compiling optional shaders took 0.357 seconds.
[2019.11.22-04.42.22:459][  0]LogUObjectHash: Compacting FUObjectHashTables data took   0.54ms
[2019.11.22-04.42.22:475][  0]LogSavePackage: Moving '../../../../Projects/LostInSpace/LostInSpace/Saved/planet_grout_mat_Inst6B1A96E645B000AB9B7C1281A5D1DED6.tmp' to '../../../../Projects/LostInSpace/LostInSpace/Content/planet_content/Materials/planet_grout_mat_Inst.uasset'
[2019.11.22-04.42.22:484][  0]AssetCheck: New page: Asset Save: planet_grout_mat_Inst
[2019.11.22-04.42.22:484][  0]LogContentValidation: Display: Validating MaterialInstanceConstant /Game/planet_content/Materials/planet_grout_mat_Inst.planet_grout_mat_Inst
[2019.11.22-04.42.26:810][463]Cmd: OBJ SAVEPACKAGE PACKAGE="/Game/planet_content/Materials/venus_mat_Inst" FILE="../../../../Projects/LostInSpace/LostInSpace/Content/planet_content/Materials/venus_mat_Inst.uasset" SILENT=true
[2019.11.22-04.42.26:829][463]LogUObjectHash: Compacting FUObjectHashTables data took   0.56ms
[2019.11.22-04.42.26:836][463]LogMaterial: Display: Missing cached shader map for material DebugViewMode MaterialTexCoordScale, compiling. 
[2019.11.22-04.42.27:030][463]LogShaderCompilers: Display: Worker (1/5): shaders left to compile 2
[2019.11.22-04.42.27:030][463]LogShaderCompilers: Display: Worker (2/5): shaders left to compile 1
[2019.11.22-04.42.27:031][463]TextureStreamingBuild: Display: Compiling optional shaders took 0.202 seconds.
[2019.11.22-04.42.27:051][463]LogUObjectHash: Compacting FUObjectHashTables data took   0.53ms
[2019.11.22-04.42.27:066][463]LogSavePackage: Moving '../../../../Projects/LostInSpace/LostInSpace/Saved/venus_mat_Inst541CE82B488F2BB0F2B1B785946A4A46.tmp' to '../../../../Projects/LostInSpace/LostInSpace/Content/planet_content/Materials/venus_mat_Inst.uasset'
[2019.11.22-04.42.27:075][463]AssetCheck: New page: Asset Save: venus_mat_Inst
[2019.11.22-04.42.27:075][463]LogContentValidation: Display: Validating MaterialInstanceConstant /Game/planet_content/Materials/venus_mat_Inst.venus_mat_Inst
[2019.11.22-04.42.31:526][923]Cmd: OBJ SAVEPACKAGE PACKAGE="/Game/planet_content/Materials/jupiter_inst" FILE="../../../../Projects/LostInSpace/LostInSpace/Content/planet_content/Materials/jupiter_inst.uasset" SILENT=true
[2019.11.22-04.42.31:544][923]LogUObjectHash: Compacting FUObjectHashTables data took   0.53ms
[2019.11.22-04.42.31:551][923]LogMaterial: Display: Missing cached shader map for material DebugViewMode MaterialTexCoordScale, compiling. 
[2019.11.22-04.42.31:745][923]LogShaderCompilers: Display: Worker (1/5): shaders left to compile 2
[2019.11.22-04.42.31:745][923]LogShaderCompilers: Display: Worker (2/5): shaders left to compile 1
[2019.11.22-04.42.31:748][923]TextureStreamingBuild: Display: Compiling optional shaders took 0.204 seconds.
[2019.11.22-04.42.31:769][923]LogUObjectHash: Compacting FUObjectHashTables data took   0.70ms
[2019.11.22-04.42.31:786][923]LogSavePackage: Moving '../../../../Projects/LostInSpace/LostInSpace/Saved/jupiter_instC97B69B64D528EAD2D709186C39DD8AC.tmp' to '../../../../Projects/LostInSpace/LostInSpace/Content/planet_content/Materials/jupiter_inst.uasset'
[2019.11.22-04.42.31:796][923]AssetCheck: New page: Asset Save: jupiter_inst
[2019.11.22-04.42.31:796][923]LogContentValidation: Display: Validating MaterialInstanceConstant /Game/planet_content/Materials/jupiter_inst.jupiter_inst
[2019.11.22-04.42.35:871][368]Cmd: OBJ SAVEPACKAGE PACKAGE="/Game/planet_content/Materials/mars_mat_Inst" FILE="../../../../Projects/LostInSpace/LostInSpace/Content/planet_content/Materials/mars_mat_Inst.uasset" SILENT=true
[2019.11.22-04.42.35:890][368]LogUObjectHash: Compacting FUObjectHashTables data took   0.57ms
[2019.11.22-04.42.35:897][368]LogMaterial: Display: Missing cached shader map for material DebugViewMode MaterialTexCoordScale, compiling. 
[2019.11.22-04.42.36:092][368]LogShaderCompilers: Display: Worker (1/5): shaders left to compile 2
[2019.11.22-04.42.36:092][368]LogShaderCompilers: Display: Worker (2/5): shaders left to compile 1
[2019.11.22-04.42.36:093][368]TextureStreamingBuild: Display: Compiling optional shaders took 0.202 seconds.
[2019.11.22-04.42.36:112][368]LogUObjectHash: Compacting FUObjectHashTables data took   0.52ms
[2019.11.22-04.42.36:127][368]LogSavePackage: Moving '../../../../Projects/LostInSpace/LostInSpace/Saved/mars_mat_InstBBE72AA74FDED4723FC9D7AF8744D7C9.tmp' to '../../../../Projects/LostInSpace/LostInSpace/Content/planet_content/Materials/mars_mat_Inst.uasset'
[2019.11.22-04.42.36:136][368]AssetCheck: New page: Asset Save: mars_mat_Inst
[2019.11.22-04.42.36:136][368]LogContentValidation: Display: Validating MaterialInstanceConstant /Game/planet_content/Materials/mars_mat_Inst.mars_mat_Inst
[2019.11.22-04.42.36:284][379]LogSlate: Took 0.000305 seconds to synchronously load lazily loaded font '../../../Engine/Content/Slate/Fonts/Roboto-Italic.ttf' (157K)
[2019.11.22-04.42.51:322][374]Cmd: OBJ SAVEPACKAGE PACKAGE="/Game/Scenes/Space" FILE="../../../../Projects/LostInSpace/LostInSpace/Content/Scenes/Space.umap" SILENT=true AUTOSAVING=false KEEPDIRTY=false
[2019.11.22-04.42.51:348][374]LogUObjectHash: Compacting FUObjectHashTables data took   0.98ms
[2019.11.22-04.42.51:359][374]LogSavePackage: Moving '../../../../Projects/LostInSpace/LostInSpace/Saved/Space67A9DC4F4F76FC4F170A8B9F9ADCF59F.tmp' to '../../../../Projects/LostInSpace/LostInSpace/Content/Scenes/Space.umap'
[2019.11.22-04.42.51:390][374]AssetCheck: New page: Asset Save: Space
[2019.11.22-04.42.51:390][374]LogContentValidation: Display: Validating World /Game/Scenes/Space.Space
[2019.11.22-04.42.58:644][797]Cmd: OBJ SAVEPACKAGE PACKAGE="/Game/Scenes/Space" FILE="../../../../Projects/LostInSpace/LostInSpace/Content/Scenes/Space.umap" SILENT=true AUTOSAVING=false KEEPDIRTY=false
[2019.11.22-04.42.58:665][797]LogUObjectHash: Compacting FUObjectHashTables data took   0.93ms
[2019.11.22-04.42.58:674][797]LogSavePackage: Moving '../../../../Projects/LostInSpace/LostInSpace/Saved/SpaceF8EC3CC049F8BF4D030339A550B32CFC.tmp' to '../../../../Projects/LostInSpace/LostInSpace/Content/Scenes/Space.umap'
[2019.11.22-04.42.58:707][797]AssetCheck: New page: Asset Save: Space
[2019.11.22-04.42.58:707][797]LogContentValidation: Display: Validating World /Game/Scenes/Space.Space
[2019.11.22-04.43.00:695][919]LogTemp: Repeating last play command: Selected Viewport
[2019.11.22-04.43.00:707][919]LogPlayLevel: PlayLevel: No blueprints needed recompiling
[2019.11.22-04.43.00:707][919]PIE: New page: PIE session: Space (Nov 21, 2019, 12:43:00 PM)
[2019.11.22-04.43.00:708][919]LogOnline: OSS: Creating online subsystem instance for: NULL
[2019.11.22-04.43.00:709][919]LogOnline: OSS: TryLoadSubsystemAndSetDefault: Loaded subsystem for module [NULL]
[2019.11.22-04.43.00:709][919]LogPlayLevel: Creating play world package: /Game/Scenes/UEDPIE_0_Space
[2019.11.22-04.43.00:710][919]LogPlayLevel: PIE: StaticDuplicateObject took: (0.001180s)
[2019.11.22-04.43.00:712][919]LogAIModule: Creating AISystem for world Space
[2019.11.22-04.43.00:712][919]LogPlayLevel: PIE: World Init took: (0.002082s)
[2019.11.22-04.43.00:712][919]LogPlayLevel: PIE: Created PIE world by copying editor world from /Game/Scenes/Space.Space to /Game/Scenes/UEDPIE_0_Space.Space (0.003417s)
[2019.11.22-04.43.00:731][919]LogUObjectHash: Compacting FUObjectHashTables data took   1.17ms
[2019.11.22-04.43.00:732][919]LogAudioMixer: Display: Audio Mixer Platform Settings:
[2019.11.22-04.43.00:732][919]LogAudioMixer: Display: 	Sample Rate:						  48000
[2019.11.22-04.43.00:732][919]LogAudioMixer: Display: 	Callback Buffer Frame Size Requested: 1024
[2019.11.22-04.43.00:732][919]LogAudioMixer: Display: 	Callback Buffer Frame Size To Use:	  1024
[2019.11.22-04.43.00:732][919]LogAudioMixer: Display: 	Number of buffers to queue:			  2
[2019.11.22-04.43.00:732][919]LogAudioMixer: Display: 	Max Channels (voices):				  32
[2019.11.22-04.43.00:732][919]LogAudioMixer: Display: 	Number of Async Source Workers:		  0
[2019.11.22-04.43.00:732][919]LogAudio: Display: AudioDevice MaxSources: 32
[2019.11.22-04.43.00:732][919]LogAudio: Display: Using built-in audio occlusion.
[2019.11.22-04.43.00:732][919]LogAudioMixer: Display: Initializing audio mixer.
[2019.11.22-04.43.00:779][919]LogAudioMixer: Display: Audio Device Output Speaker Info:
[2019.11.22-04.43.00:779][919]LogAudioMixer: Display: Name: Desktop Output (VB-Audio VoiceMeeter VAIO)
[2019.11.22-04.43.00:779][919]LogAudioMixer: Display: Is Default: Yes
[2019.11.22-04.43.00:779][919]LogAudioMixer: Display: Sample Rate: 48000
[2019.11.22-04.43.00:779][919]LogAudioMixer: Display: Channel Count Used: 2
[2019.11.22-04.43.00:779][919]LogAudioMixer: Display: Device Channel Count: 2
[2019.11.22-04.43.00:779][919]LogAudioMixer: Display: Channel Order:
[2019.11.22-04.43.00:779][919]LogAudioMixer: Display: 0: FrontLeft
[2019.11.22-04.43.00:779][919]LogAudioMixer: Display: 1: FrontRight
[2019.11.22-04.43.00:783][919]LogAudioMixer: Display: Using Audio Device Desktop Output (VB-Audio VoiceMeeter VAIO)
[2019.11.22-04.43.00:785][919]LogInit: FAudioDevice initialized.
[2019.11.22-04.43.00:810][919]LogLoad: Game class is 'GameBlueprint_C'
[2019.11.22-04.43.00:812][919]LogWorld: Bringing World /Game/Scenes/UEDPIE_0_Space.Space up for play (max tick rate 0) at 2019.11.21-20.43.00
[2019.11.22-04.43.00:812][919]LogWorld: Bringing up level for play took: 0.000478
[2019.11.22-04.43.00:812][919]LogOnline: OSS: Creating online subsystem instance for: :Context_7
[2019.11.22-04.43.00:814][919]LogContentBrowser: Native class hierarchy updated for 'MovieSceneCapture' in 0.0003 seconds. Added 20 classes and 0 folders.
[2019.11.22-04.43.00:815][919]PIE: Play in editor start time for /Game/Scenes/UEDPIE_0_Space 0.011
[2019.11.22-04.43.03:067][ 31]LogAudioMixer: Display: No commands were queued while flushing the source manager.
[2019.11.22-04.43.03:067][ 31]LogAudioMixer: Display: No commands were queued while flushing the source manager.
[2019.11.22-04.43.03:068][ 31]LogSlate: Updating window title bar state: overlay mode, drag disabled, window buttons hidden, title bar hidden
[2019.11.22-04.43.03:068][ 31]LogWorld: BeginTearingDown for /Game/Scenes/UEDPIE_0_Space
[2019.11.22-04.43.03:068][ 31]LogAudioMixer: Display: No commands were queued while flushing the source manager.
[2019.11.22-04.43.03:068][ 31]LogWorld: UWorld::CleanupWorld for Space, bSessionEnded=true, bCleanupResources=true
[2019.11.22-04.43.03:068][ 31]LogSlate: InvalidateAllWidgets triggered.  All widgets were invalidated
[2019.11.22-04.43.03:098][ 31]LogPlayLevel: Display: Shutting down PIE online subsystems
[2019.11.22-04.43.03:101][ 31]LogSlate: InvalidateAllWidgets triggered.  All widgets were invalidated
[2019.11.22-04.43.03:119][ 31]LogAudioMixer: Display: No commands were queued while flushing the source manager.
[2019.11.22-04.43.03:121][ 31]LogSlate: Updating window title bar state: overlay mode, drag disabled, window buttons hidden, title bar hidden
[2019.11.22-04.43.03:124][ 31]LogUObjectHash: Compacting FUObjectHashTables data took   1.67ms
[2019.11.22-04.43.03:169][ 35]LogPlayLevel: Display: Destroying online subsystem :Context_7
[2019.11.22-04.43.13:463][652]Cmd: OBJ SAVEPACKAGE PACKAGE="/Game/Scenes/Space" FILE="../../../../Projects/LostInSpace/LostInSpace/Content/Scenes/Space.umap" SILENT=true AUTOSAVING=false KEEPDIRTY=false
[2019.11.22-04.43.13:483][652]LogUObjectHash: Compacting FUObjectHashTables data took   0.58ms
[2019.11.22-04.43.13:492][652]LogSavePackage: Moving '../../../../Projects/LostInSpace/LostInSpace/Saved/Space7AADBE354E1C7F38AA9A679A324FA976.tmp' to '../../../../Projects/LostInSpace/LostInSpace/Content/Scenes/Space.umap'
[2019.11.22-04.43.13:526][652]AssetCheck: New page: Asset Save: Space
[2019.11.22-04.43.13:526][652]LogContentValidation: Display: Validating World /Game/Scenes/Space.Space
