Log file open, 11/15/19 21:57:37
LogWindows: Failed to load 'aqProf.dll' (GetLastError=126)
LogWindows: File 'aqProf.dll' does not exist
LogWindows: Failed to load 'VtuneApi.dll' (GetLastError=126)
LogWindows: File 'VtuneApi.dll' does not exist
LogWindows: Failed to load 'VtuneApi32e.dll' (GetLastError=126)
LogWindows: File 'VtuneApi32e.dll' does not exist
LogConsoleResponse: Display: Failed to find resolution value strings in scalability ini. Falling back to default.
LogInit: Display: Running engine for game: LostInSpace
LogPlatformFile: Not using cached read wrapper
LogTaskGraph: Started task graph with 5 named threads and 23 total threads with 3 sets of task threads.
LogStats: Stats thread started at 0.051018
LogD3D11RHI: Loaded GFSDK_Aftermath_Lib.x64.dll
LogICUInternationalization: ICU TimeZone Detection - Raw Offset: -8:00, Platform Override: ''
LogPluginManager: Mounting plugin Paper2D
LogPluginManager: Mounting plugin AISupport
LogPluginManager: Mounting plugin LightPropagationVolume
LogPluginManager: Mounting plugin ActorLayerUtilities
LogPluginManager: Mounting plugin AnimationSharing
LogPluginManager: Mounting plugin CLionSourceCodeAccess
LogPluginManager: Mounting plugin CodeLiteSourceCodeAccess
LogPluginManager: Mounting plugin GitSourceControl
LogPluginManager: Mounting plugin KDevelopSourceCodeAccess
LogPluginManager: Mounting plugin NullSourceCodeAccess
LogPluginManager: Mounting plugin PerforceSourceControl
LogPluginManager: Mounting plugin PlasticSourceControl
LogPluginManager: Mounting plugin SubversionSourceControl
LogPluginManager: Mounting plugin UObjectPlugin
LogPluginManager: Mounting plugin VisualStudioCodeSourceCodeAccess
LogPluginManager: Mounting plugin VisualStudioSourceCodeAccess
LogPluginManager: Mounting plugin XCodeSourceCodeAccess
LogPluginManager: Mounting plugin AssetManagerEditor
LogPluginManager: Mounting plugin CryptoKeys
LogPluginManager: Mounting plugin CurveEditorTools
LogPluginManager: Mounting plugin DataValidation
LogPluginManager: Mounting plugin EditorScriptingUtilities
LogPluginManager: Mounting plugin FacialAnimation
LogPluginManager: Mounting plugin GameplayTagsEditor
LogPluginManager: Mounting plugin MacGraphicsSwitching
LogPluginManager: Mounting plugin MaterialAnalyzer
LogPluginManager: Mounting plugin MobileLauncherProfileWizard
LogPluginManager: Mounting plugin PluginBrowser
LogPluginManager: Mounting plugin SpeedTreeImporter
LogPluginManager: Mounting plugin DatasmithContent
LogPluginManager: Mounting plugin VariantManagerContent
LogPluginManager: Mounting plugin AlembicImporter
LogPluginManager: Mounting plugin AutomationUtils
LogPluginManager: Mounting plugin BackChannel
LogPluginManager: Mounting plugin CharacterAI
LogPluginManager: Mounting plugin DataPrepEditor
LogPluginManager: Mounting plugin GeometryCache
LogPluginManager: Mounting plugin PlatformCrypto
LogPluginManager: Mounting plugin ProxyLODPlugin
LogPluginManager: Mounting plugin SkeletalReduction
LogPluginManager: Mounting plugin MagicLeap
LogPluginManager: Mounting plugin MagicLeapMedia
LogPluginManager: Mounting plugin MLSDK
LogPluginManager: Mounting plugin AndroidMedia
LogPluginManager: Mounting plugin AvfMedia
LogPluginManager: Mounting plugin ImgMedia
LogPluginManager: Mounting plugin MediaCompositing
LogPluginManager: Mounting plugin MediaPlayerEditor
LogPluginManager: Mounting plugin WebMMedia
LogPluginManager: Mounting plugin WmfMedia
LogPluginManager: Mounting plugin TcpMessaging
LogPluginManager: Mounting plugin UdpMessaging
LogPluginManager: Mounting plugin ActorSequence
LogPluginManager: Mounting plugin LevelSequenceEditor
LogPluginManager: Mounting plugin MatineeToLevelSequence
LogPluginManager: Mounting plugin NetcodeUnitTest
LogPluginManager: Mounting plugin NUTUnrealEngine4
LogPluginManager: Mounting plugin OnlineSubsystemGooglePlay
LogPluginManager: Mounting plugin OnlineSubsystemIOS
LogPluginManager: Mounting plugin OnlineSubsystem
LogPluginManager: Mounting plugin OnlineSubsystemNull
LogPluginManager: Mounting plugin OnlineSubsystemUtils
LogPluginManager: Mounting plugin LauncherChunkInstaller
LogPluginManager: Mounting plugin AndroidDeviceProfileSelector
LogPluginManager: Mounting plugin AndroidMoviePlayer
LogPluginManager: Mounting plugin AndroidPermission
LogPluginManager: Mounting plugin AppleImageUtils
LogPluginManager: Mounting plugin AppleMoviePlayer
LogPluginManager: Mounting plugin ArchVisCharacter
LogPluginManager: Mounting plugin AssetTags
LogPluginManager: Mounting plugin AudioCapture
LogPluginManager: Mounting plugin CableComponent
LogPluginManager: Mounting plugin CustomMeshComponent
LogPluginManager: Mounting plugin EditableMesh
LogPluginManager: Mounting plugin ExampleDeviceProfileSelector
LogPluginManager: Mounting plugin GoogleCloudMessaging
LogPluginManager: Mounting plugin IOSDeviceProfileSelector
LogPluginManager: Mounting plugin LinuxDeviceProfileSelector
LogPluginManager: Mounting plugin LocationServicesBPLibrary
LogPluginManager: Mounting plugin MobilePatchingUtils
LogPluginManager: Mounting plugin OculusVR
LogPluginManager: Mounting plugin PhysXVehicles
LogPluginManager: Mounting plugin PostSplashScreen
LogPluginManager: Mounting plugin ProceduralMeshComponent
LogPluginManager: Mounting plugin RuntimePhysXCooking
LogPluginManager: Mounting plugin SignificanceManager
LogPluginManager: Mounting plugin SteamVR
LogPluginManager: Mounting plugin WebMMoviePlayer
LogPluginManager: Mounting plugin WindowsMoviePlayer
LogPluginManager: Mounting plugin ScreenshotTools
LogInit: Using libcurl 7.55.1-DEV
LogInit:  - built for x86_64-pc-win32
LogInit:  - supports SSL with OpenSSL/1.1.1
LogInit:  - supports HTTP deflate (compression) using libz 1.2.8
LogInit:  - other features:
LogInit:      CURL_VERSION_SSL
LogInit:      CURL_VERSION_LIBZ
LogInit:      CURL_VERSION_IPV6
LogInit:      CURL_VERSION_ASYNCHDNS
LogInit:      CURL_VERSION_LARGEFILE
LogInit:      CURL_VERSION_IDN
LogInit:  CurlRequestOptions (configurable via config and command line):
LogInit:  - bVerifyPeer = true  - Libcurl will verify peer certificate
LogInit:  - bUseHttpProxy = false  - Libcurl will NOT use HTTP proxy
LogInit:  - bDontReuseConnections = false  - Libcurl will reuse connections
LogInit:  - MaxHostConnections = 16  - Libcurl will limit the number of connections to a host
LogInit:  - LocalHostAddr = Default
LogInit:  - BufferSize = 65536
LogOnline: OSS: Creating online subsystem instance for: NULL
LogInit: WinSock: version 1.1 (2.2), MaxSocks=32767, MaxUdp=65467
LogOnline: OSS: TryLoadSubsystemAndSetDefault: Loaded subsystem for module [NULL]
LogInit: Build: ++UE4+Release-4.24-CL-10091930
LogInit: Engine Version: 4.24.0-10091930+++UE4+Release-4.24
LogInit: Compatible Engine Version: 4.24.0-10091930+++UE4+Release-4.24
LogInit: Net CL: 10091930
LogInit: OS: Windows 10 (Release 1903) (), CPU: Intel(R) Core(TM) i7-7700K CPU @ 4.20GHz, GPU: NVIDIA GeForce GTX 1070
LogInit: Compiled (64-bit): Nov 11 2019 02:04:43
LogInit: Compiled with Visual C++: 19.16.27032.01
LogInit: Build Configuration: Development
LogInit: Branch Name: ++UE4+Release-4.24
LogInit: Command Line:  -EpicPortal -epicusername=MirageVertex -epicuserid=1af87d38b267491792c718c42549de78 -epiclocale=en-US
LogInit: Base Directory: D:/UE_4.24/Engine/Binaries/Win64/
LogInit: Installed Engine Build: 1
LogDevObjectVersion: Number of dev versions registered: 25
LogDevObjectVersion:   Dev-Blueprints (B0D832E4-1F89-4F0D-ACCF-7EB736FD4AA2): 10
LogDevObjectVersion:   Dev-Build (E1C64328-A22C-4D53-A36C-8E866417BD8C): 0
LogDevObjectVersion:   Dev-Core (375EC13C-06E4-48FB-B500-84F0262A717E): 3
LogDevObjectVersion:   Dev-Editor (E4B068ED-F494-42E9-A231-DA0B2E46BB41): 37
LogDevObjectVersion:   Dev-Framework (CFFC743F-43B0-4480-9391-14DF171D2073): 36
LogDevObjectVersion:   Dev-Mobile (B02B49B5-BB20-44E9-A304-32B752E40360): 2
LogDevObjectVersion:   Dev-Networking (A4E4105C-59A1-49B5-A7C5-40C4547EDFEE): 0
LogDevObjectVersion:   Dev-Online (39C831C9-5AE6-47DC-9A44-9C173E1C8E7C): 0
LogDevObjectVersion:   Dev-Physics (78F01B33-EBEA-4F98-B9B4-84EACCB95AA2): 2
LogDevObjectVersion:   Dev-Platform (6631380F-2D4D-43E0-8009-CF276956A95A): 0
LogDevObjectVersion:   Dev-Rendering (12F88B9F-8875-4AFC-A67C-D90C383ABD29): 36
LogDevObjectVersion:   Dev-Sequencer (7B5AE74C-D270-4C10-A958-57980B212A5A): 11
LogDevObjectVersion:   Dev-VR (D7296918-1DD6-4BDD-9DE2-64A83CC13884): 2
LogDevObjectVersion:   Dev-LoadTimes (C2A15278-BFE7-4AFE-6C17-90FF531DF755): 1
LogDevObjectVersion:   Private-Geometry (6EACA3D4-40EC-4CC1-B786-8BED09428FC5): 3
LogDevObjectVersion:   Dev-AnimPhys (29E575DD-E0A3-4627-9D10-D276232CDCEA): 17
LogDevObjectVersion:   Dev-Anim (AF43A65D-7FD3-4947-9873-3E8ED9C1BB05): 2
LogDevObjectVersion:   Dev-ReflectionCapture (6B266CEC-1EC7-4B8F-A30B-E4D90942FC07): 1
LogDevObjectVersion:   Dev-Automation (0DF73D61-A23F-47EA-B727-89E90C41499A): 1
LogDevObjectVersion:   FortniteMain (601D1886-AC64-4F84-AA16-D3DE0DEAC7D6): 31
LogDevObjectVersion:   Dev-Enterprise (9DFFBCD6-494F-0158-E221-12823C92A888): 8
LogDevObjectVersion:   Dev-Niagara (F2AED0AC-9AFE-416F-8664-AA7FFA26D6FC): 1
LogDevObjectVersion:   Dev-Destruction (174F1F0B-B4C6-45A5-B13F-2EE8D0FB917D): 9
LogDevObjectVersion:   Dev-Physics-Ext (35F94A83-E258-406C-A318-09F59610247C): 8
LogDevObjectVersion:   Dev-CineCamera (B2E18506-4273-CFC2-A54E-F4BB758BBA07): 1
LogInit: Presizing for max 25165824 objects, including 0 objects not considered by GC, pre-allocating 0 bytes for permanent pool.
LogInit: Object subsystem initialized
LogConfig: Setting CVar [[con.DebugEarlyDefault:1]]
LogConfig: Setting CVar [[r.setres:1280x720]]
[2019.11.16-05.57.38:023][  0]LogConfig: Setting CVar [[r.VSync:0]]
[2019.11.16-05.57.38:023][  0]LogConfig: Setting CVar [[r.RHICmdBypass:0]]
[2019.11.16-05.57.38:023][  0]LogConfig: Applying CVar settings from Section [/Script/Engine.RendererSettings] File [D:/LostInSpace/LostInSpace/Saved/Config/Windows/Engine.ini]
[2019.11.16-05.57.38:023][  0]LogConfig: Setting CVar [[r.GPUCrashDebugging:0]]
[2019.11.16-05.57.38:023][  0]LogConfig: Applying CVar settings from Section [/Script/Engine.RendererOverrideSettings] File [D:/LostInSpace/LostInSpace/Saved/Config/Windows/Engine.ini]
[2019.11.16-05.57.38:023][  0]LogConfig: Applying CVar settings from Section [/Script/Engine.StreamingSettings] File [D:/LostInSpace/LostInSpace/Saved/Config/Windows/Engine.ini]
[2019.11.16-05.57.38:023][  0]LogConfig: Setting CVar [[s.MinBulkDataSizeForAsyncLoading:131072]]
[2019.11.16-05.57.38:023][  0]LogConfig: Setting CVar [[s.AsyncLoadingThreadEnabled:0]]
[2019.11.16-05.57.38:023][  0]LogConfig: Setting CVar [[s.EventDrivenLoaderEnabled:1]]
[2019.11.16-05.57.38:023][  0]LogConfig: Setting CVar [[s.WarnIfTimeLimitExceeded:0]]
[2019.11.16-05.57.38:023][  0]LogConfig: Setting CVar [[s.TimeLimitExceededMultiplier:1.5]]
[2019.11.16-05.57.38:023][  0]LogConfig: Setting CVar [[s.TimeLimitExceededMinTime:0.005]]
[2019.11.16-05.57.38:023][  0]LogConfig: Setting CVar [[s.UseBackgroundLevelStreaming:1]]
[2019.11.16-05.57.38:023][  0]LogConfig: Setting CVar [[s.PriorityAsyncLoadingExtraTime:15.0]]
[2019.11.16-05.57.38:023][  0]LogConfig: Setting CVar [[s.LevelStreamingActorsUpdateTimeLimit:5.0]]
[2019.11.16-05.57.38:023][  0]LogConfig: Setting CVar [[s.PriorityLevelStreamingActorsUpdateExtraTime:5.0]]
[2019.11.16-05.57.38:023][  0]LogConfig: Setting CVar [[s.LevelStreamingComponentsRegistrationGranularity:10]]
[2019.11.16-05.57.38:023][  0]LogConfig: Setting CVar [[s.UnregisterComponentsTimeLimit:1.0]]
[2019.11.16-05.57.38:023][  0]LogConfig: Setting CVar [[s.LevelStreamingComponentsUnregistrationGranularity:5]]
[2019.11.16-05.57.38:023][  0]LogConfig: Setting CVar [[s.FlushStreamingOnExit:1]]
[2019.11.16-05.57.38:023][  0]LogConfig: Applying CVar settings from Section [/Script/Engine.GarbageCollectionSettings] File [D:/LostInSpace/LostInSpace/Saved/Config/Windows/Engine.ini]
[2019.11.16-05.57.38:023][  0]LogConfig: Setting CVar [[gc.MaxObjectsNotConsideredByGC:1]]
[2019.11.16-05.57.38:023][  0]LogConfig: Setting CVar [[gc.SizeOfPermanentObjectPool:0]]
[2019.11.16-05.57.38:023][  0]LogConfig: Setting CVar [[gc.FlushStreamingOnGC:0]]
[2019.11.16-05.57.38:023][  0]LogConfig: Setting CVar [[gc.NumRetriesBeforeForcingGC:10]]
[2019.11.16-05.57.38:023][  0]LogConfig: Setting CVar [[gc.AllowParallelGC:1]]
[2019.11.16-05.57.38:023][  0]LogConfig: Setting CVar [[gc.TimeBetweenPurgingPendingKillObjects:61.1]]
[2019.11.16-05.57.38:023][  0]LogConfig: Setting CVar [[gc.MaxObjectsInEditor:25165824]]
[2019.11.16-05.57.38:023][  0]LogConfig: Setting CVar [[gc.IncrementalBeginDestroyEnabled:1]]
[2019.11.16-05.57.38:023][  0]LogConfig: Setting CVar [[gc.CreateGCClusters:1]]
[2019.11.16-05.57.38:023][  0]LogConfig: Setting CVar [[gc.MinGCClusterSize:5]]
[2019.11.16-05.57.38:023][  0]LogConfig: Setting CVar [[gc.ActorClusteringEnabled:0]]
[2019.11.16-05.57.38:023][  0]LogConfig: Setting CVar [[gc.BlueprintClusteringEnabled:0]]
[2019.11.16-05.57.38:023][  0]LogConfig: Setting CVar [[gc.UseDisregardForGCOnDedicatedServers:0]]
[2019.11.16-05.57.38:023][  0]LogConfig: Applying CVar settings from Section [/Script/Engine.NetworkSettings] File [D:/LostInSpace/LostInSpace/Saved/Config/Windows/Engine.ini]
[2019.11.16-05.57.38:023][  0]LogConfig: Applying CVar settings from Section [/Script/UnrealEd.CookerSettings] File [D:/LostInSpace/LostInSpace/Saved/Config/Windows/Engine.ini]
[2019.11.16-05.57.38:027][  0]LogConfig: Applying CVar settings from Section [ViewDistanceQuality@3] File [D:/LostInSpace/LostInSpace/Saved/Config/Windows/Scalability.ini]
[2019.11.16-05.57.38:027][  0]LogConfig: Setting CVar [[r.SkeletalMeshLODBias:0]]
[2019.11.16-05.57.38:027][  0]LogConfig: Setting CVar [[r.ViewDistanceScale:1.0]]
[2019.11.16-05.57.38:027][  0]LogConfig: Applying CVar settings from Section [AntiAliasingQuality@3] File [D:/LostInSpace/LostInSpace/Saved/Config/Windows/Scalability.ini]
[2019.11.16-05.57.38:027][  0]LogConfig: Setting CVar [[r.PostProcessAAQuality:4]]
[2019.11.16-05.57.38:027][  0]LogConfig: Applying CVar settings from Section [ShadowQuality@3] File [D:/LostInSpace/LostInSpace/Saved/Config/Windows/Scalability.ini]
[2019.11.16-05.57.38:027][  0]LogConfig: Setting CVar [[r.LightFunctionQuality:1]]
[2019.11.16-05.57.38:027][  0]LogConfig: Setting CVar [[r.ShadowQuality:5]]
[2019.11.16-05.57.38:027][  0]LogConfig: Setting CVar [[r.Shadow.CSM.MaxCascades:10]]
[2019.11.16-05.57.38:027][  0]LogConfig: Setting CVar [[r.Shadow.MaxResolution:2048]]
[2019.11.16-05.57.38:027][  0]LogConfig: Setting CVar [[r.Shadow.MaxCSMResolution:2048]]
[2019.11.16-05.57.38:027][  0]LogConfig: Setting CVar [[r.Shadow.RadiusThreshold:0.01]]
[2019.11.16-05.57.38:027][  0]LogConfig: Setting CVar [[r.Shadow.DistanceScale:1.0]]
[2019.11.16-05.57.38:027][  0]LogConfig: Setting CVar [[r.Shadow.CSM.TransitionScale:1.0]]
[2019.11.16-05.57.38:027][  0]LogConfig: Setting CVar [[r.Shadow.PreShadowResolutionFactor:1.0]]
[2019.11.16-05.57.38:027][  0]LogConfig: Setting CVar [[r.DistanceFieldShadowing:1]]
[2019.11.16-05.57.38:027][  0]LogConfig: Setting CVar [[r.DistanceFieldAO:1]]
[2019.11.16-05.57.38:027][  0]LogConfig: Setting CVar [[r.AOQuality:2]]
[2019.11.16-05.57.38:027][  0]LogConfig: Setting CVar [[r.VolumetricFog:1]]
[2019.11.16-05.57.38:027][  0]LogConfig: Setting CVar [[r.VolumetricFog.GridPixelSize:8]]
[2019.11.16-05.57.38:027][  0]LogConfig: Setting CVar [[r.VolumetricFog.GridSizeZ:128]]
[2019.11.16-05.57.38:027][  0]LogConfig: Setting CVar [[r.VolumetricFog.HistoryMissSupersampleCount:4]]
[2019.11.16-05.57.38:027][  0]LogConfig: Setting CVar [[r.LightMaxDrawDistanceScale:1]]
[2019.11.16-05.57.38:027][  0]LogConfig: Setting CVar [[r.CapsuleShadows:1]]
[2019.11.16-05.57.38:027][  0]LogConfig: Applying CVar settings from Section [PostProcessQuality@3] File [D:/LostInSpace/LostInSpace/Saved/Config/Windows/Scalability.ini]
[2019.11.16-05.57.38:027][  0]LogConfig: Setting CVar [[r.MotionBlurQuality:4]]
[2019.11.16-05.57.38:028][  0]LogConfig: Setting CVar [[r.AmbientOcclusionMipLevelFactor:0.4]]
[2019.11.16-05.57.38:028][  0]LogConfig: Setting CVar [[r.AmbientOcclusionMaxQuality:100]]
[2019.11.16-05.57.38:028][  0]LogConfig: Setting CVar [[r.AmbientOcclusionLevels:-1]]
[2019.11.16-05.57.38:028][  0]LogConfig: Setting CVar [[r.AmbientOcclusionRadiusScale:1.0]]
[2019.11.16-05.57.38:028][  0]LogConfig: Setting CVar [[r.DepthOfFieldQuality:2]]
[2019.11.16-05.57.38:028][  0]LogConfig: Setting CVar [[r.RenderTargetPoolMin:400]]
[2019.11.16-05.57.38:028][  0]LogConfig: Setting CVar [[r.LensFlareQuality:2]]
[2019.11.16-05.57.38:028][  0]LogConfig: Setting CVar [[r.SceneColorFringeQuality:1]]
[2019.11.16-05.57.38:028][  0]LogConfig: Setting CVar [[r.EyeAdaptationQuality:2]]
[2019.11.16-05.57.38:028][  0]LogConfig: Setting CVar [[r.BloomQuality:5]]
[2019.11.16-05.57.38:028][  0]LogConfig: Setting CVar [[r.FastBlurThreshold:100]]
[2019.11.16-05.57.38:028][  0]LogConfig: Setting CVar [[r.Upscale.Quality:3]]
[2019.11.16-05.57.38:028][  0]LogConfig: Setting CVar [[r.Tonemapper.GrainQuantization:1]]
[2019.11.16-05.57.38:028][  0]LogConfig: Setting CVar [[r.LightShaftQuality:1]]
[2019.11.16-05.57.38:028][  0]LogConfig: Setting CVar [[r.Filter.SizeScale:1]]
[2019.11.16-05.57.38:028][  0]LogConfig: Setting CVar [[r.Tonemapper.Quality:5]]
[2019.11.16-05.57.38:028][  0]LogConfig: Setting CVar [[r.DOF.Gather.AccumulatorQuality:1        ; higher gathering accumulator quality]]
[2019.11.16-05.57.38:028][  0]LogConfig: Setting CVar [[r.DOF.Gather.PostfilterMethod:1          ; Median3x3 postfilering method]]
[2019.11.16-05.57.38:028][  0]LogConfig: Setting CVar [[r.DOF.Gather.EnableBokehSettings:0       ; no bokeh simulation when gathering]]
[2019.11.16-05.57.38:028][  0]LogConfig: Setting CVar [[r.DOF.Gather.RingCount:4                 ; medium number of samples when gathering]]
[2019.11.16-05.57.38:028][  0]LogConfig: Setting CVar [[r.DOF.Scatter.ForegroundCompositing:1    ; additive foreground scattering]]
[2019.11.16-05.57.38:028][  0]LogConfig: Setting CVar [[r.DOF.Scatter.BackgroundCompositing:2    ; additive background scattering]]
[2019.11.16-05.57.38:028][  0]LogConfig: Setting CVar [[r.DOF.Scatter.EnableBokehSettings:1      ; bokeh simulation when scattering]]
[2019.11.16-05.57.38:028][  0]LogConfig: Setting CVar [[r.DOF.Scatter.MaxSpriteRatio:0.1         ; only a maximum of 10% of scattered bokeh]]
[2019.11.16-05.57.38:028][  0]LogConfig: Setting CVar [[r.DOF.Recombine.Quality:1                ; cheap slight out of focus]]
[2019.11.16-05.57.38:028][  0]LogConfig: Setting CVar [[r.DOF.Recombine.EnableBokehSettings:0    ; no bokeh simulation on slight out of focus]]
[2019.11.16-05.57.38:028][  0]LogConfig: Setting CVar [[r.DOF.TemporalAAQuality:1                ; more stable temporal accumulation]]
[2019.11.16-05.57.38:028][  0]LogConfig: Setting CVar [[r.DOF.Kernel.MaxForegroundRadius:0.025]]
[2019.11.16-05.57.38:028][  0]LogConfig: Setting CVar [[r.DOF.Kernel.MaxBackgroundRadius:0.025]]
[2019.11.16-05.57.38:028][  0]LogConfig: Applying CVar settings from Section [TextureQuality@3] File [D:/LostInSpace/LostInSpace/Saved/Config/Windows/Scalability.ini]
[2019.11.16-05.57.38:028][  0]LogConfig: Setting CVar [[r.Streaming.MipBias:0]]
[2019.11.16-05.57.38:028][  0]LogConfig: Setting CVar [[r.Streaming.AmortizeCPUToGPUCopy:0]]
[2019.11.16-05.57.38:028][  0]LogConfig: Setting CVar [[r.Streaming.MaxNumTexturesToStreamPerFrame:0]]
[2019.11.16-05.57.38:028][  0]LogConfig: Setting CVar [[r.Streaming.Boost:1]]
[2019.11.16-05.57.38:028][  0]LogConfig: Setting CVar [[r.MaxAnisotropy:8]]
[2019.11.16-05.57.38:028][  0]LogConfig: Setting CVar [[r.VT.MaxAnisotropy:8]]
[2019.11.16-05.57.38:028][  0]LogConfig: Setting CVar [[r.Streaming.LimitPoolSizeToVRAM:0]]
[2019.11.16-05.57.38:028][  0]LogConfig: Setting CVar [[r.Streaming.PoolSize:1000]]
[2019.11.16-05.57.38:028][  0]LogConfig: Setting CVar [[r.Streaming.MaxEffectiveScreenSize:0]]
[2019.11.16-05.57.38:028][  0]LogConfig: Applying CVar settings from Section [EffectsQuality@3] File [D:/LostInSpace/LostInSpace/Saved/Config/Windows/Scalability.ini]
[2019.11.16-05.57.38:028][  0]LogConfig: Setting CVar [[r.TranslucencyLightingVolumeDim:64]]
[2019.11.16-05.57.38:028][  0]LogConfig: Setting CVar [[r.RefractionQuality:2]]
[2019.11.16-05.57.38:028][  0]LogConfig: Setting CVar [[r.SSR.Quality:3]]
[2019.11.16-05.57.38:028][  0]LogConfig: Setting CVar [[r.SSR.HalfResSceneColor:0]]
[2019.11.16-05.57.38:028][  0]LogConfig: Setting CVar [[r.SceneColorFormat:4]]
[2019.11.16-05.57.38:028][  0]LogConfig: Setting CVar [[r.DetailMode:2]]
[2019.11.16-05.57.38:028][  0]LogConfig: Setting CVar [[r.TranslucencyVolumeBlur:1]]
[2019.11.16-05.57.38:028][  0]LogConfig: Setting CVar [[r.MaterialQualityLevel:1 ; High quality]]
[2019.11.16-05.57.38:028][  0]LogConfig: Setting CVar [[r.SSS.Scale:1]]
[2019.11.16-05.57.38:028][  0]LogConfig: Setting CVar [[r.SSS.SampleSet:2]]
[2019.11.16-05.57.38:028][  0]LogConfig: Setting CVar [[r.SSS.Quality:1]]
[2019.11.16-05.57.38:028][  0]LogConfig: Setting CVar [[r.SSS.HalfRes:1]]
[2019.11.16-05.57.38:028][  0]LogConfig: Setting CVar [[r.SSGI.Quality:3]]
[2019.11.16-05.57.38:028][  0]LogConfig: Setting CVar [[r.EmitterSpawnRateScale:1.0]]
[2019.11.16-05.57.38:028][  0]LogConfig: Setting CVar [[r.ParticleLightQuality:2]]
[2019.11.16-05.57.38:028][  0]LogConfig: Setting CVar [[r.SkyAtmosphere.AerialPerspectiveLUT.FastApplyOnOpaque:1 ; Always have FastSkyLUT 1 in this case to avoid wrong sky]]
[2019.11.16-05.57.38:028][  0]LogConfig: Setting CVar [[r.SkyAtmosphere.AerialPerspectiveLUT.SampleCountPerSlice:1]]
[2019.11.16-05.57.38:028][  0]LogConfig: Setting CVar [[r.SkyAtmosphere.AerialPerspectiveLUT.DepthResolution:16.0]]
[2019.11.16-05.57.38:028][  0]LogConfig: Setting CVar [[r.SkyAtmosphere.FastSkyLUT:1]]
[2019.11.16-05.57.38:028][  0]LogConfig: Setting CVar [[r.SkyAtmosphere.FastSkyLUT.SampleCountMin:4.0]]
[2019.11.16-05.57.38:028][  0]LogConfig: Setting CVar [[r.SkyAtmosphere.FastSkyLUT.SampleCountMax:32.0]]
[2019.11.16-05.57.38:028][  0]LogConfig: Setting CVar [[r.SkyAtmosphere.SampleCountMin:4.0]]
[2019.11.16-05.57.38:028][  0]LogConfig: Setting CVar [[r.SkyAtmosphere.SampleCountMax:32.0]]
[2019.11.16-05.57.38:028][  0]LogConfig: Setting CVar [[r.SkyAtmosphere.TransmittanceLUT.UseSmallFormat:0]]
[2019.11.16-05.57.38:028][  0]LogConfig: Setting CVar [[r.SkyAtmosphere.TransmittanceLUT.SampleCount:10.0]]
[2019.11.16-05.57.38:028][  0]LogConfig: Setting CVar [[r.SkyAtmosphere.MultiScatteringLUT.SampleCount:15.0]]
[2019.11.16-05.57.38:028][  0]LogConfig: Applying CVar settings from Section [FoliageQuality@3] File [D:/LostInSpace/LostInSpace/Saved/Config/Windows/Scalability.ini]
[2019.11.16-05.57.38:028][  0]LogConfig: Setting CVar [[foliage.DensityScale:1.0]]
[2019.11.16-05.57.38:028][  0]LogConfig: Setting CVar [[grass.DensityScale:1.0]]
[2019.11.16-05.57.38:028][  0]LogConfig: Applying CVar settings from Section [ShadingQuality@3] File [D:/LostInSpace/LostInSpace/Saved/Config/Windows/Scalability.ini]
[2019.11.16-05.57.38:028][  0]LogConfig: Setting CVar [[r.HairStrands.SkyLighting.SampleCount:16]]
[2019.11.16-05.57.38:028][  0]LogConfig: Setting CVar [[r.HairStrands.SkyLighting.JitterIntegration:0]]
[2019.11.16-05.57.38:028][  0]LogConfig: Setting CVar [[r.HairStrands.SkyAO.SampleCount:16]]
[2019.11.16-05.57.38:028][  0]LogInit: Selected Device Profile: [Windows]
[2019.11.16-05.57.38:028][  0]LogInit: Applying CVar settings loaded from the selected device profile: [Windows]
[2019.11.16-05.57.38:030][  0]LogHAL: Display: Platform has ~ 16 GB [17118527488 / 17179869184 / 16], which maps to Larger [LargestMinGB=32, LargerMinGB=12, DefaultMinGB=8, SmallerMinGB=6, SmallestMinGB=0)
[2019.11.16-05.57.38:030][  0]LogInit: Going up to parent DeviceProfile []
[2019.11.16-05.57.38:030][  0]LogConfig: Applying CVar settings from Section [ViewDistanceQuality@3] File [D:/LostInSpace/LostInSpace/Saved/Config/Windows/Scalability.ini]
[2019.11.16-05.57.38:030][  0]LogConfig: Setting CVar [[r.SkeletalMeshLODBias:0]]
[2019.11.16-05.57.38:030][  0]LogConfig: Setting CVar [[r.ViewDistanceScale:1.0]]
[2019.11.16-05.57.38:030][  0]LogConfig: Applying CVar settings from Section [AntiAliasingQuality@3] File [D:/LostInSpace/LostInSpace/Saved/Config/Windows/Scalability.ini]
[2019.11.16-05.57.38:030][  0]LogConfig: Setting CVar [[r.PostProcessAAQuality:4]]
[2019.11.16-05.57.38:030][  0]LogConfig: Applying CVar settings from Section [ShadowQuality@3] File [D:/LostInSpace/LostInSpace/Saved/Config/Windows/Scalability.ini]
[2019.11.16-05.57.38:030][  0]LogConfig: Setting CVar [[r.LightFunctionQuality:1]]
[2019.11.16-05.57.38:030][  0]LogConfig: Setting CVar [[r.ShadowQuality:5]]
[2019.11.16-05.57.38:030][  0]LogConfig: Setting CVar [[r.Shadow.CSM.MaxCascades:10]]
[2019.11.16-05.57.38:030][  0]LogConfig: Setting CVar [[r.Shadow.MaxResolution:2048]]
[2019.11.16-05.57.38:030][  0]LogConfig: Setting CVar [[r.Shadow.MaxCSMResolution:2048]]
[2019.11.16-05.57.38:030][  0]LogConfig: Setting CVar [[r.Shadow.RadiusThreshold:0.01]]
[2019.11.16-05.57.38:030][  0]LogConfig: Setting CVar [[r.Shadow.DistanceScale:1.0]]
[2019.11.16-05.57.38:030][  0]LogConfig: Setting CVar [[r.Shadow.CSM.TransitionScale:1.0]]
[2019.11.16-05.57.38:030][  0]LogConfig: Setting CVar [[r.Shadow.PreShadowResolutionFactor:1.0]]
[2019.11.16-05.57.38:030][  0]LogConfig: Setting CVar [[r.DistanceFieldShadowing:1]]
[2019.11.16-05.57.38:030][  0]LogConfig: Setting CVar [[r.DistanceFieldAO:1]]
[2019.11.16-05.57.38:030][  0]LogConfig: Setting CVar [[r.AOQuality:2]]
[2019.11.16-05.57.38:030][  0]LogConfig: Setting CVar [[r.VolumetricFog:1]]
[2019.11.16-05.57.38:030][  0]LogConfig: Setting CVar [[r.VolumetricFog.GridPixelSize:8]]
[2019.11.16-05.57.38:030][  0]LogConfig: Setting CVar [[r.VolumetricFog.GridSizeZ:128]]
[2019.11.16-05.57.38:030][  0]LogConfig: Setting CVar [[r.VolumetricFog.HistoryMissSupersampleCount:4]]
[2019.11.16-05.57.38:030][  0]LogConfig: Setting CVar [[r.LightMaxDrawDistanceScale:1]]
[2019.11.16-05.57.38:030][  0]LogConfig: Setting CVar [[r.CapsuleShadows:1]]
[2019.11.16-05.57.38:030][  0]LogConfig: Applying CVar settings from Section [PostProcessQuality@3] File [D:/LostInSpace/LostInSpace/Saved/Config/Windows/Scalability.ini]
[2019.11.16-05.57.38:030][  0]LogConfig: Setting CVar [[r.MotionBlurQuality:4]]
[2019.11.16-05.57.38:030][  0]LogConfig: Setting CVar [[r.AmbientOcclusionMipLevelFactor:0.4]]
[2019.11.16-05.57.38:030][  0]LogConfig: Setting CVar [[r.AmbientOcclusionMaxQuality:100]]
[2019.11.16-05.57.38:030][  0]LogConfig: Setting CVar [[r.AmbientOcclusionLevels:-1]]
[2019.11.16-05.57.38:030][  0]LogConfig: Setting CVar [[r.AmbientOcclusionRadiusScale:1.0]]
[2019.11.16-05.57.38:030][  0]LogConfig: Setting CVar [[r.DepthOfFieldQuality:2]]
[2019.11.16-05.57.38:030][  0]LogConfig: Setting CVar [[r.RenderTargetPoolMin:400]]
[2019.11.16-05.57.38:030][  0]LogConfig: Setting CVar [[r.LensFlareQuality:2]]
[2019.11.16-05.57.38:030][  0]LogConfig: Setting CVar [[r.SceneColorFringeQuality:1]]
[2019.11.16-05.57.38:030][  0]LogConfig: Setting CVar [[r.EyeAdaptationQuality:2]]
[2019.11.16-05.57.38:030][  0]LogConfig: Setting CVar [[r.BloomQuality:5]]
[2019.11.16-05.57.38:030][  0]LogConfig: Setting CVar [[r.FastBlurThreshold:100]]
[2019.11.16-05.57.38:030][  0]LogConfig: Setting CVar [[r.Upscale.Quality:3]]
[2019.11.16-05.57.38:030][  0]LogConfig: Setting CVar [[r.Tonemapper.GrainQuantization:1]]
[2019.11.16-05.57.38:030][  0]LogConfig: Setting CVar [[r.LightShaftQuality:1]]
[2019.11.16-05.57.38:030][  0]LogConfig: Setting CVar [[r.Filter.SizeScale:1]]
[2019.11.16-05.57.38:030][  0]LogConfig: Setting CVar [[r.Tonemapper.Quality:5]]
[2019.11.16-05.57.38:030][  0]LogConfig: Setting CVar [[r.DOF.Gather.AccumulatorQuality:1        ; higher gathering accumulator quality]]
[2019.11.16-05.57.38:030][  0]LogConfig: Setting CVar [[r.DOF.Gather.PostfilterMethod:1          ; Median3x3 postfilering method]]
[2019.11.16-05.57.38:030][  0]LogConfig: Setting CVar [[r.DOF.Gather.EnableBokehSettings:0       ; no bokeh simulation when gathering]]
[2019.11.16-05.57.38:030][  0]LogConfig: Setting CVar [[r.DOF.Gather.RingCount:4                 ; medium number of samples when gathering]]
[2019.11.16-05.57.38:030][  0]LogConfig: Setting CVar [[r.DOF.Scatter.ForegroundCompositing:1    ; additive foreground scattering]]
[2019.11.16-05.57.38:030][  0]LogConfig: Setting CVar [[r.DOF.Scatter.BackgroundCompositing:2    ; additive background scattering]]
[2019.11.16-05.57.38:030][  0]LogConfig: Setting CVar [[r.DOF.Scatter.EnableBokehSettings:1      ; bokeh simulation when scattering]]
[2019.11.16-05.57.38:031][  0]LogConfig: Setting CVar [[r.DOF.Scatter.MaxSpriteRatio:0.1         ; only a maximum of 10% of scattered bokeh]]
[2019.11.16-05.57.38:031][  0]LogConfig: Setting CVar [[r.DOF.Recombine.Quality:1                ; cheap slight out of focus]]
[2019.11.16-05.57.38:031][  0]LogConfig: Setting CVar [[r.DOF.Recombine.EnableBokehSettings:0    ; no bokeh simulation on slight out of focus]]
[2019.11.16-05.57.38:031][  0]LogConfig: Setting CVar [[r.DOF.TemporalAAQuality:1                ; more stable temporal accumulation]]
[2019.11.16-05.57.38:031][  0]LogConfig: Setting CVar [[r.DOF.Kernel.MaxForegroundRadius:0.025]]
[2019.11.16-05.57.38:031][  0]LogConfig: Setting CVar [[r.DOF.Kernel.MaxBackgroundRadius:0.025]]
[2019.11.16-05.57.38:031][  0]LogConfig: Applying CVar settings from Section [TextureQuality@3] File [D:/LostInSpace/LostInSpace/Saved/Config/Windows/Scalability.ini]
[2019.11.16-05.57.38:031][  0]LogConfig: Setting CVar [[r.Streaming.MipBias:0]]
[2019.11.16-05.57.38:031][  0]LogConfig: Setting CVar [[r.Streaming.AmortizeCPUToGPUCopy:0]]
[2019.11.16-05.57.38:031][  0]LogConfig: Setting CVar [[r.Streaming.MaxNumTexturesToStreamPerFrame:0]]
[2019.11.16-05.57.38:031][  0]LogConfig: Setting CVar [[r.Streaming.Boost:1]]
[2019.11.16-05.57.38:031][  0]LogConfig: Setting CVar [[r.MaxAnisotropy:8]]
[2019.11.16-05.57.38:031][  0]LogConfig: Setting CVar [[r.VT.MaxAnisotropy:8]]
[2019.11.16-05.57.38:031][  0]LogConfig: Setting CVar [[r.Streaming.LimitPoolSizeToVRAM:0]]
[2019.11.16-05.57.38:031][  0]LogConfig: Setting CVar [[r.Streaming.PoolSize:1000]]
[2019.11.16-05.57.38:031][  0]LogConfig: Setting CVar [[r.Streaming.MaxEffectiveScreenSize:0]]
[2019.11.16-05.57.38:031][  0]LogConfig: Applying CVar settings from Section [EffectsQuality@3] File [D:/LostInSpace/LostInSpace/Saved/Config/Windows/Scalability.ini]
[2019.11.16-05.57.38:031][  0]LogConfig: Setting CVar [[r.TranslucencyLightingVolumeDim:64]]
[2019.11.16-05.57.38:031][  0]LogConfig: Setting CVar [[r.RefractionQuality:2]]
[2019.11.16-05.57.38:031][  0]LogConfig: Setting CVar [[r.SSR.Quality:3]]
[2019.11.16-05.57.38:031][  0]LogConfig: Setting CVar [[r.SSR.HalfResSceneColor:0]]
[2019.11.16-05.57.38:031][  0]LogConfig: Setting CVar [[r.SceneColorFormat:4]]
[2019.11.16-05.57.38:031][  0]LogConfig: Setting CVar [[r.DetailMode:2]]
[2019.11.16-05.57.38:031][  0]LogConfig: Setting CVar [[r.TranslucencyVolumeBlur:1]]
[2019.11.16-05.57.38:031][  0]LogConfig: Setting CVar [[r.MaterialQualityLevel:1 ; High quality]]
[2019.11.16-05.57.38:031][  0]LogConfig: Setting CVar [[r.SSS.Scale:1]]
[2019.11.16-05.57.38:031][  0]LogConfig: Setting CVar [[r.SSS.SampleSet:2]]
[2019.11.16-05.57.38:031][  0]LogConfig: Setting CVar [[r.SSS.Quality:1]]
[2019.11.16-05.57.38:031][  0]LogConfig: Setting CVar [[r.SSS.HalfRes:1]]
[2019.11.16-05.57.38:031][  0]LogConfig: Setting CVar [[r.SSGI.Quality:3]]
[2019.11.16-05.57.38:031][  0]LogConfig: Setting CVar [[r.EmitterSpawnRateScale:1.0]]
[2019.11.16-05.57.38:031][  0]LogConfig: Setting CVar [[r.ParticleLightQuality:2]]
[2019.11.16-05.57.38:031][  0]LogConfig: Setting CVar [[r.SkyAtmosphere.AerialPerspectiveLUT.FastApplyOnOpaque:1 ; Always have FastSkyLUT 1 in this case to avoid wrong sky]]
[2019.11.16-05.57.38:031][  0]LogConfig: Setting CVar [[r.SkyAtmosphere.AerialPerspectiveLUT.SampleCountPerSlice:1]]
[2019.11.16-05.57.38:031][  0]LogConfig: Setting CVar [[r.SkyAtmosphere.AerialPerspectiveLUT.DepthResolution:16.0]]
[2019.11.16-05.57.38:031][  0]LogConfig: Setting CVar [[r.SkyAtmosphere.FastSkyLUT:1]]
[2019.11.16-05.57.38:031][  0]LogConfig: Setting CVar [[r.SkyAtmosphere.FastSkyLUT.SampleCountMin:4.0]]
[2019.11.16-05.57.38:031][  0]LogConfig: Setting CVar [[r.SkyAtmosphere.FastSkyLUT.SampleCountMax:32.0]]
[2019.11.16-05.57.38:031][  0]LogConfig: Setting CVar [[r.SkyAtmosphere.SampleCountMin:4.0]]
[2019.11.16-05.57.38:031][  0]LogConfig: Setting CVar [[r.SkyAtmosphere.SampleCountMax:32.0]]
[2019.11.16-05.57.38:031][  0]LogConfig: Setting CVar [[r.SkyAtmosphere.TransmittanceLUT.UseSmallFormat:0]]
[2019.11.16-05.57.38:031][  0]LogConfig: Setting CVar [[r.SkyAtmosphere.TransmittanceLUT.SampleCount:10.0]]
[2019.11.16-05.57.38:031][  0]LogConfig: Setting CVar [[r.SkyAtmosphere.MultiScatteringLUT.SampleCount:15.0]]
[2019.11.16-05.57.38:031][  0]LogConfig: Applying CVar settings from Section [FoliageQuality@3] File [D:/LostInSpace/LostInSpace/Saved/Config/Windows/Scalability.ini]
[2019.11.16-05.57.38:031][  0]LogConfig: Setting CVar [[foliage.DensityScale:1.0]]
[2019.11.16-05.57.38:031][  0]LogConfig: Setting CVar [[grass.DensityScale:1.0]]
[2019.11.16-05.57.38:031][  0]LogConfig: Applying CVar settings from Section [ShadingQuality@3] File [D:/LostInSpace/LostInSpace/Saved/Config/Windows/Scalability.ini]
[2019.11.16-05.57.38:031][  0]LogConfig: Setting CVar [[r.HairStrands.SkyLighting.SampleCount:16]]
[2019.11.16-05.57.38:031][  0]LogConfig: Setting CVar [[r.HairStrands.SkyLighting.JitterIntegration:0]]
[2019.11.16-05.57.38:031][  0]LogConfig: Setting CVar [[r.HairStrands.SkyAO.SampleCount:16]]
[2019.11.16-05.57.38:031][  0]LogConfig: Applying CVar settings from Section [Startup] File [../../../Engine/Config/ConsoleVariables.ini]
[2019.11.16-05.57.38:031][  0]LogConfig: Setting CVar [[net.UseAdaptiveNetUpdateFrequency:0]]
[2019.11.16-05.57.38:031][  0]LogConfig: Setting CVar [[p.chaos.AllowCreatePhysxBodies:1]]
[2019.11.16-05.57.38:031][  0]LogConfig: Applying CVar settings from Section [ConsoleVariables] File [D:/LostInSpace/LostInSpace/Saved/Config/Windows/Engine.ini]
[2019.11.16-05.57.38:031][  0]LogInit: Computer: DESKTOP-OL4DFGJ
[2019.11.16-05.57.38:031][  0]LogInit: User: Elton
[2019.11.16-05.57.38:031][  0]LogInit: CPU Page size=4096, Cores=4
[2019.11.16-05.57.38:031][  0]LogInit: High frequency timer resolution =10.000000 MHz
[2019.11.16-05.57.38:031][  0]LogMemory: Memory total: Physical=15.9GB (16GB approx)
[2019.11.16-05.57.38:031][  0]LogMemory: Platform Memory Stats for Windows
[2019.11.16-05.57.38:031][  0]LogMemory: Process Physical Memory: 108.07 MB used, 108.07 MB peak
[2019.11.16-05.57.38:031][  0]LogMemory: Process Virtual Memory: 100.70 MB used, 100.70 MB peak
[2019.11.16-05.57.38:031][  0]LogMemory: Physical Memory: 6583.41 MB used,  9742.09 MB free, 16325.50 MB total
[2019.11.16-05.57.38:031][  0]LogMemory: Virtual Memory: 5138.00 MB used,  134212592.00 MB free, 134217728.00 MB total
[2019.11.16-05.57.38:352][  0]LogWindows: WindowsPlatformFeatures enabled
[2019.11.16-05.57.38:362][  0]LogInit: Using OS detected language (en-US).
[2019.11.16-05.57.38:362][  0]LogInit: Using OS detected locale (en-US).
[2019.11.16-05.57.38:363][  0]LogTextLocalizationManager: No specific localization for 'en-US' exists, so the 'en' localization will be used.
[2019.11.16-05.57.38:477][  0]LogInit: Setting process to per monitor DPI aware
[2019.11.16-05.57.38:500][  0]LogSlate: New Slate User Created.  User Index 0, Is Virtual User: 0
[2019.11.16-05.57.38:500][  0]LogSlate: Slate User Registered.  User Index 0, Is Virtual User: 0
[2019.11.16-05.57.38:585][  0]LogHMD: Failed to initialize OpenVR with code 110
[2019.11.16-05.57.38:585][  0]LogD3D11RHI: D3D11 min allowed feature level: 11_0
[2019.11.16-05.57.38:585][  0]LogD3D11RHI: D3D11 max allowed feature level: 11_0
[2019.11.16-05.57.38:585][  0]LogD3D11RHI: D3D11 adapters:
[2019.11.16-05.57.38:636][  0]LogD3D11RHI:    0. 'NVIDIA GeForce GTX 1070' (Feature Level 11_0)
[2019.11.16-05.57.38:636][  0]LogD3D11RHI:       8088/0/8162 MB DedicatedVideo/DedicatedSystem/SharedSystem, Outputs:2, VendorId:0x10de
[2019.11.16-05.57.38:638][  0]LogD3D11RHI:    1. 'Microsoft Basic Render Driver' (Feature Level 11_0)
[2019.11.16-05.57.38:638][  0]LogD3D11RHI:       0/0/8162 MB DedicatedVideo/DedicatedSystem/SharedSystem, Outputs:0, VendorId:0x1414
[2019.11.16-05.57.38:638][  0]LogD3D11RHI: Chosen D3D11 Adapter: 0
[2019.11.16-05.57.38:645][  0]LogD3D11RHI: Creating new Direct3DDevice
[2019.11.16-05.57.38:645][  0]LogD3D11RHI:     GPU DeviceId: 0x1b81 (for the marketing name, search the web for "GPU Device Id")
[2019.11.16-05.57.38:645][  0]LogWindows: EnumDisplayDevices:
[2019.11.16-05.57.38:646][  0]LogWindows:    0. 'NVIDIA GeForce GTX 1070' (P:0 D:1)
[2019.11.16-05.57.38:646][  0]LogWindows:    1. 'NVIDIA GeForce GTX 1070' (P:1 D:1)
[2019.11.16-05.57.38:646][  0]LogWindows:    2. 'NVIDIA GeForce GTX 1070' (P:0 D:0)
[2019.11.16-05.57.38:646][  0]LogWindows:    3. 'NVIDIA GeForce GTX 1070' (P:0 D:0)
[2019.11.16-05.57.38:646][  0]LogWindows: DebugString: FoundDriverCount:4 
[2019.11.16-05.57.38:646][  0]LogD3D11RHI:     Adapter Name: NVIDIA GeForce GTX 1070
[2019.11.16-05.57.38:646][  0]LogD3D11RHI:   Driver Version: 441.12 (internal:26.21.14.4112, unified:441.12)
[2019.11.16-05.57.38:646][  0]LogD3D11RHI:      Driver Date: 10-24-2019
[2019.11.16-05.57.38:646][  0]LogRHI: Texture pool is 5661 MB (70% of 8088 MB)
[2019.11.16-05.57.38:677][  0]LogD3D11RHI: RHI has support for 64 bit atomics
[2019.11.16-05.57.38:677][  0]LogD3D11RHI: Async texture creation enabled
[2019.11.16-05.57.38:720][  0]LogD3D11RHI: GPU Timing Frequency: 1000.000000 (Debug: 2 1)
[2019.11.16-05.57.38:948][  0]LogTargetPlatformManager: Display: Loaded TargetPlatform 'AllDesktop'
[2019.11.16-05.57.38:969][  0]LogTargetPlatformManager: Display: Loaded TargetPlatform 'Android'
[2019.11.16-05.57.38:969][  0]LogTargetPlatformManager: Display: Loaded TargetPlatform 'Android_ASTC'
[2019.11.16-05.57.38:969][  0]LogTargetPlatformManager: Display: Loaded TargetPlatform 'Android_ATC'
[2019.11.16-05.57.38:969][  0]LogTargetPlatformManager: Display: Loaded TargetPlatform 'Android_DXT'
[2019.11.16-05.57.38:969][  0]LogTargetPlatformManager: Display: Loaded TargetPlatform 'Android_ETC1'
[2019.11.16-05.57.38:969][  0]LogTargetPlatformManager: Display: Loaded TargetPlatform 'Android_ETC1a'
[2019.11.16-05.57.38:969][  0]LogTargetPlatformManager: Display: Loaded TargetPlatform 'Android_ETC2'
[2019.11.16-05.57.38:969][  0]LogTargetPlatformManager: Display: Loaded TargetPlatform 'Android_PVRTC'
[2019.11.16-05.57.38:969][  0]LogTargetPlatformManager: Display: Loaded TargetPlatform 'AndroidClient'
[2019.11.16-05.57.38:969][  0]LogTargetPlatformManager: Display: Loaded TargetPlatform 'Android_ASTCClient'
[2019.11.16-05.57.38:969][  0]LogTargetPlatformManager: Display: Loaded TargetPlatform 'Android_ATCClient'
[2019.11.16-05.57.38:969][  0]LogTargetPlatformManager: Display: Loaded TargetPlatform 'Android_DXTClient'
[2019.11.16-05.57.38:969][  0]LogTargetPlatformManager: Display: Loaded TargetPlatform 'Android_ETC1Client'
[2019.11.16-05.57.38:969][  0]LogTargetPlatformManager: Display: Loaded TargetPlatform 'Android_ETC1aClient'
[2019.11.16-05.57.38:969][  0]LogTargetPlatformManager: Display: Loaded TargetPlatform 'Android_ETC2Client'
[2019.11.16-05.57.38:969][  0]LogTargetPlatformManager: Display: Loaded TargetPlatform 'Android_PVRTCClient'
[2019.11.16-05.57.38:969][  0]LogTargetPlatformManager: Display: Loaded TargetPlatform 'Android_Multi'
[2019.11.16-05.57.38:969][  0]LogTargetPlatformManager: Display: Loaded TargetPlatform 'Android_MultiClient'
[2019.11.16-05.57.38:981][  0]LogTargetPlatformManager: Display: Loaded TargetPlatform 'IOSClient'
[2019.11.16-05.57.38:981][  0]LogTargetPlatformManager: Display: Loaded TargetPlatform 'IOS'
[2019.11.16-05.57.38:986][  0]LogTargetPlatformManager: Display: Loaded TargetPlatform 'LinuxNoEditor'
[2019.11.16-05.57.38:991][  0]LogTargetPlatformManager: Display: Loaded TargetPlatform 'LinuxClient'
[2019.11.16-05.57.38:996][  0]LogTargetPlatformManager: Display: Loaded TargetPlatform 'LinuxServer'
[2019.11.16-05.57.39:000][  0]LogTargetPlatformManager: Display: Loaded TargetPlatform 'LinuxAArch64NoEditor'
[2019.11.16-05.57.39:005][  0]LogTargetPlatformManager: Display: Loaded TargetPlatform 'LinuxAArch64Client'
[2019.11.16-05.57.39:010][  0]LogTargetPlatformManager: Display: Loaded TargetPlatform 'LinuxAArch64Server'
[2019.11.16-05.57.39:025][  0]LogTargetPlatformManager: Display: Loaded TargetPlatform 'Lumin'
[2019.11.16-05.57.39:025][  0]LogTargetPlatformManager: Display: Loaded TargetPlatform 'LuminClient'
[2019.11.16-05.57.39:034][  0]LogTargetPlatformManager: Display: Loaded TargetPlatform 'TVOSClient'
[2019.11.16-05.57.39:034][  0]LogTargetPlatformManager: Display: Loaded TargetPlatform 'TVOS'
[2019.11.16-05.57.39:039][  0]LogTargetPlatformManager: Display: Loaded TargetPlatform 'WindowsNoEditor'
[2019.11.16-05.57.39:044][  0]LogTargetPlatformManager: Display: Loaded TargetPlatform 'Windows'
[2019.11.16-05.57.39:048][  0]LogTargetPlatformManager: Display: Loaded TargetPlatform 'WindowsClient'
[2019.11.16-05.57.39:053][  0]LogTargetPlatformManager: Display: Loaded TargetPlatform 'WindowsServer'
[2019.11.16-05.57.39:053][  0]LogTargetPlatformManager: Display: Building Assets For Windows
[2019.11.16-05.57.39:055][  0]LogAudioDebug: Display: Lib vorbis DLL was dynamically loaded.
[2019.11.16-05.57.39:067][  0]LogShaderCompilers: Guid format shader working directory is 11 characters bigger than the processId version (../../../../LostInSpace/LostInSpace/Intermediate/Shaders/WorkingDirectory/8556/).
[2019.11.16-05.57.39:067][  0]LogShaderCompilers: Cleaned the shader compiler working directory 'C:/Users/Elton/AppData/Local/Temp/UnrealShaderWorkingDir/EA71048F41271C5BFEDC1A9E57838CD1/'.
[2019.11.16-05.57.39:067][  0]LogXGEController: Cannot use XGE Controller as Incredibuild is not installed on this machine.
[2019.11.16-05.57.39:067][  0]LogShaderCompilers: Cannot use XGE Shader Compiler as Incredibuild is not installed on this machine.
[2019.11.16-05.57.39:067][  0]LogShaderCompilers: Display: Using Local Shader Compiler.
[2019.11.16-05.57.39:587][  0]LogDerivedDataCache: Display: Max Cache Size: 512 MB
[2019.11.16-05.57.39:641][  0]LogDerivedDataCache: Loaded boot cache 0.05s 95MB C:/Users/Elton/AppData/Local/UnrealEngine/4.24/DerivedDataCache/Boot.ddc.
[2019.11.16-05.57.39:641][  0]LogDerivedDataCache: Display: Loaded Boot cache: C:/Users/Elton/AppData/Local/UnrealEngine/4.24/DerivedDataCache/Boot.ddc
[2019.11.16-05.57.39:641][  0]LogDerivedDataCache: FDerivedDataBackendGraph:  Pak pak cache file ../../../../LostInSpace/LostInSpace/DerivedDataCache/DDC.ddp not found, will not use a pak cache.
[2019.11.16-05.57.39:641][  0]LogDerivedDataCache: Unable to find inner node Pak for hierarchical cache Hierarchy.
[2019.11.16-05.57.39:641][  0]LogDerivedDataCache: FDerivedDataBackendGraph:  CompressedPak pak cache file ../../../../LostInSpace/LostInSpace/DerivedDataCache/Compressed.ddp not found, will not use a pak cache.
[2019.11.16-05.57.39:641][  0]LogDerivedDataCache: Unable to find inner node CompressedPak for hierarchical cache Hierarchy.
[2019.11.16-05.57.39:649][  0]LogDerivedDataCache: Display: Pak cache opened for reading ../../../Engine/DerivedDataCache/Compressed.ddp.
[2019.11.16-05.57.39:649][  0]LogDerivedDataCache: FDerivedDataBackendGraph:  EnterprisePak pak cache file ../../../Enterprise/DerivedDataCache/Compressed.ddp not found, will not use a pak cache.
[2019.11.16-05.57.39:649][  0]LogDerivedDataCache: Unable to find inner node EnterprisePak for hierarchical cache Hierarchy.
[2019.11.16-05.57.39:650][  0]LogDerivedDataCache: Using Local data cache path C:/Users/Elton/AppData/Local/UnrealEngine/Common/DerivedDataCache: Writable
[2019.11.16-05.57.39:650][  0]LogDerivedDataCache: Shared data cache path not found in *engine.ini, will not use an Shared cache.
[2019.11.16-05.57.39:650][  0]LogDerivedDataCache: Unable to find inner node Shared for hierarchical cache Hierarchy.
[2019.11.16-05.57.39:670][  0]LogMaterial: Verifying Global Shaders for PCD3D_SM5
[2019.11.16-05.57.39:672][  0]LogSlate: Using FreeType 2.10.0
[2019.11.16-05.57.39:672][  0]LogSlate: SlateFontServices - WITH_FREETYPE: 1, WITH_HARFBUZZ: 1
[2019.11.16-05.57.39:706][  0]LogAssetRegistry: FAssetRegistry took 0.0016 seconds to start up
[2019.11.16-05.57.39:917][  0]LogInit: Selected Device Profile: [Windows]
[2019.11.16-05.57.40:025][  0]LogMeshReduction: Using QuadricMeshReduction for automatic static mesh reduction
[2019.11.16-05.57.40:025][  0]LogMeshReduction: Using SimplygonMeshReduction for automatic skeletal mesh reduction
[2019.11.16-05.57.40:025][  0]LogMeshReduction: Using ProxyLODMeshReduction for automatic mesh merging
[2019.11.16-05.57.40:026][  0]LogMeshReduction: No distributed automatic mesh merging module available
[2019.11.16-05.57.40:026][  0]LogMeshMerging: No distributed automatic mesh merging module available
[2019.11.16-05.57.40:035][  0]LogNetVersion: LostInSpace 1.0.0, NetCL: 10091930, EngineNetVer: 13, GameNetVer: 0 (Checksum: 2230324544)
[2019.11.16-05.57.40:727][  0]LogPackageLocalizationCache: Processed 11 localized package path(s) for 1 prioritized culture(s) in 0.034585 seconds
[2019.11.16-05.57.40:732][  0]LogUObjectArray: 46734 objects as part of root set at end of initial load.
[2019.11.16-05.57.40:732][  0]LogUObjectAllocator: 8134904 out of 0 bytes used by permanent object pool.
[2019.11.16-05.57.40:732][  0]LogUObjectArray: CloseDisregardForGC: 0/0 objects in disregard for GC pool
[2019.11.16-05.57.40:997][  0]LogTcpMessaging: Initializing TcpMessaging bridge
[2019.11.16-05.57.40:998][  0]LogUdpMessaging: Initializing bridge on interface 0.0.0.0:0 to multicast group 230.0.0.1:6666.
[2019.11.16-05.57.41:031][  0]SourceControl: Source control is disabled
[2019.11.16-05.57.41:031][  0]SourceControl: Source control is disabled
[2019.11.16-05.57.41:032][  0]SourceControl: Source control is disabled
[2019.11.16-05.57.41:032][  0]SourceControl: Source control is disabled
[2019.11.16-05.57.41:033][  0]SourceControl: Source control is disabled
[2019.11.16-05.57.41:108][  0]LogAndroidPermission: UAndroidPermissionCallbackProxy::GetInstance
[2019.11.16-05.57.41:115][  0]LogAudioCaptureCore: Display: No Audio Capture implementations found. Audio input will be silent.
[2019.11.16-05.57.41:115][  0]LogAudioCaptureCore: Display: No Audio Capture implementations found. Audio input will be silent.
[2019.11.16-05.57.41:173][  0]LogOcInput: OculusInput pre-init called
[2019.11.16-05.57.41:177][  0]LogWindows: Failed to load 'OVRPlugin.dll' (GetLastError=126)
[2019.11.16-05.57.41:177][  0]LogWindows: File 'OVRPlugin.dll' does not exist
[2019.11.16-05.57.41:562][  0]LogEngine: Initializing Engine...
[2019.11.16-05.57.41:562][  0]LogHMD: Failed to initialize OpenVR with code 110
[2019.11.16-05.57.41:563][  0]LogStats: UGameplayTagsManager::InitializeManager -  0.000 s
[2019.11.16-05.57.41:801][  0]LogInit: Initializing FReadOnlyCVARCache
[2019.11.16-05.57.41:805][  0]LogAIModule: Creating AISystem for world Untitled
[2019.11.16-05.57.41:821][  0]LogAudioMixer: Display: Audio Mixer Platform Settings:
[2019.11.16-05.57.41:821][  0]LogAudioMixer: Display: 	Sample Rate:						  48000
[2019.11.16-05.57.41:821][  0]LogAudioMixer: Display: 	Callback Buffer Frame Size Requested: 1024
[2019.11.16-05.57.41:821][  0]LogAudioMixer: Display: 	Callback Buffer Frame Size To Use:	  1024
[2019.11.16-05.57.41:821][  0]LogAudioMixer: Display: 	Number of buffers to queue:			  2
[2019.11.16-05.57.41:821][  0]LogAudioMixer: Display: 	Max Channels (voices):				  32
[2019.11.16-05.57.41:821][  0]LogAudioMixer: Display: 	Number of Async Source Workers:		  0
[2019.11.16-05.57.41:821][  0]LogAudio: Display: AudioDevice MaxSources: 32
[2019.11.16-05.57.41:821][  0]LogAudio: Display: Using built-in audio occlusion.
[2019.11.16-05.57.41:821][  0]LogAudioMixer: Display: Initializing audio mixer.
[2019.11.16-05.57.41:921][  0]LogAudioMixer: Display: Audio Device Output Speaker Info:
[2019.11.16-05.57.41:921][  0]LogAudioMixer: Display: Name: EB321HQU-8 (NVIDIA High Definition Audio)
[2019.11.16-05.57.41:921][  0]LogAudioMixer: Display: Is Default: Yes
[2019.11.16-05.57.41:921][  0]LogAudioMixer: Display: Sample Rate: 48000
[2019.11.16-05.57.41:921][  0]LogAudioMixer: Display: Channel Count Used: 2
[2019.11.16-05.57.41:921][  0]LogAudioMixer: Display: Device Channel Count: 2
[2019.11.16-05.57.41:921][  0]LogAudioMixer: Display: Channel Order:
[2019.11.16-05.57.41:921][  0]LogAudioMixer: Display: 0: FrontLeft
[2019.11.16-05.57.41:921][  0]LogAudioMixer: Display: 1: FrontRight
[2019.11.16-05.57.41:954][  0]LogAudioMixer: Display: Using Audio Device EB321HQU-8 (NVIDIA High Definition Audio)
[2019.11.16-05.57.41:958][  0]LogInit: FAudioDevice initialized.
[2019.11.16-05.57.41:958][  0]LogNetVersion: Set ProjectVersion to 1.0.0.0. Version Checksum will be recalculated on next use.
[2019.11.16-05.57.42:024][  0]LogDerivedDataCache: Saved boot cache 0.07s 94MB C:/Users/Elton/AppData/Local/UnrealEngine/4.24/DerivedDataCache/Boot.ddc.
[2019.11.16-05.57.42:029][  0]LogInit: Texture streaming: Enabled
[2019.11.16-05.57.42:034][  0]LogEngineSessionManager: EngineSessionManager initialized
[2019.11.16-05.57.42:034][  0]LogEditorSessionSummary: Verbose: Initializing EditorSessionSummaryWriter for editor session tracking
[2019.11.16-05.57.42:036][  0]LogEditorSessionSummary: EditorSessionSummaryWriter initialized
[2019.11.16-05.57.42:068][  0]LogInit: Transaction tracking system initialized
[2019.11.16-05.57.42:074][  0]BlueprintLog: New page: Editor Load
[2019.11.16-05.57.42:093][  0]LocalizationService: Localization service is disabled
[2019.11.16-05.57.42:303][  0]LogFileCache: Scanning file cache for directory 'D:/LostInSpace/LostInSpace/Content/' took 0.00s
[2019.11.16-05.57.42:303][  0]LogCook: Display: Max memory allowance for cook 16384mb min free memory 0mb
[2019.11.16-05.57.42:303][  0]LogCook: Display: Mobile HDR setting 1
[2019.11.16-05.57.42:365][  0]SourceControl: Source control is disabled
[2019.11.16-05.57.42:365][  0]Cmd: MAP LOAD FILE="../../../Engine/Content/Maps/Templates/Template_Default.umap" TEMPLATE=1 SHOWPROGRESS=1 FEATURELEVEL=3
[2019.11.16-05.57.42:365][  0]LightingResults: New page: Lighting Build
[2019.11.16-05.57.42:366][  0]LogWorld: UWorld::CleanupWorld for Untitled, bSessionEnded=true, bCleanupResources=true
[2019.11.16-05.57.42:366][  0]LogSlate: InvalidateAllWidgets triggered.  All widgets were invalidated
[2019.11.16-05.57.42:366][  0]MapCheck: New page: Map Check
[2019.11.16-05.57.42:366][  0]LightingResults: New page: Lighting Build
[2019.11.16-05.57.42:386][  0]LogUObjectHash: Compacting FUObjectHashTables data took   1.36ms
[2019.11.16-05.57.42:438][  0]LogAIModule: Creating AISystem for world Untitled_1
[2019.11.16-05.57.42:440][  0]LogEditorServer: Finished looking for orphan Actors (0.000 secs)
[2019.11.16-05.57.42:461][  0]LogUObjectHash: Compacting FUObjectHashTables data took   1.48ms
[2019.11.16-05.57.42:461][  0]Cmd: MAP CHECKDEP NOCLEARLOG
[2019.11.16-05.57.42:461][  0]MapCheck: Map check complete: 0 Error(s), 0 Warning(s), took 0.075ms to complete.
[2019.11.16-05.57.42:461][  0]LogFileHelpers: Loading map 'Template_Default' took 0.095
[2019.11.16-05.57.42:609][  0]LogSlate: Updating window title bar state: overlay mode, drag disabled, window buttons hidden, title bar hidden
[2019.11.16-05.57.42:614][  0]LogSlate: Updating window title bar state: overlay mode, drag disabled, window buttons hidden, title bar hidden
[2019.11.16-05.57.42:618][  0]LogSlate: Updating window title bar state: overlay mode, drag disabled, window buttons hidden, title bar hidden
[2019.11.16-05.57.42:624][  0]LogSlate: Updating window title bar state: overlay mode, drag disabled, window buttons hidden, title bar hidden
[2019.11.16-05.57.42:631][  0]LogCollectionManager: Loaded 0 collections in 0.000537 seconds
[2019.11.16-05.57.42:640][  0]LogFileCache: Scanning file cache for directory 'D:/LostInSpace/LostInSpace/Saved/Collections/' took 0.00s
[2019.11.16-05.57.42:640][  0]LogFileCache: Scanning file cache for directory 'D:/LostInSpace/LostInSpace/Content/Developers/Elton/Collections/' took 0.00s
[2019.11.16-05.57.42:640][  0]LogFileCache: Scanning file cache for directory 'D:/LostInSpace/LostInSpace/Content/Collections/' took 0.00s
[2019.11.16-05.57.42:640][  0]LogContentBrowser: Native class hierarchy populated in 0.0066 seconds. Added 3075 classes and 738 folders.
[2019.11.16-05.57.42:642][  0]LogContentBrowser: Native class hierarchy updated for 'WidgetCarousel' in 0.0002 seconds. Added 0 classes and 0 folders.
[2019.11.16-05.57.42:812][  0]LogContentBrowser: Native class hierarchy updated for 'AddContentDialog' in 0.0002 seconds. Added 0 classes and 0 folders.
[2019.11.16-05.57.42:830][  0]LogContentBrowser: Native class hierarchy updated for 'SceneOutliner' in 0.0002 seconds. Added 2 classes and 3 folders.
[2019.11.16-05.57.42:903][  0]LogSlate: Took 0.000108 seconds to synchronously load lazily loaded font '../../../Engine/Content/Slate/Fonts/Roboto-Regular.ttf' (155K)
[2019.11.16-05.57.42:904][  0]LogSlate: Took 0.000085 seconds to synchronously load lazily loaded font '../../../Engine/Content/Slate/Fonts/Roboto-Bold.ttf' (160K)
[2019.11.16-05.57.42:910][  0]LogSlate: Took 0.003287 seconds to synchronously load lazily loaded font '../../../Engine/Content/Editor/Slate/Fonts/FontAwesome.ttf' (139K)
[2019.11.16-05.57.43:004][  0]LogRenderer: Reallocating scene render targets to support 1616x808 Format 10 NumSamples 1 (Frame:1).
[2019.11.16-05.57.43:114][  0]LogContentBrowser: Native class hierarchy updated for 'HierarchicalLODOutliner' in 0.0002 seconds. Added 0 classes and 0 folders.
[2019.11.16-05.57.43:114][  0]LogLoad: (Engine Initialization) Total time: 5.75 seconds
[2019.11.16-05.57.43:114][  0]LogLoad: (Engine Initialization) Total Blueprint compile time: 0.00 seconds
[2019.11.16-05.57.43:143][  0]LogAssetRegistry: Asset discovery search completed in 3.4367 seconds
[2019.11.16-05.57.43:145][  0]LogCollectionManager: Fixed up redirectors for 0 collections in 0.000006 seconds (updated 0 objects)
[2019.11.16-05.57.43:146][  0]LogContentStreaming: Texture pool size now 1000 MB
[2019.11.16-05.58.10:542][251]LogSlate: Took 0.002919 seconds to synchronously load lazily loaded font '../../../Engine/Content/Slate/Fonts/Roboto-Light.ttf' (167K)
[2019.11.16-05.58.17:198][251]LogSlate: Window 'Pick Parent Class' being destroyed
[2019.11.16-05.58.34:371][300]LogAssetEditorSubsystem: Opening Asset editor for Blueprint /Game/Blueprints/GameBlueprint.GameBlueprint
[2019.11.16-05.58.34:515][300]LogContentBrowser: Native class hierarchy updated for 'BlueprintGraph' in 0.0004 seconds. Added 121 classes and 0 folders.
[2019.11.16-05.58.37:754][591]LogRenderer: Reallocating scene render targets to support 1616x1000 Format 10 NumSamples 1 (Frame:281).
[2019.11.16-05.59.24:915][ 27]LogSlate: Prevented a slow task dialog from being summoned while a context menu was open
[2019.11.16-05.59.29:854][591]Cmd: OBJ SAVEPACKAGE PACKAGE="/Game/Blueprints/GameBlueprint" FILE="../../../../LostInSpace/LostInSpace/Content/Blueprints/GameBlueprint.uasset" SILENT=true
[2019.11.16-05.59.29:861][591]LogSavePackage: Moving '../../../../LostInSpace/LostInSpace/Saved/GameBlueprint1514BB5A42FAE7D0EF5333978517E929.tmp' to '../../../../LostInSpace/LostInSpace/Content/Blueprints/GameBlueprint.uasset'
[2019.11.16-05.59.29:875][591]AssetCheck: New page: Asset Save: GameBlueprint
[2019.11.16-05.59.29:875][591]LogContentValidation: Display: Validating Blueprint /Game/Blueprints/GameBlueprint.GameBlueprint
[2019.11.16-05.59.47:323][ 38]LogSlate: Window 'Save Level As' being destroyed
[2019.11.16-05.59.49:709][127]LogSlate: Window 'GameBlueprint' being destroyed
[2019.11.16-05.59.49:712][127]LogSlate: Window 'GameBlueprint' being destroyed
[2019.11.16-05.59.49:726][127]LogWorld: UWorld::CleanupWorld for World_0, bSessionEnded=true, bCleanupResources=true
[2019.11.16-05.59.49:726][127]LogSlate: InvalidateAllWidgets triggered.  All widgets were invalidated
[2019.11.16-05.59.50:303][191]LogUObjectHash: Compacting FUObjectHashTables data took   2.69ms
[2019.11.16-05.59.50:340][191]LogSlate: Window 'LostInSpace - Unreal Editor' being destroyed
[2019.11.16-05.59.50:340][191]LogWindowsTextInputMethodSystem: Display: IME system now deactivated.
[2019.11.16-05.59.50:435][192]Cmd: QUIT_EDITOR
[2019.11.16-05.59.50:435][192]LogCore: Engine exit requested (reason: UUnrealEdEngine::CloseEditor())
[2019.11.16-05.59.50:441][192]LogCore: Engine exit requested (reason: EngineExit() was called; note: exit was already requested)
[2019.11.16-05.59.50:441][192]LogAudioMixer: Display: No commands were queued while flushing the source manager.
[2019.11.16-05.59.50:455][192]LogExit: Preparing to exit.
[2019.11.16-05.59.51:296][192]LogDemo: Cleaned up 0 splitscreen connections with owner deletion
[2019.11.16-05.59.51:310][192]LogWorld: UWorld::CleanupWorld for None, bSessionEnded=true, bCleanupResources=true
[2019.11.16-05.59.51:310][192]LogExit: Editor shut down
[2019.11.16-05.59.51:314][192]LogExit: Transaction tracking system shut down
[2019.11.16-05.59.51:459][192]LogExit: Object subsystem successfully closed.
[2019.11.16-05.59.51:471][192]LogShaderCompilers: Display: Shaders left to compile 0
[2019.11.16-05.59.51:479][192]LogModuleManager: Shutting down and abandoning module BlueprintGraph (708)
[2019.11.16-05.59.51:479][192]LogModuleManager: Shutting down and abandoning module HierarchicalLODOutliner (706)
[2019.11.16-05.59.51:479][192]LogModuleManager: Shutting down and abandoning module SceneOutliner (704)
[2019.11.16-05.59.51:479][192]LogModuleManager: Shutting down and abandoning module AddContentDialog (702)
[2019.11.16-05.59.51:479][192]LogModuleManager: Shutting down and abandoning module WidgetCarousel (701)
[2019.11.16-05.59.51:479][192]LogModuleManager: Shutting down and abandoning module EditorWidgets (698)
[2019.11.16-05.59.51:479][192]LogModuleManager: Shutting down and abandoning module CollectionManager (696)
[2019.11.16-05.59.51:479][192]LogModuleManager: Shutting down and abandoning module HierarchicalLODUtilities (694)
[2019.11.16-05.59.51:479][192]LogModuleManager: Shutting down and abandoning module StatsViewer (692)
[2019.11.16-05.59.51:479][192]LogModuleManager: Shutting down and abandoning module VirtualTexturingEditor (690)
[2019.11.16-05.59.51:479][192]LogModuleManager: Shutting down and abandoning module FoliageEdit (688)
[2019.11.16-05.59.51:479][192]LogModuleManager: Shutting down and abandoning module LandscapeEditor (686)
[2019.11.16-05.59.51:480][192]LogModuleManager: Shutting down and abandoning module MeshPaintMode (684)
[2019.11.16-05.59.51:480][192]LogModuleManager: Shutting down and abandoning module SceneDepthPickerMode (682)
[2019.11.16-05.59.51:480][192]LogModuleManager: Shutting down and abandoning module ActorPickerMode (680)
[2019.11.16-05.59.51:480][192]LogModuleManager: Shutting down and abandoning module GeometryMode (678)
[2019.11.16-05.59.51:480][192]LogModuleManager: Shutting down and abandoning module TextureAlignMode (676)
[2019.11.16-05.59.51:480][192]LogModuleManager: Shutting down and abandoning module BspMode (674)
[2019.11.16-05.59.51:480][192]LogModuleManager: Shutting down and abandoning module PIEPreviewDeviceProfileSelector (672)
[2019.11.16-05.59.51:480][192]LogModuleManager: Shutting down and abandoning module SequenceRecorderSections (670)
[2019.11.16-05.59.51:480][192]LogModuleManager: Shutting down and abandoning module AutomationWorker (668)
[2019.11.16-05.59.51:480][192]LogModuleManager: Shutting down and abandoning module OculusMR (666)
[2019.11.16-05.59.51:480][192]LogModuleManager: Shutting down and abandoning module AudioCaptureEditor (664)
[2019.11.16-05.59.51:480][192]LogModuleManager: Shutting down and abandoning module MatineeToLevelSequence (662)
[2019.11.16-05.59.51:480][192]LogModuleManager: Shutting down and abandoning module LevelSequenceEditor (660)
[2019.11.16-05.59.51:480][192]LogModuleManager: Shutting down and abandoning module PlacementMode (659)
[2019.11.16-05.59.51:480][192]LogModuleManager: Shutting down and abandoning module MaterialEditor (658)
[2019.11.16-05.59.51:480][192]LogModuleManager: Shutting down and abandoning module ActorSequenceEditor (654)
[2019.11.16-05.59.51:480][192]LogModuleManager: Shutting down and abandoning module WmfMediaFactory (652)
[2019.11.16-05.59.51:480][192]LogModuleManager: Shutting down and abandoning module WmfMediaEditor (650)
[2019.11.16-05.59.51:480][192]LogModuleManager: Shutting down and abandoning module WebMMediaFactory (648)
[2019.11.16-05.59.51:480][192]LogModuleManager: Shutting down and abandoning module WebMMediaEditor (646)
[2019.11.16-05.59.51:480][192]LogModuleManager: Shutting down and abandoning module WebMMedia (644)
[2019.11.16-05.59.51:480][192]LogModuleManager: Shutting down and abandoning module MediaPlayerEditor (642)
[2019.11.16-05.59.51:480][192]LogModuleManager: Shutting down and abandoning module MediaCompositingEditor (640)
[2019.11.16-05.59.51:480][192]LogModuleManager: Shutting down and abandoning module SequenceRecorder (639)
[2019.11.16-05.59.51:480][192]LogModuleManager: Shutting down and abandoning module OpenExrWrapper (636)
[2019.11.16-05.59.51:480][192]LogModuleManager: Shutting down and abandoning module ImgMediaFactory (634)
[2019.11.16-05.59.51:480][192]LogModuleManager: Shutting down and abandoning module ImgMediaEditor (632)
[2019.11.16-05.59.51:480][192]LogModuleManager: Shutting down and abandoning module AvfMediaFactory (630)
[2019.11.16-05.59.51:480][192]LogModuleManager: Shutting down and abandoning module AvfMediaEditor (628)
[2019.11.16-05.59.51:480][192]LogModuleManager: Shutting down and abandoning module AndroidMediaFactory (626)
[2019.11.16-05.59.51:480][192]LogModuleManager: Shutting down and abandoning module AndroidMediaEditor (624)
[2019.11.16-05.59.51:480][192]LogModuleManager: Shutting down and abandoning module MagicLeapMediaCodecFactory (622)
[2019.11.16-05.59.51:480][192]LogModuleManager: Shutting down and abandoning module MagicLeapMediaFactory (620)
[2019.11.16-05.59.51:480][192]LogModuleManager: Shutting down and abandoning module MagicLeapMediaEditor (618)
[2019.11.16-05.59.51:480][192]LogModuleManager: Shutting down and abandoning module CharacterAI (616)
[2019.11.16-05.59.51:480][192]LogModuleManager: Shutting down and abandoning module SmartSnapping (614)
[2019.11.16-05.59.51:480][192]LogModuleManager: Shutting down and abandoning module SessionServices (612)
[2019.11.16-05.59.51:480][192]LogModuleManager: Shutting down and abandoning module MeshPaint (610)
[2019.11.16-05.59.51:480][192]LogModuleManager: Shutting down and abandoning module ViewportSnapping (608)
[2019.11.16-05.59.51:480][192]LogModuleManager: Shutting down and abandoning module ViewportInteraction (606)
[2019.11.16-05.59.51:480][192]LogModuleManager: Shutting down and abandoning module ClothPainter (604)
[2019.11.16-05.59.51:480][192]LogModuleManager: Shutting down and abandoning module SkeletalMeshEditor (603)
[2019.11.16-05.59.51:480][192]LogModuleManager: Shutting down and abandoning module LogVisualizer (600)
[2019.11.16-05.59.51:480][192]LogModuleManager: Shutting down and abandoning module IntroTutorials (598)
[2019.11.16-05.59.51:480][192]LogModuleManager: Shutting down and abandoning module GameProjectGeneration (597)
[2019.11.16-05.59.51:480][192]LogModuleManager: Shutting down and abandoning module LuminPlatformEditor (594)
[2019.11.16-05.59.51:480][192]LogModuleManager: Shutting down and abandoning module IOSPlatformEditor (592)
[2019.11.16-05.59.51:480][192]LogModuleManager: Shutting down and abandoning module HTML5PlatformEditor (590)
[2019.11.16-05.59.51:480][192]LogModuleManager: Shutting down and abandoning module AndroidPlatformEditor (588)
[2019.11.16-05.59.51:480][192]LogModuleManager: Shutting down and abandoning module AndroidDeviceDetection (587)
[2019.11.16-05.59.52:190][192]LogModuleManager: Shutting down and abandoning module WindowsPlatformEditor (584)
[2019.11.16-05.59.52:190][192]LogModuleManager: Shutting down and abandoning module LuminRuntimeSettings (582)
[2019.11.16-05.59.52:190][192]LogModuleManager: Shutting down and abandoning module IOSRuntimeSettings (580)
[2019.11.16-05.59.52:190][192]LogModuleManager: Shutting down and abandoning module AndroidRuntimeSettings (578)
[2019.11.16-05.59.52:190][192]LogModuleManager: Shutting down and abandoning module EditorInteractiveToolsFramework (576)
[2019.11.16-05.59.52:190][192]LogModuleManager: Shutting down and abandoning module TimeManagementEditor (574)
[2019.11.16-05.59.52:190][192]LogModuleManager: Shutting down and abandoning module InputBindingEditor (572)
[2019.11.16-05.59.52:190][192]LogModuleManager: Shutting down and abandoning module MergeActors (570)
[2019.11.16-05.59.52:190][192]LogModuleManager: Shutting down and abandoning module LocalizationDashboard (568)
[2019.11.16-05.59.52:190][192]LogModuleManager: Shutting down and abandoning module LocalizationService (567)
[2019.11.16-05.59.52:190][192]LogModuleManager: Shutting down and abandoning module HardwareTargeting (564)
[2019.11.16-05.59.52:190][192]LogModuleManager: Shutting down and abandoning module DeviceProfileEditor (562)
[2019.11.16-05.59.52:190][192]LogModuleManager: Shutting down and abandoning module UndoHistory (560)
[2019.11.16-05.59.52:190][192]LogModuleManager: Shutting down and abandoning module XmlParser (558)
[2019.11.16-05.59.52:190][192]LogModuleManager: Shutting down and abandoning module Blutility (556)
[2019.11.16-05.59.52:190][192]LogModuleManager: Shutting down and abandoning module ProjectSettingsViewer (554)
[2019.11.16-05.59.52:190][192]LogModuleManager: Shutting down and abandoning module ProjectTargetPlatformEditor (553)
[2019.11.16-05.59.52:190][192]LogModuleManager: Shutting down and abandoning module EditorSettingsViewer (550)
[2019.11.16-05.59.52:190][192]LogModuleManager: Shutting down and abandoning module SettingsEditor (548)
[2019.11.16-05.59.52:190][192]LogModuleManager: Shutting down and abandoning module ProjectLauncher (546)
[2019.11.16-05.59.52:190][192]LogModuleManager: Shutting down and abandoning module SessionFrontend (544)
[2019.11.16-05.59.52:191][192]LogModuleManager: Shutting down and abandoning module ProfilerClient (542)
[2019.11.16-05.59.52:191][192]LogModuleManager: Shutting down and abandoning module DeviceManager (540)
[2019.11.16-05.59.52:191][192]LogModuleManager: Shutting down and abandoning module TargetDeviceServices (539)
[2019.11.16-05.59.52:224][192]LogModuleManager: Shutting down and abandoning module AutomationController (536)
[2019.11.16-05.59.52:224][192]LogModuleManager: Shutting down and abandoning module AutomationWindow (534)
[2019.11.16-05.59.52:224][192]LogModuleManager: Shutting down and abandoning module Layers (532)
[2019.11.16-05.59.52:224][192]LogModuleManager: Shutting down and abandoning module ComponentVisualizers (530)
[2019.11.16-05.59.52:224][192]LogModuleManager: Shutting down and abandoning module DetailCustomizations (528)
[2019.11.16-05.59.52:224][192]LogModuleManager: Shutting down and abandoning module PackagesDialog (526)
[2019.11.16-05.59.52:224][192]LogModuleManager: Shutting down and abandoning module AnimationBlueprintEditor (524)
[2019.11.16-05.59.52:224][192]LogModuleManager: Shutting down and abandoning module Persona (522)
[2019.11.16-05.59.52:224][192]LogModuleManager: Shutting down and abandoning module AdvancedPreviewScene (521)
[2019.11.16-05.59.52:224][192]LogModuleManager: Shutting down and abandoning module AnimGraph (519)
[2019.11.16-05.59.52:224][192]LogModuleManager: Shutting down and abandoning module Kismet (516)
[2019.11.16-05.59.52:227][192]LogModuleManager: Shutting down and abandoning module KismetWidgets (515)
[2019.11.16-05.59.52:227][192]LogModuleManager: Shutting down and abandoning module GraphEditor (512)
[2019.11.16-05.59.52:227][192]LogModuleManager: Shutting down and abandoning module StructViewer (510)
[2019.11.16-05.59.52:227][192]LogModuleManager: Shutting down and abandoning module ClassViewer (508)
[2019.11.16-05.59.52:228][192]LogModuleManager: Shutting down and abandoning module Toolbox (506)
[2019.11.16-05.59.52:228][192]LogModuleManager: Shutting down and abandoning module ModuleUI (504)
[2019.11.16-05.59.52:228][192]LogModuleManager: Shutting down and abandoning module OutputLog (502)
[2019.11.16-05.59.52:228][192]LogModuleManager: Shutting down and abandoning module GammaUI (500)
[2019.11.16-05.59.52:228][192]LogModuleManager: Shutting down and abandoning module Documentation (498)
[2019.11.16-05.59.52:228][192]LogModuleManager: Shutting down and abandoning module ToolMenus (496)
[2019.11.16-05.59.52:228][192]LogModuleManager: Shutting down and abandoning module LiveCoding (494)
[2019.11.16-05.59.52:228][192]LogModuleManager: Shutting down and abandoning module LevelSequence (492)
[2019.11.16-05.59.52:228][192]LogModuleManager: Shutting down and abandoning module MovieSceneTracks (490)
[2019.11.16-05.59.52:228][192]LogModuleManager: Shutting down and abandoning module MovieScene (488)
[2019.11.16-05.59.52:228][192]LogModuleManager: Shutting down and abandoning module StreamingPauseRendering (486)
[2019.11.16-05.59.52:228][192]LogModuleManager: Shutting down and abandoning module LauncherPlatform (484)
[2019.11.16-05.59.52:228][192]LogModuleManager: Shutting down and abandoning module AnalyticsET (482)
[2019.11.16-05.59.52:228][192]LogModuleManager: Shutting down and abandoning module PortalServices (480)
[2019.11.16-05.59.52:228][192]LogModuleManager: Shutting down and abandoning module PortalRpc (478)
[2019.11.16-05.59.52:228][192]LogModuleManager: Shutting down and abandoning module MessagingRpc (476)
[2019.11.16-05.59.52:228][192]LogModuleManager: Shutting down and abandoning module AudioMixerXAudio2 (474)
[2019.11.16-05.59.52:228][192]LogModuleManager: Shutting down and abandoning module AIModule (472)
[2019.11.16-05.59.52:228][192]LogModuleManager: Shutting down and abandoning module GameplayDebugger (471)
[2019.11.16-05.59.52:228][192]LogModuleManager: Shutting down and abandoning module AITestSuite (469)
[2019.11.16-05.59.52:228][192]LogModuleManager: Shutting down and abandoning module NavigationSystem (467)
[2019.11.16-05.59.52:228][192]LogModuleManager: Shutting down and abandoning module ImageWriteQueue (464)
[2019.11.16-05.59.52:230][192]LogModuleManager: Shutting down and abandoning module ProfilerService (462)
[2019.11.16-05.59.52:311][192]LogModuleManager: Shutting down and abandoning module TaskGraph (460)
[2019.11.16-05.59.52:311][192]LogModuleManager: Shutting down and abandoning module ScreenshotTools (458)
[2019.11.16-05.59.52:311][192]LogModuleManager: Shutting down and abandoning module SteamVREditor (456)
[2019.11.16-05.59.52:311][192]LogModuleManager: Shutting down and abandoning module ProceduralMeshComponentEditor (454)
[2019.11.16-05.59.52:311][192]LogModuleManager: Shutting down and abandoning module ProceduralMeshComponent (452)
[2019.11.16-05.59.52:311][192]LogModuleManager: Shutting down and abandoning module OculusEditor (450)
[2019.11.16-05.59.52:311][192]LogModuleManager: Shutting down and abandoning module OculusInput (448)
[2019.11.16-05.59.52:311][192]LogModuleManager: Shutting down and abandoning module MobilePatchingUtils (446)
[2019.11.16-05.59.52:311][192]LogModuleManager: Shutting down and abandoning module EditableMesh (444)
[2019.11.16-05.59.52:311][192]LogModuleManager: Shutting down and abandoning module CustomMeshComponent (442)
[2019.11.16-05.59.52:311][192]LogModuleManager: Shutting down and abandoning module CableComponent (440)
[2019.11.16-05.59.52:311][192]LogModuleManager: Shutting down and abandoning module AudioCapture (438)
[2019.11.16-05.59.52:311][192]LogModuleManager: Shutting down and abandoning module AssetTags (436)
[2019.11.16-05.59.52:311][192]LogModuleManager: Shutting down and abandoning module ArchVisCharacter (434)
[2019.11.16-05.59.52:311][192]LogModuleManager: Shutting down and abandoning module AppleImageUtilsBlueprintSupport (432)
[2019.11.16-05.59.52:311][192]LogModuleManager: Shutting down and abandoning module AppleImageUtils (430)
[2019.11.16-05.59.52:311][192]LogModuleManager: Shutting down and abandoning module AndroidPermission (428)
[2019.11.16-05.59.52:311][192]LogModuleManager: Shutting down and abandoning module NUTUnrealEngine4 (426)
[2019.11.16-05.59.52:311][192]LogModuleManager: Shutting down and abandoning module NetcodeUnitTest (424)
[2019.11.16-05.59.52:311][192]LogModuleManager: Shutting down and abandoning module MediaCompositing (422)
[2019.11.16-05.59.52:311][192]LogModuleManager: Shutting down and abandoning module ImgMedia (420)
[2019.11.16-05.59.52:311][192]LogModuleManager: Shutting down and abandoning module MagicLeapHelperVulkan (418)
[2019.11.16-05.59.52:311][192]LogModuleManager: Shutting down and abandoning module MagicLeapHelperOpenGL (416)
[2019.11.16-05.59.52:311][192]LogModuleManager: Shutting down and abandoning module MagicLeapAudio (414)
[2019.11.16-05.59.52:311][192]LogModuleManager: Shutting down and abandoning module GeometryCacheTracks (412)
[2019.11.16-05.59.52:311][192]LogModuleManager: Shutting down and abandoning module GeometryCacheSequencer (410)
[2019.11.16-05.59.52:311][192]LogModuleManager: Shutting down and abandoning module DataprepLibraries (408)
[2019.11.16-05.59.52:311][192]LogModuleManager: Shutting down and abandoning module DataprepCore (406)
[2019.11.16-05.59.52:311][192]LogModuleManager: Shutting down and abandoning module DataprepEditor (404)
[2019.11.16-05.59.52:311][192]LogModuleManager: Shutting down and abandoning module BackChannel (402)
[2019.11.16-05.59.52:311][192]LogModuleManager: Shutting down and abandoning module AutomationUtilsEditor (400)
[2019.11.16-05.59.52:311][192]LogModuleManager: Shutting down and abandoning module AutomationUtils (398)
[2019.11.16-05.59.52:311][192]LogModuleManager: Shutting down and abandoning module AlembicImporter (396)
[2019.11.16-05.59.52:312][192]LogModuleManager: Shutting down and abandoning module AlembicLibrary (395)
[2019.11.16-05.59.52:312][192]LogModuleManager: Shutting down and abandoning module GeometryCache (394)
[2019.11.16-05.59.52:312][192]LogModuleManager: Shutting down and abandoning module GeometryCacheEd (393)
[2019.11.16-05.59.52:312][192]LogModuleManager: Shutting down and abandoning module VariantManagerContentEditor (388)
[2019.11.16-05.59.52:312][192]LogModuleManager: Shutting down and abandoning module DatasmithContentEditor (386)
[2019.11.16-05.59.52:312][192]LogModuleManager: Shutting down and abandoning module SpeedTreeImporter (384)
[2019.11.16-05.59.52:312][192]LogModuleManager: Shutting down and abandoning module PluginBrowser (382)
[2019.11.16-05.59.52:312][192]LogModuleManager: Shutting down and abandoning module MobileLauncherProfileWizard (380)
[2019.11.16-05.59.52:312][192]LogModuleManager: Shutting down and abandoning module MaterialAnalyzer (378)
[2019.11.16-05.59.52:312][192]LogModuleManager: Shutting down and abandoning module EditorScriptingUtilities (376)
[2019.11.16-05.59.52:312][192]LogModuleManager: Shutting down and abandoning module CurveEditorTools (374)
[2019.11.16-05.59.52:312][192]LogModuleManager: Shutting down and abandoning module CryptoKeysOpenSSL (372)
[2019.11.16-05.59.52:312][192]LogModuleManager: Shutting down and abandoning module CryptoKeys (370)
[2019.11.16-05.59.52:312][192]LogModuleManager: Shutting down and abandoning module VisualStudioSourceCodeAccess (368)
[2019.11.16-05.59.52:312][192]LogModuleManager: Shutting down and abandoning module VisualStudioCodeSourceCodeAccess (366)
[2019.11.16-05.59.52:312][192]LogModuleManager: Shutting down and abandoning module UObjectPlugin (364)
[2019.11.16-05.59.52:312][192]LogModuleManager: Shutting down and abandoning module SubversionSourceControl (362)
[2019.11.16-05.59.52:312][192]LogModuleManager: Shutting down and abandoning module PlasticSourceControl (360)
[2019.11.16-05.59.52:312][192]LogModuleManager: Shutting down and abandoning module PerforceSourceControl (358)
[2019.11.16-05.59.52:312][192]LogModuleManager: Shutting down and abandoning module GitSourceControl (356)
[2019.11.16-05.59.52:312][192]LogModuleManager: Shutting down and abandoning module SourceControl (355)
[2019.11.16-05.59.52:312][192]LogModuleManager: Shutting down and abandoning module CLionSourceCodeAccess (352)
[2019.11.16-05.59.52:312][192]LogModuleManager: Shutting down and abandoning module AnimationSharingEd (350)
[2019.11.16-05.59.52:312][192]LogModuleManager: Shutting down and abandoning module ActorLayerUtilitiesEditor (348)
[2019.11.16-05.59.52:312][192]LogModuleManager: Shutting down and abandoning module ActorLayerUtilities (346)
[2019.11.16-05.59.52:312][192]LogModuleManager: Shutting down and abandoning module LightPropagationVolumeEditor (344)
[2019.11.16-05.59.52:312][192]LogModuleManager: Shutting down and abandoning module PaperTiledImporter (342)
[2019.11.16-05.59.52:312][192]LogModuleManager: Shutting down and abandoning module PaperSpriteSheetImporter (340)
[2019.11.16-05.59.52:312][192]LogModuleManager: Shutting down and abandoning module Paper2DEditor (338)
[2019.11.16-05.59.52:312][192]LogModuleManager: Shutting down and abandoning module SignificanceManager (336)
[2019.11.16-05.59.52:312][192]LogModuleManager: Shutting down and abandoning module RuntimePhysXCooking (334)
[2019.11.16-05.59.52:312][192]LogModuleManager: Shutting down and abandoning module PhysXVehiclesEditor (332)
[2019.11.16-05.59.52:312][192]LogModuleManager: Shutting down and abandoning module LocationServicesBPLibrary (328)
[2019.11.16-05.59.52:312][192]LogModuleManager: Shutting down and abandoning module ActorSequence (326)
[2019.11.16-05.59.52:312][192]LogModuleManager: Shutting down and abandoning module UdpMessaging (324)
[2019.11.16-05.59.52:413][192]LogModuleManager: Shutting down and abandoning module TcpMessaging (322)
[2019.11.16-05.59.52:513][192]LogModuleManager: Shutting down and abandoning module MagicLeapPrivileges (320)
[2019.11.16-05.59.52:513][192]LogModuleManager: Shutting down and abandoning module MagicLeapPlanes (318)
[2019.11.16-05.59.52:513][192]LogMagicLeapPlanes: Planes tracker already destroyed.
[2019.11.16-05.59.52:513][192]LogModuleManager: Shutting down and abandoning module MagicLeapIdentity (316)
[2019.11.16-05.59.52:513][192]LogModuleManager: Shutting down and abandoning module MagicLeapSecureStorage (314)
[2019.11.16-05.59.52:513][192]LogModuleManager: Shutting down and abandoning module MagicLeapImageTracker (312)
[2019.11.16-05.59.52:513][192]LogModuleManager: Shutting down and abandoning module MagicLeapHandTracking (310)
[2019.11.16-05.59.52:513][192]LogModuleManager: Shutting down and abandoning module MagicLeapHandMeshing (308)
[2019.11.16-05.59.52:513][192]LogModuleManager: Shutting down and abandoning module MagicLeapEyeTracker (306)
[2019.11.16-05.59.52:513][192]LogModuleManager: Shutting down and abandoning module MagicLeapController (304)
[2019.11.16-05.59.52:513][192]LogSlate: Slate User Destroyed.  User Index 0, Is Virtual User: 0
[2019.11.16-05.59.52:513][192]LogModuleManager: Shutting down and abandoning module MagicLeapARPin (302)
[2019.11.16-05.59.52:513][192]LogModuleManager: Shutting down and abandoning module MagicLeapAR (300)
[2019.11.16-05.59.52:513][192]LogModuleManager: Shutting down and abandoning module AugmentedReality (299)
[2019.11.16-05.59.52:513][192]LogModuleManager: Shutting down and abandoning module GameplayTagsEditor (296)
[2019.11.16-05.59.52:513][192]LogModuleManager: Shutting down and abandoning module FacialAnimationEditor (294)
[2019.11.16-05.59.52:513][192]LogModuleManager: Shutting down and abandoning module FacialAnimation (292)
[2019.11.16-05.59.52:513][192]LogModuleManager: Shutting down and abandoning module DataValidation (290)
[2019.11.16-05.59.52:513][192]LogModuleManager: Shutting down and abandoning module AssetManagerEditor (288)
[2019.11.16-05.59.52:513][192]LogModuleManager: Shutting down and abandoning module LevelEditor (287)
[2019.11.16-05.59.52:513][192]LogModuleManager: Shutting down and abandoning module PixelInspectorModule (286)
[2019.11.16-05.59.52:513][192]LogModuleManager: Shutting down and abandoning module CommonMenuExtensions (284)
[2019.11.16-05.59.52:513][192]LogModuleManager: Shutting down and abandoning module MainFrame (282)
[2019.11.16-05.59.52:513][192]LogModuleManager: Shutting down and abandoning module HotReload (281)
[2019.11.16-05.59.52:514][192]LogModuleManager: Shutting down and abandoning module ContentBrowser (277)
[2019.11.16-05.59.52:514][192]LogModuleManager: Shutting down and abandoning module TreeMap (275)
[2019.11.16-05.59.52:514][192]LogModuleManager: Shutting down and abandoning module AnimationSharing (272)
[2019.11.16-05.59.52:514][192]LogModuleManager: Shutting down and abandoning module LightPropagationVolumeRuntime (270)
[2019.11.16-05.59.52:514][192]LogModuleManager: Shutting down and abandoning module Paper2D (268)
[2019.11.16-05.59.52:514][192]LogModuleManager: Shutting down and abandoning module WindowsMoviePlayer (266)
[2019.11.16-05.59.52:515][192]LogModuleManager: Shutting down and abandoning module WebMMoviePlayer (264)
[2019.11.16-05.59.52:515][192]LogModuleManager: Shutting down and abandoning module NetworkReplayStreaming (262)
[2019.11.16-05.59.52:515][192]LogModuleManager: Shutting down and abandoning module PacketHandler (260)
[2019.11.16-05.59.52:515][192]LogModuleManager: Shutting down and abandoning module ClothingSystemEditor (258)
[2019.11.16-05.59.52:515][192]LogModuleManager: Shutting down and abandoning module ClothingSystemRuntimeNv (256)
[2019.11.16-05.59.52:515][192]LogModuleManager: Shutting down and abandoning module MediaAssets (254)
[2019.11.16-05.59.52:515][192]LogModuleManager: Shutting down and abandoning module Overlay (252)
[2019.11.16-05.59.52:515][192]LogModuleManager: Shutting down and abandoning module OverlayEditor (251)
[2019.11.16-05.59.52:515][192]LogModuleManager: Shutting down and abandoning module VREditor (248)
[2019.11.16-05.59.52:515][192]LogModuleManager: Shutting down and abandoning module StringTableEditor (246)
[2019.11.16-05.59.52:515][192]LogModuleManager: Shutting down and abandoning module GameplayTasksEditor (244)
[2019.11.16-05.59.52:515][192]LogModuleManager: Shutting down and abandoning module BehaviorTreeEditor (242)
[2019.11.16-05.59.52:515][192]LogModuleManager: Shutting down and abandoning module FunctionalTesting (240)
[2019.11.16-05.59.52:515][192]LogModuleManager: Shutting down and abandoning module CollisionAnalyzer (238)
[2019.11.16-05.59.52:515][192]LogModuleManager: Shutting down and abandoning module WorkspaceMenuStructure (237)
[2019.11.16-05.59.52:516][192]LogModuleManager: Shutting down and abandoning module UMG (234)
[2019.11.16-05.59.52:516][192]LogModuleManager: Shutting down and abandoning module UMGEditor (233)
[2019.11.16-05.59.52:516][192]LogModuleManager: Shutting down and abandoning module MessageLog (231)
[2019.11.16-05.59.52:516][192]LogModuleManager: Shutting down and abandoning module SlateReflector (226)
[2019.11.16-05.59.52:516][192]LogModuleManager: Shutting down and abandoning module Slate (224)
[2019.11.16-05.59.52:516][192]LogModuleManager: Shutting down and abandoning module SlateCore (222)
[2019.11.16-05.59.52:516][192]LogModuleManager: Shutting down and abandoning module LandscapeEditorUtilities (220)
[2019.11.16-05.59.52:516][192]LogModuleManager: Shutting down and abandoning module UnrealEd (218)
[2019.11.16-05.59.52:516][192]LogModuleManager: Shutting down and abandoning module MRMesh (216)
[2019.11.16-05.59.52:516][192]LogModuleManager: Shutting down and abandoning module SourceCodeAccess (214)
[2019.11.16-05.59.52:516][192]LogModuleManager: Shutting down and abandoning module HeadMountedDisplay (212)
[2019.11.16-05.59.52:516][192]LogModuleManager: Shutting down and abandoning module XAudio2 (210)
[2019.11.16-05.59.52:516][192]LogModuleManager: Shutting down and abandoning module Networking (208)
[2019.11.16-05.59.52:516][192]LogModuleManager: Shutting down and abandoning module Core (206)
[2019.11.16-05.59.52:516][192]LogModuleManager: Shutting down and abandoning module MovieSceneTools (204)
[2019.11.16-05.59.52:516][192]LogModuleManager: Shutting down and abandoning module CurveEditor (203)
[2019.11.16-05.59.52:516][192]LogModuleManager: Shutting down and abandoning module Sequencer (201)
[2019.11.16-05.59.52:516][192]LogModuleManager: Shutting down and abandoning module EditorStyle (200)
[2019.11.16-05.59.52:517][192]LogModuleManager: Shutting down and abandoning module KismetCompiler (196)
[2019.11.16-05.59.52:517][192]LogModuleManager: Shutting down and abandoning module MeshUtilities (194)
[2019.11.16-05.59.52:517][192]LogModuleManager: Shutting down and abandoning module MeshMergeUtilities (193)
[2019.11.16-05.59.52:517][192]LogModuleManager: Shutting down and abandoning module MeshReductionInterface (192)
[2019.11.16-05.59.52:517][192]LogModuleManager: Shutting down and abandoning module MeshBoneReduction (191)
[2019.11.16-05.59.52:517][192]LogModuleManager: Shutting down and abandoning module SkeletalMeshReduction (189)
[2019.11.16-05.59.52:517][192]LogModuleManager: Shutting down and abandoning module ProxyLODMeshReduction (187)
[2019.11.16-05.59.52:517][192]LogModuleManager: Shutting down and abandoning module QuadricMeshReduction (185)
[2019.11.16-05.59.52:517][192]LogModuleManager: Shutting down and abandoning module MaterialBaking (181)
[2019.11.16-05.59.52:517][192]LogModuleManager: Shutting down and abandoning module NullInstallBundleManager (176)
[2019.11.16-05.59.52:517][192]LogModuleManager: Shutting down and abandoning module DerivedDataCache (174)
[2019.11.16-05.59.52:517][192]LogDerivedDataCache: Shutdown
[2019.11.16-05.59.52:517][192]LogModuleManager: Shutting down and abandoning module XGEController (172)
[2019.11.16-05.59.52:517][192]LogModuleManager: Shutting down and abandoning module TargetPlatform (170)
[2019.11.16-05.59.52:517][192]LogModuleManager: Shutting down and abandoning module VulkanShaderFormat (169)
[2019.11.16-05.59.52:517][192]LogModuleManager: Shutting down and abandoning module ShaderFormatVectorVM (167)
[2019.11.16-05.59.52:517][192]LogModuleManager: Shutting down and abandoning module ShaderFormatOpenGL (165)
[2019.11.16-05.59.52:517][192]LogModuleManager: Shutting down and abandoning module ShaderFormatD3D (163)
[2019.11.16-05.59.52:517][192]LogModuleManager: Shutting down and abandoning module MetalShaderFormat (161)
[2019.11.16-05.59.52:517][192]LogModuleManager: Shutting down and abandoning module TextureFormatUncompressed (159)
[2019.11.16-05.59.52:517][192]LogModuleManager: Shutting down and abandoning module TextureFormatPVR (157)
[2019.11.16-05.59.52:517][192]LogModuleManager: Shutting down and abandoning module TextureFormatDXT (155)
[2019.11.16-05.59.52:517][192]LogModuleManager: Shutting down and abandoning module TextureFormatIntelISPCTexComp (153)
[2019.11.16-05.59.52:517][192]LogModuleManager: Shutting down and abandoning module TextureFormatASTC (151)
[2019.11.16-05.59.52:517][192]LogModuleManager: Shutting down and abandoning module ImageWrapper (150)
[2019.11.16-05.59.52:517][192]LogModuleManager: Shutting down and abandoning module TextureFormatAndroid (147)
[2019.11.16-05.59.52:517][192]LogModuleManager: Shutting down and abandoning module AudioFormatOpus (145)
[2019.11.16-05.59.52:517][192]LogModuleManager: Shutting down and abandoning module AudioFormatOgg (143)
[2019.11.16-05.59.52:517][192]LogModuleManager: Shutting down and abandoning module AudioFormatADPCM (141)
[2019.11.16-05.59.52:517][192]LogModuleManager: Shutting down and abandoning module WindowsServerTargetPlatform (139)
[2019.11.16-05.59.52:517][192]LogModuleManager: Shutting down and abandoning module WindowsClientTargetPlatform (137)
[2019.11.16-05.59.52:517][192]LogModuleManager: Shutting down and abandoning module WindowsTargetPlatform (135)
[2019.11.16-05.59.52:517][192]LogModuleManager: Shutting down and abandoning module WindowsNoEditorTargetPlatform (133)
[2019.11.16-05.59.52:517][192]LogModuleManager: Shutting down and abandoning module TVOSTargetPlatform (131)
[2019.11.16-05.59.52:518][192]LogModuleManager: Shutting down and abandoning module LuminTargetPlatform (129)
[2019.11.16-05.59.52:518][192]LogModuleManager: Shutting down and abandoning module LinuxAArch64ServerTargetPlatform (127)
[2019.11.16-05.59.52:518][192]LogModuleManager: Shutting down and abandoning module LinuxAArch64ClientTargetPlatform (125)
[2019.11.16-05.59.52:518][192]LogModuleManager: Shutting down and abandoning module LinuxAArch64NoEditorTargetPlatform (123)
[2019.11.16-05.59.52:518][192]LogModuleManager: Shutting down and abandoning module LinuxServerTargetPlatform (121)
[2019.11.16-05.59.52:518][192]LogModuleManager: Shutting down and abandoning module LinuxClientTargetPlatform (119)
[2019.11.16-05.59.52:518][192]LogModuleManager: Shutting down and abandoning module LinuxNoEditorTargetPlatform (117)
[2019.11.16-05.59.52:518][192]LogModuleManager: Shutting down and abandoning module Messaging (115)
[2019.11.16-05.59.52:518][192]LogModuleManager: Shutting down and abandoning module IOSTargetPlatform (113)
[2019.11.16-05.59.52:518][192]LogModuleManager: Shutting down and abandoning module AndroidTargetPlatform (111)
[2019.11.16-05.59.52:521][192]LogModuleManager: Shutting down and abandoning module AllDesktopTargetPlatform (109)
[2019.11.16-05.59.52:521][192]LogModuleManager: Shutting down and abandoning module InputCore (106)
[2019.11.16-05.59.52:521][192]LogModuleManager: Shutting down and abandoning module Settings (104)
[2019.11.16-05.59.52:521][192]LogModuleManager: Shutting down and abandoning module DirectoryWatcher (102)
[2019.11.16-05.59.52:521][192]LogModuleManager: Shutting down and abandoning module PhysXCooking (100)
[2019.11.16-05.59.52:522][192]LogModuleManager: Shutting down and abandoning module ChaosSolvers (98)
[2019.11.16-05.59.52:522][192]LogModuleManager: Shutting down and abandoning module FieldSystemEngine (97)
[2019.11.16-05.59.52:522][192]LogModuleManager: Shutting down and abandoning module Chaos (94)
[2019.11.16-05.59.52:522][192]LogModuleManager: Shutting down and abandoning module WindowsPlatformFeatures (92)
[2019.11.16-05.59.52:522][192]LogModuleManager: Shutting down and abandoning module GameplayMediaEncoder (91)
[2019.11.16-05.59.52:522][192]LogModuleManager: Shutting down and abandoning module SteamVRInputDevice (88)
[2019.11.16-05.59.52:522][192]LogModuleManager: Shutting down and abandoning module SteamVRInput (86)
[2019.11.16-05.59.52:522][192]LogModuleManager: Shutting down and abandoning module SteamVR (84)
[2019.11.16-05.59.52:522][192]LogHMD: Freeing OpenVRDLLHandle.
[2019.11.16-05.59.52:522][192]LogModuleManager: Shutting down and abandoning module OculusHMD (82)
[2019.11.16-05.59.52:522][192]LogModuleManager: Shutting down and abandoning module ExampleDeviceProfileSelector (80)
[2019.11.16-05.59.52:522][192]LogModuleManager: Shutting down and abandoning module LauncherChunkInstaller (78)
[2019.11.16-05.59.52:522][192]LogModuleManager: Shutting down and abandoning module OnlineBlueprintSupport (76)
[2019.11.16-05.59.52:522][192]LogModuleManager: Shutting down and abandoning module OnlineSubsystem (72)
[2019.11.16-05.59.52:522][192]LogModuleManager: Shutting down and abandoning module XMPP (67)
[2019.11.16-05.59.52:522][192]LogModuleManager: Shutting down and abandoning module WebSockets (66)
[2019.11.16-05.59.52:536][192]LogModuleManager: Shutting down and abandoning module HTTP (63)
[2019.11.16-05.59.52:536][192]LogHttp: Display: Http module shutting down, but needs to wait on 1 outstanding Http requests:
[2019.11.16-05.59.52:536][192]LogHttp: Display: 	verb=[POST] url=[https://datarouter.ol.epicgames.com/datarouter/api/v1/public/data?SessionID=%7BCD808DD3-4B1D-B67D-559D-74A3FFCEB109%7D&AppID=UEEditor.Rocket.Release&AppVersion=4.24.0-10091930%2B%2B%2BUE4%2BRelease-4.24&UserID=85e069f6497f153c0e7d718f14584da2%7C1af87d38b267491792c718c42549de78%7C384696d1-3428-403c-bf05-a7266eabd218&AppEnvironment=datacollector-binary&UploadType=eteventstream] refs=[1] status=Processing
[2019.11.16-05.59.52:557][192]LogModuleManager: Shutting down and abandoning module SSL (62)
[2019.11.16-05.59.52:558][192]LogModuleManager: Shutting down and abandoning module WmfMedia (58)
[2019.11.16-05.59.52:559][192]LogModuleManager: Shutting down and abandoning module Media (57)
[2019.11.16-05.59.52:559][192]LogModuleManager: Shutting down and abandoning module MagicLeap (54)
[2019.11.16-05.59.52:559][192]LogModuleManager: Shutting down and abandoning module VariantManagerContent (52)
[2019.11.16-05.59.52:559][192]LogModuleManager: Shutting down and abandoning module DatasmithContent (50)
[2019.11.16-05.59.52:559][192]LogModuleManager: Shutting down and abandoning module AISupportModule (48)
[2019.11.16-05.59.52:559][192]LogModuleManager: Shutting down and abandoning module DesktopPlatform (46)
[2019.11.16-05.59.52:559][192]LogModuleManager: Shutting down and abandoning module PlatformCryptoOpenSSL (44)
[2019.11.16-05.59.52:559][192]LogModuleManager: Shutting down and abandoning module PlatformCryptoTypes (42)
[2019.11.16-05.59.52:559][192]LogModuleManager: Shutting down and abandoning module PlatformCrypto (40)
[2019.11.16-05.59.52:559][192]LogModuleManager: Shutting down and abandoning module AnimationModifiers (38)
[2019.11.16-05.59.52:559][192]LogModuleManager: Shutting down and abandoning module PropertyEditor (37)
[2019.11.16-05.59.52:559][192]LogModuleManager: Shutting down and abandoning module AudioEditor (34)
[2019.11.16-05.59.52:560][192]LogModuleManager: Shutting down and abandoning module TextureCompressor (32)
[2019.11.16-05.59.52:560][192]LogModuleManager: Shutting down and abandoning module RenderCore (30)
[2019.11.16-05.59.52:560][192]LogModuleManager: Shutting down and abandoning module Landscape (28)
[2019.11.16-05.59.52:560][192]LogModuleManager: Shutting down and abandoning module SlateRHIRenderer (26)
[2019.11.16-05.59.52:561][192]LogModuleManager: Shutting down and abandoning module OpenGLDrv (24)
[2019.11.16-05.59.52:561][192]LogModuleManager: Shutting down and abandoning module D3D11RHI (22)
[2019.11.16-05.59.52:561][192]LogModuleManager: Shutting down and abandoning module AnimGraphRuntime (20)
[2019.11.16-05.59.52:561][192]LogModuleManager: Shutting down and abandoning module Renderer (18)
[2019.11.16-05.59.52:561][192]LogModuleManager: Shutting down and abandoning module Engine (16)
[2019.11.16-05.59.52:561][192]LogModuleManager: Shutting down and abandoning module CoreUObject (14)
[2019.11.16-05.59.52:561][192]LogModuleManager: Shutting down and abandoning module NetworkFile (12)
[2019.11.16-05.59.52:561][192]LogModuleManager: Shutting down and abandoning module CookedIterativeFile (10)
[2019.11.16-05.59.52:561][192]LogModuleManager: Shutting down and abandoning module StreamingFile (8)
[2019.11.16-05.59.52:561][192]LogModuleManager: Shutting down and abandoning module SandboxFile (6)
[2019.11.16-05.59.52:561][192]LogModuleManager: Shutting down and abandoning module PakFile (4)
[2019.11.16-05.59.52:561][192]LogModuleManager: Shutting down and abandoning module RSA (3)
[2019.11.16-05.59.52:562][192]LogD3D11RHI: Shutdown
[2019.11.16-05.59.52:562][192]LogD3D11RHI: CleanupD3DDevice
[2019.11.16-05.59.52:569][192]LogExit: Exiting.
[2019.11.16-05.59.52:575][192]Log file closed, 11/15/19 21:59:52
